2025-11-22 15:13:27,864 - automation_framework.core.logger - INFO - GET https://jsonplaceholder.typicode.com/users - Status: 200
2025-11-22 15:13:27,864 - automation_framework.core.logger - INFO - GET https://jsonplaceholder.typicode.com/users - Status: 200
2025-11-22 15:13:27,864 - automation_framework.core.logger - INFO - GET https://jsonplaceholder.typicode.com/users - Status: 200
2025-11-22 15:13:27,864 - automation_framework.core.logger - INFO - GET https://jsonplaceholder.typicode.com/users - Status: 200
2025-11-22 15:13:27,864 - automation_framework.core.logger - INFO - GET https://jsonplaceholder.typicode.com/users - Status: 200
2025-11-22 15:13:27,864 - automation_framework.core.logger - INFO - GET https://jsonplaceholder.typicode.com/users - Status: 200
2025-11-22 15:13:28,730 - automation_framework.core.logger - INFO - POST https://jsonplaceholder.typicode.com/posts - Status: 201
2025-11-22 15:13:28,730 - automation_framework.core.logger - INFO - POST https://jsonplaceholder.typicode.com/posts - Status: 201
2025-11-22 15:13:28,730 - automation_framework.core.logger - INFO - POST https://jsonplaceholder.typicode.com/posts - Status: 201
2025-11-22 15:13:28,730 - automation_framework.core.logger - INFO - POST https://jsonplaceholder.typicode.com/posts - Status: 201
2025-11-22 15:13:28,730 - automation_framework.core.logger - INFO - POST https://jsonplaceholder.typicode.com/posts - Status: 201
2025-11-22 15:13:28,730 - automation_framework.core.logger - INFO - POST https://jsonplaceholder.typicode.com/posts - Status: 201
2025-11-22 15:13:29,024 - automation_framework.core.logger - INFO - POST https://jsonplaceholder.typicode.com/posts - Status: 201
2025-11-22 15:13:29,024 - automation_framework.core.logger - INFO - POST https://jsonplaceholder.typicode.com/posts - Status: 201
2025-11-22 15:13:29,024 - automation_framework.core.logger - INFO - POST https://jsonplaceholder.typicode.com/posts - Status: 201
2025-11-22 15:13:29,024 - automation_framework.core.logger - INFO - POST https://jsonplaceholder.typicode.com/posts - Status: 201
2025-11-22 15:13:29,024 - automation_framework.core.logger - INFO - POST https://jsonplaceholder.typicode.com/posts - Status: 201
2025-11-22 15:13:29,024 - automation_framework.core.logger - INFO - POST https://jsonplaceholder.typicode.com/posts - Status: 201
2025-11-22 15:13:29,034 - automation_framework.core.logger - INFO - Connected to database: test_db_master.sqlite
2025-11-22 15:13:29,034 - automation_framework.core.logger - INFO - Connected to database: test_db_master.sqlite
2025-11-22 15:13:29,034 - automation_framework.core.logger - INFO - Connected to database: test_db_master.sqlite
2025-11-22 15:13:29,034 - automation_framework.core.logger - INFO - Connected to database: test_db_master.sqlite
2025-11-22 15:13:29,034 - automation_framework.core.logger - INFO - Connected to database: test_db_master.sqlite
2025-11-22 15:13:29,034 - automation_framework.core.logger - INFO - Connected to database: test_db_master.sqlite
2025-11-22 15:13:29,036 - automation_framework.core.logger - INFO - Executed script: /Users/binayakkhanal/PycharmProject/swagLabs/automation_framework/database/schema.sql
2025-11-22 15:13:29,036 - automation_framework.core.logger - INFO - Executed script: /Users/binayakkhanal/PycharmProject/swagLabs/automation_framework/database/schema.sql
2025-11-22 15:13:29,036 - automation_framework.core.logger - INFO - Executed script: /Users/binayakkhanal/PycharmProject/swagLabs/automation_framework/database/schema.sql
2025-11-22 15:13:29,036 - automation_framework.core.logger - INFO - Executed script: /Users/binayakkhanal/PycharmProject/swagLabs/automation_framework/database/schema.sql
2025-11-22 15:13:29,036 - automation_framework.core.logger - INFO - Executed script: /Users/binayakkhanal/PycharmProject/swagLabs/automation_framework/database/schema.sql
2025-11-22 15:13:29,036 - automation_framework.core.logger - INFO - Executed script: /Users/binayakkhanal/PycharmProject/swagLabs/automation_framework/database/schema.sql
2025-11-22 15:13:29,044 - automation_framework.core.logger - INFO - Closed database connection
2025-11-22 15:13:29,044 - automation_framework.core.logger - INFO - Closed database connection
2025-11-22 15:13:29,044 - automation_framework.core.logger - INFO - Closed database connection
2025-11-22 15:13:29,044 - automation_framework.core.logger - INFO - Closed database connection
2025-11-22 15:13:29,044 - automation_framework.core.logger - INFO - Closed database connection
2025-11-22 15:13:29,044 - automation_framework.core.logger - INFO - Closed database connection
2025-11-22 15:13:29,046 - automation_framework.core.logger - INFO - Connected to database: test_db_master.sqlite
2025-11-22 15:13:29,046 - automation_framework.core.logger - INFO - Connected to database: test_db_master.sqlite
2025-11-22 15:13:29,046 - automation_framework.core.logger - INFO - Connected to database: test_db_master.sqlite
2025-11-22 15:13:29,046 - automation_framework.core.logger - INFO - Connected to database: test_db_master.sqlite
2025-11-22 15:13:29,046 - automation_framework.core.logger - INFO - Connected to database: test_db_master.sqlite
2025-11-22 15:13:29,046 - automation_framework.core.logger - INFO - Connected to database: test_db_master.sqlite
2025-11-22 15:13:29,046 - automation_framework.core.logger - INFO - Executed script: /Users/binayakkhanal/PycharmProject/swagLabs/automation_framework/database/schema.sql
2025-11-22 15:13:29,046 - automation_framework.core.logger - INFO - Executed script: /Users/binayakkhanal/PycharmProject/swagLabs/automation_framework/database/schema.sql
2025-11-22 15:13:29,046 - automation_framework.core.logger - INFO - Executed script: /Users/binayakkhanal/PycharmProject/swagLabs/automation_framework/database/schema.sql
2025-11-22 15:13:29,046 - automation_framework.core.logger - INFO - Executed script: /Users/binayakkhanal/PycharmProject/swagLabs/automation_framework/database/schema.sql
2025-11-22 15:13:29,046 - automation_framework.core.logger - INFO - Executed script: /Users/binayakkhanal/PycharmProject/swagLabs/automation_framework/database/schema.sql
2025-11-22 15:13:29,046 - automation_framework.core.logger - INFO - Executed script: /Users/binayakkhanal/PycharmProject/swagLabs/automation_framework/database/schema.sql
2025-11-22 15:13:29,052 - automation_framework.core.logger - INFO - Closed database connection
2025-11-22 15:13:29,052 - automation_framework.core.logger - INFO - Closed database connection
2025-11-22 15:13:29,052 - automation_framework.core.logger - INFO - Closed database connection
2025-11-22 15:13:29,052 - automation_framework.core.logger - INFO - Closed database connection
2025-11-22 15:13:29,052 - automation_framework.core.logger - INFO - Closed database connection
2025-11-22 15:13:29,052 - automation_framework.core.logger - INFO - Closed database connection
2025-11-22 15:13:29,053 - automation_framework.core.logger - INFO - Connected to database: test_db_master.sqlite
2025-11-22 15:13:29,053 - automation_framework.core.logger - INFO - Connected to database: test_db_master.sqlite
2025-11-22 15:13:29,053 - automation_framework.core.logger - INFO - Connected to database: test_db_master.sqlite
2025-11-22 15:13:29,053 - automation_framework.core.logger - INFO - Connected to database: test_db_master.sqlite
2025-11-22 15:13:29,053 - automation_framework.core.logger - INFO - Connected to database: test_db_master.sqlite
2025-11-22 15:13:29,053 - automation_framework.core.logger - INFO - Connected to database: test_db_master.sqlite
2025-11-22 15:13:29,054 - automation_framework.core.logger - INFO - Executed script: /Users/binayakkhanal/PycharmProject/swagLabs/automation_framework/database/schema.sql
2025-11-22 15:13:29,054 - automation_framework.core.logger - INFO - Executed script: /Users/binayakkhanal/PycharmProject/swagLabs/automation_framework/database/schema.sql
2025-11-22 15:13:29,054 - automation_framework.core.logger - INFO - Executed script: /Users/binayakkhanal/PycharmProject/swagLabs/automation_framework/database/schema.sql
2025-11-22 15:13:29,054 - automation_framework.core.logger - INFO - Executed script: /Users/binayakkhanal/PycharmProject/swagLabs/automation_framework/database/schema.sql
2025-11-22 15:13:29,054 - automation_framework.core.logger - INFO - Executed script: /Users/binayakkhanal/PycharmProject/swagLabs/automation_framework/database/schema.sql
2025-11-22 15:13:29,054 - automation_framework.core.logger - INFO - Executed script: /Users/binayakkhanal/PycharmProject/swagLabs/automation_framework/database/schema.sql
2025-11-22 15:13:29,115 - automation_framework.core.logger - INFO - GET https://jsonplaceholder.typicode.com/users - Status: 200
2025-11-22 15:13:29,115 - automation_framework.core.logger - INFO - GET https://jsonplaceholder.typicode.com/users - Status: 200
2025-11-22 15:13:29,115 - automation_framework.core.logger - INFO - GET https://jsonplaceholder.typicode.com/users - Status: 200
2025-11-22 15:13:29,115 - automation_framework.core.logger - INFO - GET https://jsonplaceholder.typicode.com/users - Status: 200
2025-11-22 15:13:29,115 - automation_framework.core.logger - INFO - GET https://jsonplaceholder.typicode.com/users - Status: 200
2025-11-22 15:13:29,115 - automation_framework.core.logger - INFO - GET https://jsonplaceholder.typicode.com/users - Status: 200
2025-11-22 15:13:29,124 - automation_framework.core.logger - INFO - Closed database connection
2025-11-22 15:13:29,124 - automation_framework.core.logger - INFO - Closed database connection
2025-11-22 15:13:29,124 - automation_framework.core.logger - INFO - Closed database connection
2025-11-22 15:13:29,124 - automation_framework.core.logger - INFO - Closed database connection
2025-11-22 15:13:29,124 - automation_framework.core.logger - INFO - Closed database connection
2025-11-22 15:13:29,124 - automation_framework.core.logger - INFO - Closed database connection
2025-11-22 15:13:31,499 - automation_framework.core.logger - INFO - Typed 'standard_user' into element: ('id', 'user-name')
2025-11-22 15:13:31,499 - automation_framework.core.logger - INFO - Typed 'standard_user' into element: ('id', 'user-name')
2025-11-22 15:13:31,499 - automation_framework.core.logger - INFO - Typed 'standard_user' into element: ('id', 'user-name')
2025-11-22 15:13:31,499 - automation_framework.core.logger - INFO - Typed 'standard_user' into element: ('id', 'user-name')
2025-11-22 15:13:31,499 - automation_framework.core.logger - INFO - Typed 'standard_user' into element: ('id', 'user-name')
2025-11-22 15:13:31,499 - automation_framework.core.logger - INFO - Typed 'standard_user' into element: ('id', 'user-name')
2025-11-22 15:13:31,593 - automation_framework.core.logger - INFO - Typed 'secret_sauce' into element: ('id', 'password')
2025-11-22 15:13:31,593 - automation_framework.core.logger - INFO - Typed 'secret_sauce' into element: ('id', 'password')
2025-11-22 15:13:31,593 - automation_framework.core.logger - INFO - Typed 'secret_sauce' into element: ('id', 'password')
2025-11-22 15:13:31,593 - automation_framework.core.logger - INFO - Typed 'secret_sauce' into element: ('id', 'password')
2025-11-22 15:13:31,593 - automation_framework.core.logger - INFO - Typed 'secret_sauce' into element: ('id', 'password')
2025-11-22 15:13:31,593 - automation_framework.core.logger - INFO - Typed 'secret_sauce' into element: ('id', 'password')
2025-11-22 15:13:31,653 - automation_framework.core.logger - INFO - Clicked on element: ('id', 'login-button')
2025-11-22 15:13:31,653 - automation_framework.core.logger - INFO - Clicked on element: ('id', 'login-button')
2025-11-22 15:13:31,653 - automation_framework.core.logger - INFO - Clicked on element: ('id', 'login-button')
2025-11-22 15:13:31,653 - automation_framework.core.logger - INFO - Clicked on element: ('id', 'login-button')
2025-11-22 15:13:31,653 - automation_framework.core.logger - INFO - Clicked on element: ('id', 'login-button')
2025-11-22 15:13:31,653 - automation_framework.core.logger - INFO - Clicked on element: ('id', 'login-button')
2025-11-22 15:13:33,376 - automation_framework.core.logger - INFO - Typed 'locked_out_user' into element: ('id', 'user-name')
2025-11-22 15:13:33,376 - automation_framework.core.logger - INFO - Typed 'locked_out_user' into element: ('id', 'user-name')
2025-11-22 15:13:33,376 - automation_framework.core.logger - INFO - Typed 'locked_out_user' into element: ('id', 'user-name')
2025-11-22 15:13:33,376 - automation_framework.core.logger - INFO - Typed 'locked_out_user' into element: ('id', 'user-name')
2025-11-22 15:13:33,376 - automation_framework.core.logger - INFO - Typed 'locked_out_user' into element: ('id', 'user-name')
2025-11-22 15:13:33,376 - automation_framework.core.logger - INFO - Typed 'locked_out_user' into element: ('id', 'user-name')
2025-11-22 15:13:33,463 - automation_framework.core.logger - INFO - Typed 'secret_sauce' into element: ('id', 'password')
2025-11-22 15:13:33,463 - automation_framework.core.logger - INFO - Typed 'secret_sauce' into element: ('id', 'password')
2025-11-22 15:13:33,463 - automation_framework.core.logger - INFO - Typed 'secret_sauce' into element: ('id', 'password')
2025-11-22 15:13:33,463 - automation_framework.core.logger - INFO - Typed 'secret_sauce' into element: ('id', 'password')
2025-11-22 15:13:33,463 - automation_framework.core.logger - INFO - Typed 'secret_sauce' into element: ('id', 'password')
2025-11-22 15:13:33,463 - automation_framework.core.logger - INFO - Typed 'secret_sauce' into element: ('id', 'password')
2025-11-22 15:13:33,505 - automation_framework.core.logger - INFO - Clicked on element: ('id', 'login-button')
2025-11-22 15:13:33,505 - automation_framework.core.logger - INFO - Clicked on element: ('id', 'login-button')
2025-11-22 15:13:33,505 - automation_framework.core.logger - INFO - Clicked on element: ('id', 'login-button')
2025-11-22 15:13:33,505 - automation_framework.core.logger - INFO - Clicked on element: ('id', 'login-button')
2025-11-22 15:13:33,505 - automation_framework.core.logger - INFO - Clicked on element: ('id', 'login-button')
2025-11-22 15:13:33,505 - automation_framework.core.logger - INFO - Clicked on element: ('id', 'login-button')
2025-11-22 15:13:33,520 - automation_framework.core.logger - INFO - Got text 'Epic sadface: Sorry, this user has been locked out.' from element: ('css selector', "[data-test='error']")
2025-11-22 15:13:33,520 - automation_framework.core.logger - INFO - Got text 'Epic sadface: Sorry, this user has been locked out.' from element: ('css selector', "[data-test='error']")
2025-11-22 15:13:33,520 - automation_framework.core.logger - INFO - Got text 'Epic sadface: Sorry, this user has been locked out.' from element: ('css selector', "[data-test='error']")
2025-11-22 15:13:33,520 - automation_framework.core.logger - INFO - Got text 'Epic sadface: Sorry, this user has been locked out.' from element: ('css selector', "[data-test='error']")
2025-11-22 15:13:33,520 - automation_framework.core.logger - INFO - Got text 'Epic sadface: Sorry, this user has been locked out.' from element: ('css selector', "[data-test='error']")
2025-11-22 15:13:33,520 - automation_framework.core.logger - INFO - Got text 'Epic sadface: Sorry, this user has been locked out.' from element: ('css selector', "[data-test='error']")
2025-11-22 15:13:35,270 - automation_framework.core.logger - INFO - Typed 'problem_user' into element: ('id', 'user-name')
2025-11-22 15:13:35,270 - automation_framework.core.logger - INFO - Typed 'problem_user' into element: ('id', 'user-name')
2025-11-22 15:13:35,270 - automation_framework.core.logger - INFO - Typed 'problem_user' into element: ('id', 'user-name')
2025-11-22 15:13:35,270 - automation_framework.core.logger - INFO - Typed 'problem_user' into element: ('id', 'user-name')
2025-11-22 15:13:35,270 - automation_framework.core.logger - INFO - Typed 'problem_user' into element: ('id', 'user-name')
2025-11-22 15:13:35,270 - automation_framework.core.logger - INFO - Typed 'problem_user' into element: ('id', 'user-name')
2025-11-22 15:13:35,357 - automation_framework.core.logger - INFO - Typed 'secret_sauce' into element: ('id', 'password')
2025-11-22 15:13:35,357 - automation_framework.core.logger - INFO - Typed 'secret_sauce' into element: ('id', 'password')
2025-11-22 15:13:35,357 - automation_framework.core.logger - INFO - Typed 'secret_sauce' into element: ('id', 'password')
2025-11-22 15:13:35,357 - automation_framework.core.logger - INFO - Typed 'secret_sauce' into element: ('id', 'password')
2025-11-22 15:13:35,357 - automation_framework.core.logger - INFO - Typed 'secret_sauce' into element: ('id', 'password')
2025-11-22 15:13:35,357 - automation_framework.core.logger - INFO - Typed 'secret_sauce' into element: ('id', 'password')
2025-11-22 15:13:35,401 - automation_framework.core.logger - INFO - Clicked on element: ('id', 'login-button')
2025-11-22 15:13:35,401 - automation_framework.core.logger - INFO - Clicked on element: ('id', 'login-button')
2025-11-22 15:13:35,401 - automation_framework.core.logger - INFO - Clicked on element: ('id', 'login-button')
2025-11-22 15:13:35,401 - automation_framework.core.logger - INFO - Clicked on element: ('id', 'login-button')
2025-11-22 15:13:35,401 - automation_framework.core.logger - INFO - Clicked on element: ('id', 'login-button')
2025-11-22 15:13:35,401 - automation_framework.core.logger - INFO - Clicked on element: ('id', 'login-button')
2025-11-22 15:13:37,084 - automation_framework.core.logger - INFO - Typed 'performance_glitch_user' into element: ('id', 'user-name')
2025-11-22 15:13:37,084 - automation_framework.core.logger - INFO - Typed 'performance_glitch_user' into element: ('id', 'user-name')
2025-11-22 15:13:37,084 - automation_framework.core.logger - INFO - Typed 'performance_glitch_user' into element: ('id', 'user-name')
2025-11-22 15:13:37,084 - automation_framework.core.logger - INFO - Typed 'performance_glitch_user' into element: ('id', 'user-name')
2025-11-22 15:13:37,084 - automation_framework.core.logger - INFO - Typed 'performance_glitch_user' into element: ('id', 'user-name')
2025-11-22 15:13:37,084 - automation_framework.core.logger - INFO - Typed 'performance_glitch_user' into element: ('id', 'user-name')
2025-11-22 15:13:37,173 - automation_framework.core.logger - INFO - Typed 'secret_sauce' into element: ('id', 'password')
2025-11-22 15:13:37,173 - automation_framework.core.logger - INFO - Typed 'secret_sauce' into element: ('id', 'password')
2025-11-22 15:13:37,173 - automation_framework.core.logger - INFO - Typed 'secret_sauce' into element: ('id', 'password')
2025-11-22 15:13:37,173 - automation_framework.core.logger - INFO - Typed 'secret_sauce' into element: ('id', 'password')
2025-11-22 15:13:37,173 - automation_framework.core.logger - INFO - Typed 'secret_sauce' into element: ('id', 'password')
2025-11-22 15:13:37,173 - automation_framework.core.logger - INFO - Typed 'secret_sauce' into element: ('id', 'password')
2025-11-22 15:13:42,221 - automation_framework.core.logger - INFO - Clicked on element: ('id', 'login-button')
2025-11-22 15:13:42,221 - automation_framework.core.logger - INFO - Clicked on element: ('id', 'login-button')
2025-11-22 15:13:42,221 - automation_framework.core.logger - INFO - Clicked on element: ('id', 'login-button')
2025-11-22 15:13:42,221 - automation_framework.core.logger - INFO - Clicked on element: ('id', 'login-button')
2025-11-22 15:13:42,221 - automation_framework.core.logger - INFO - Clicked on element: ('id', 'login-button')
2025-11-22 15:13:42,221 - automation_framework.core.logger - INFO - Clicked on element: ('id', 'login-button')
2025-11-22 15:13:43,825 - automation_framework.core.logger - INFO - Starting E2E Purchase Test
2025-11-22 15:13:43,825 - automation_framework.core.logger - INFO - Starting E2E Purchase Test
2025-11-22 15:13:43,825 - automation_framework.core.logger - INFO - Starting E2E Purchase Test
2025-11-22 15:13:43,825 - automation_framework.core.logger - INFO - Starting E2E Purchase Test
2025-11-22 15:13:43,825 - automation_framework.core.logger - INFO - Starting E2E Purchase Test
2025-11-22 15:13:43,825 - automation_framework.core.logger - INFO - Starting E2E Purchase Test
2025-11-22 15:13:43,907 - automation_framework.core.logger - INFO - Typed 'standard_user' into element: ('id', 'user-name')
2025-11-22 15:13:43,907 - automation_framework.core.logger - INFO - Typed 'standard_user' into element: ('id', 'user-name')
2025-11-22 15:13:43,907 - automation_framework.core.logger - INFO - Typed 'standard_user' into element: ('id', 'user-name')
2025-11-22 15:13:43,907 - automation_framework.core.logger - INFO - Typed 'standard_user' into element: ('id', 'user-name')
2025-11-22 15:13:43,907 - automation_framework.core.logger - INFO - Typed 'standard_user' into element: ('id', 'user-name')
2025-11-22 15:13:43,907 - automation_framework.core.logger - INFO - Typed 'standard_user' into element: ('id', 'user-name')
2025-11-22 15:13:43,995 - automation_framework.core.logger - INFO - Typed 'secret_sauce' into element: ('id', 'password')
2025-11-22 15:13:43,995 - automation_framework.core.logger - INFO - Typed 'secret_sauce' into element: ('id', 'password')
2025-11-22 15:13:43,995 - automation_framework.core.logger - INFO - Typed 'secret_sauce' into element: ('id', 'password')
2025-11-22 15:13:43,995 - automation_framework.core.logger - INFO - Typed 'secret_sauce' into element: ('id', 'password')
2025-11-22 15:13:43,995 - automation_framework.core.logger - INFO - Typed 'secret_sauce' into element: ('id', 'password')
2025-11-22 15:13:43,995 - automation_framework.core.logger - INFO - Typed 'secret_sauce' into element: ('id', 'password')
2025-11-22 15:13:44,041 - automation_framework.core.logger - INFO - Clicked on element: ('id', 'login-button')
2025-11-22 15:13:44,041 - automation_framework.core.logger - INFO - Clicked on element: ('id', 'login-button')
2025-11-22 15:13:44,041 - automation_framework.core.logger - INFO - Clicked on element: ('id', 'login-button')
2025-11-22 15:13:44,041 - automation_framework.core.logger - INFO - Clicked on element: ('id', 'login-button')
2025-11-22 15:13:44,041 - automation_framework.core.logger - INFO - Clicked on element: ('id', 'login-button')
2025-11-22 15:13:44,041 - automation_framework.core.logger - INFO - Clicked on element: ('id', 'login-button')
2025-11-22 15:13:44,144 - automation_framework.core.logger - INFO - Got text '3' from element: ('class name', 'shopping_cart_badge')
2025-11-22 15:13:44,144 - automation_framework.core.logger - INFO - Got text '3' from element: ('class name', 'shopping_cart_badge')
2025-11-22 15:13:44,144 - automation_framework.core.logger - INFO - Got text '3' from element: ('class name', 'shopping_cart_badge')
2025-11-22 15:13:44,144 - automation_framework.core.logger - INFO - Got text '3' from element: ('class name', 'shopping_cart_badge')
2025-11-22 15:13:44,144 - automation_framework.core.logger - INFO - Got text '3' from element: ('class name', 'shopping_cart_badge')
2025-11-22 15:13:44,144 - automation_framework.core.logger - INFO - Got text '3' from element: ('class name', 'shopping_cart_badge')
2025-11-22 15:13:44,179 - automation_framework.core.logger - INFO - Clicked on element: ('class name', 'shopping_cart_link')
2025-11-22 15:13:44,179 - automation_framework.core.logger - INFO - Clicked on element: ('class name', 'shopping_cart_link')
2025-11-22 15:13:44,179 - automation_framework.core.logger - INFO - Clicked on element: ('class name', 'shopping_cart_link')
2025-11-22 15:13:44,179 - automation_framework.core.logger - INFO - Clicked on element: ('class name', 'shopping_cart_link')
2025-11-22 15:13:44,179 - automation_framework.core.logger - INFO - Clicked on element: ('class name', 'shopping_cart_link')
2025-11-22 15:13:44,179 - automation_framework.core.logger - INFO - Clicked on element: ('class name', 'shopping_cart_link')
2025-11-22 15:13:44,205 - automation_framework.core.logger - INFO - Total price calculated: 67.97
2025-11-22 15:13:44,205 - automation_framework.core.logger - INFO - Total price calculated: 67.97
2025-11-22 15:13:44,205 - automation_framework.core.logger - INFO - Total price calculated: 67.97
2025-11-22 15:13:44,205 - automation_framework.core.logger - INFO - Total price calculated: 67.97
2025-11-22 15:13:44,205 - automation_framework.core.logger - INFO - Total price calculated: 67.97
2025-11-22 15:13:44,205 - automation_framework.core.logger - INFO - Total price calculated: 67.97
2025-11-22 15:13:44,239 - automation_framework.core.logger - INFO - Clicked on element: ('id', 'checkout')
2025-11-22 15:13:44,239 - automation_framework.core.logger - INFO - Clicked on element: ('id', 'checkout')
2025-11-22 15:13:44,239 - automation_framework.core.logger - INFO - Clicked on element: ('id', 'checkout')
2025-11-22 15:13:44,239 - automation_framework.core.logger - INFO - Clicked on element: ('id', 'checkout')
2025-11-22 15:13:44,239 - automation_framework.core.logger - INFO - Clicked on element: ('id', 'checkout')
2025-11-22 15:13:44,239 - automation_framework.core.logger - INFO - Clicked on element: ('id', 'checkout')
2025-11-22 15:13:44,249 - automation_framework.core.logger - INFO - Scrolled to element: ('id', 'first-name')
2025-11-22 15:13:44,249 - automation_framework.core.logger - INFO - Scrolled to element: ('id', 'first-name')
2025-11-22 15:13:44,249 - automation_framework.core.logger - INFO - Scrolled to element: ('id', 'first-name')
2025-11-22 15:13:44,249 - automation_framework.core.logger - INFO - Scrolled to element: ('id', 'first-name')
2025-11-22 15:13:44,249 - automation_framework.core.logger - INFO - Scrolled to element: ('id', 'first-name')
2025-11-22 15:13:44,249 - automation_framework.core.logger - INFO - Scrolled to element: ('id', 'first-name')
2025-11-22 15:13:44,286 - automation_framework.core.logger - INFO - Typed 'John' into element: ('id', 'first-name')
2025-11-22 15:13:44,286 - automation_framework.core.logger - INFO - Typed 'John' into element: ('id', 'first-name')
2025-11-22 15:13:44,286 - automation_framework.core.logger - INFO - Typed 'John' into element: ('id', 'first-name')
2025-11-22 15:13:44,286 - automation_framework.core.logger - INFO - Typed 'John' into element: ('id', 'first-name')
2025-11-22 15:13:44,286 - automation_framework.core.logger - INFO - Typed 'John' into element: ('id', 'first-name')
2025-11-22 15:13:44,286 - automation_framework.core.logger - INFO - Typed 'John' into element: ('id', 'first-name')
2025-11-22 15:13:44,328 - automation_framework.core.logger - INFO - Typed 'Doe' into element: ('id', 'last-name')
2025-11-22 15:13:44,328 - automation_framework.core.logger - INFO - Typed 'Doe' into element: ('id', 'last-name')
2025-11-22 15:13:44,328 - automation_framework.core.logger - INFO - Typed 'Doe' into element: ('id', 'last-name')
2025-11-22 15:13:44,328 - automation_framework.core.logger - INFO - Typed 'Doe' into element: ('id', 'last-name')
2025-11-22 15:13:44,328 - automation_framework.core.logger - INFO - Typed 'Doe' into element: ('id', 'last-name')
2025-11-22 15:13:44,328 - automation_framework.core.logger - INFO - Typed 'Doe' into element: ('id', 'last-name')
2025-11-22 15:13:44,362 - automation_framework.core.logger - INFO - Typed '12345' into element: ('id', 'postal-code')
2025-11-22 15:13:44,362 - automation_framework.core.logger - INFO - Typed '12345' into element: ('id', 'postal-code')
2025-11-22 15:13:44,362 - automation_framework.core.logger - INFO - Typed '12345' into element: ('id', 'postal-code')
2025-11-22 15:13:44,362 - automation_framework.core.logger - INFO - Typed '12345' into element: ('id', 'postal-code')
2025-11-22 15:13:44,362 - automation_framework.core.logger - INFO - Typed '12345' into element: ('id', 'postal-code')
2025-11-22 15:13:44,362 - automation_framework.core.logger - INFO - Typed '12345' into element: ('id', 'postal-code')
2025-11-22 15:13:44,379 - automation_framework.core.logger - INFO - JS Clicked on element: ('id', 'continue')
2025-11-22 15:13:44,379 - automation_framework.core.logger - INFO - JS Clicked on element: ('id', 'continue')
2025-11-22 15:13:44,379 - automation_framework.core.logger - INFO - JS Clicked on element: ('id', 'continue')
2025-11-22 15:13:44,379 - automation_framework.core.logger - INFO - JS Clicked on element: ('id', 'continue')
2025-11-22 15:13:44,379 - automation_framework.core.logger - INFO - JS Clicked on element: ('id', 'continue')
2025-11-22 15:13:44,379 - automation_framework.core.logger - INFO - JS Clicked on element: ('id', 'continue')
2025-11-22 15:13:44,398 - automation_framework.core.logger - INFO - Scrolled to element: ('id', 'finish')
2025-11-22 15:13:44,398 - automation_framework.core.logger - INFO - Scrolled to element: ('id', 'finish')
2025-11-22 15:13:44,398 - automation_framework.core.logger - INFO - Scrolled to element: ('id', 'finish')
2025-11-22 15:13:44,398 - automation_framework.core.logger - INFO - Scrolled to element: ('id', 'finish')
2025-11-22 15:13:44,398 - automation_framework.core.logger - INFO - Scrolled to element: ('id', 'finish')
2025-11-22 15:13:44,398 - automation_framework.core.logger - INFO - Scrolled to element: ('id', 'finish')
2025-11-22 15:13:44,406 - automation_framework.core.logger - INFO - JS Clicked on element: ('id', 'finish')
2025-11-22 15:13:44,406 - automation_framework.core.logger - INFO - JS Clicked on element: ('id', 'finish')
2025-11-22 15:13:44,406 - automation_framework.core.logger - INFO - JS Clicked on element: ('id', 'finish')
2025-11-22 15:13:44,406 - automation_framework.core.logger - INFO - JS Clicked on element: ('id', 'finish')
2025-11-22 15:13:44,406 - automation_framework.core.logger - INFO - JS Clicked on element: ('id', 'finish')
2025-11-22 15:13:44,406 - automation_framework.core.logger - INFO - JS Clicked on element: ('id', 'finish')
2025-11-22 15:13:44,417 - automation_framework.core.logger - INFO - Got text 'Thank you for your order!' from element: ('class name', 'complete-header')
2025-11-22 15:13:44,417 - automation_framework.core.logger - INFO - Got text 'Thank you for your order!' from element: ('class name', 'complete-header')
2025-11-22 15:13:44,417 - automation_framework.core.logger - INFO - Got text 'Thank you for your order!' from element: ('class name', 'complete-header')
2025-11-22 15:13:44,417 - automation_framework.core.logger - INFO - Got text 'Thank you for your order!' from element: ('class name', 'complete-header')
2025-11-22 15:13:44,417 - automation_framework.core.logger - INFO - Got text 'Thank you for your order!' from element: ('class name', 'complete-header')
2025-11-22 15:13:44,417 - automation_framework.core.logger - INFO - Got text 'Thank you for your order!' from element: ('class name', 'complete-header')
2025-11-22 15:13:44,417 - automation_framework.core.logger - INFO - E2E Purchase Test Completed Successfully
2025-11-22 15:13:44,417 - automation_framework.core.logger - INFO - E2E Purchase Test Completed Successfully
2025-11-22 15:13:44,417 - automation_framework.core.logger - INFO - E2E Purchase Test Completed Successfully
2025-11-22 15:13:44,417 - automation_framework.core.logger - INFO - E2E Purchase Test Completed Successfully
2025-11-22 15:13:44,417 - automation_framework.core.logger - INFO - E2E Purchase Test Completed Successfully
2025-11-22 15:13:44,417 - automation_framework.core.logger - INFO - E2E Purchase Test Completed Successfully
