2025-11-22 14:26:05,421 - automation_framework.core.logger - INFO - Starting E2E Purchase Test
2025-11-22 14:26:05,421 - automation_framework.core.logger - INFO - Starting E2E Purchase Test
2025-11-22 14:26:05,421 - automation_framework.core.logger - INFO - Starting E2E Purchase Test
2025-11-22 14:26:05,421 - automation_framework.core.logger - INFO - Starting E2E Purchase Test
2025-11-22 14:26:05,503 - automation_framework.core.logger - INFO - Typed 'standard_user' into element: ('id', 'user-name')
2025-11-22 14:26:05,503 - automation_framework.core.logger - INFO - Typed 'standard_user' into element: ('id', 'user-name')
2025-11-22 14:26:05,503 - automation_framework.core.logger - INFO - Typed 'standard_user' into element: ('id', 'user-name')
2025-11-22 14:26:05,503 - automation_framework.core.logger - INFO - Typed 'standard_user' into element: ('id', 'user-name')
2025-11-22 14:26:05,592 - automation_framework.core.logger - INFO - Typed 'secret_sauce' into element: ('id', 'password')
2025-11-22 14:26:05,592 - automation_framework.core.logger - INFO - Typed 'secret_sauce' into element: ('id', 'password')
2025-11-22 14:26:05,592 - automation_framework.core.logger - INFO - Typed 'secret_sauce' into element: ('id', 'password')
2025-11-22 14:26:05,592 - automation_framework.core.logger - INFO - Typed 'secret_sauce' into element: ('id', 'password')
2025-11-22 14:26:05,641 - automation_framework.core.logger - INFO - Clicked on element: ('id', 'login-button')
2025-11-22 14:26:05,641 - automation_framework.core.logger - INFO - Clicked on element: ('id', 'login-button')
2025-11-22 14:26:05,641 - automation_framework.core.logger - INFO - Clicked on element: ('id', 'login-button')
2025-11-22 14:26:05,641 - automation_framework.core.logger - INFO - Clicked on element: ('id', 'login-button')
2025-11-22 14:26:05,762 - automation_framework.core.logger - INFO - Got text '3' from element: ('class name', 'shopping_cart_badge')
2025-11-22 14:26:05,762 - automation_framework.core.logger - INFO - Got text '3' from element: ('class name', 'shopping_cart_badge')
2025-11-22 14:26:05,762 - automation_framework.core.logger - INFO - Got text '3' from element: ('class name', 'shopping_cart_badge')
2025-11-22 14:26:05,762 - automation_framework.core.logger - INFO - Got text '3' from element: ('class name', 'shopping_cart_badge')
2025-11-22 14:26:05,797 - automation_framework.core.logger - INFO - Clicked on element: ('class name', 'shopping_cart_link')
2025-11-22 14:26:05,797 - automation_framework.core.logger - INFO - Clicked on element: ('class name', 'shopping_cart_link')
2025-11-22 14:26:05,797 - automation_framework.core.logger - INFO - Clicked on element: ('class name', 'shopping_cart_link')
2025-11-22 14:26:05,797 - automation_framework.core.logger - INFO - Clicked on element: ('class name', 'shopping_cart_link')
2025-11-22 14:26:05,834 - automation_framework.core.logger - INFO - Total price calculated: 33.97
2025-11-22 14:26:05,834 - automation_framework.core.logger - INFO - Total price calculated: 33.97
2025-11-22 14:26:05,834 - automation_framework.core.logger - INFO - Total price calculated: 33.97
2025-11-22 14:26:05,834 - automation_framework.core.logger - INFO - Total price calculated: 33.97
2025-11-22 14:26:05,871 - automation_framework.core.logger - INFO - Clicked on element: ('id', 'checkout')
2025-11-22 14:26:05,871 - automation_framework.core.logger - INFO - Clicked on element: ('id', 'checkout')
2025-11-22 14:26:05,871 - automation_framework.core.logger - INFO - Clicked on element: ('id', 'checkout')
2025-11-22 14:26:05,871 - automation_framework.core.logger - INFO - Clicked on element: ('id', 'checkout')
2025-11-22 14:26:05,881 - automation_framework.core.logger - INFO - Scrolled to element: ('id', 'first-name')
2025-11-22 14:26:05,881 - automation_framework.core.logger - INFO - Scrolled to element: ('id', 'first-name')
2025-11-22 14:26:05,881 - automation_framework.core.logger - INFO - Scrolled to element: ('id', 'first-name')
2025-11-22 14:26:05,881 - automation_framework.core.logger - INFO - Scrolled to element: ('id', 'first-name')
2025-11-22 14:26:05,923 - automation_framework.core.logger - INFO - Typed 'John' into element: ('id', 'first-name')
2025-11-22 14:26:05,923 - automation_framework.core.logger - INFO - Typed 'John' into element: ('id', 'first-name')
2025-11-22 14:26:05,923 - automation_framework.core.logger - INFO - Typed 'John' into element: ('id', 'first-name')
2025-11-22 14:26:05,923 - automation_framework.core.logger - INFO - Typed 'John' into element: ('id', 'first-name')
2025-11-22 14:26:05,959 - automation_framework.core.logger - INFO - Typed 'Doe' into element: ('id', 'last-name')
2025-11-22 14:26:05,959 - automation_framework.core.logger - INFO - Typed 'Doe' into element: ('id', 'last-name')
2025-11-22 14:26:05,959 - automation_framework.core.logger - INFO - Typed 'Doe' into element: ('id', 'last-name')
2025-11-22 14:26:05,959 - automation_framework.core.logger - INFO - Typed 'Doe' into element: ('id', 'last-name')
2025-11-22 14:26:06,003 - automation_framework.core.logger - INFO - Typed '12345' into element: ('id', 'postal-code')
2025-11-22 14:26:06,003 - automation_framework.core.logger - INFO - Typed '12345' into element: ('id', 'postal-code')
2025-11-22 14:26:06,003 - automation_framework.core.logger - INFO - Typed '12345' into element: ('id', 'postal-code')
2025-11-22 14:26:06,003 - automation_framework.core.logger - INFO - Typed '12345' into element: ('id', 'postal-code')
2025-11-22 14:26:06,015 - automation_framework.core.logger - INFO - JS Clicked on element: ('id', 'continue')
2025-11-22 14:26:06,015 - automation_framework.core.logger - INFO - JS Clicked on element: ('id', 'continue')
2025-11-22 14:26:06,015 - automation_framework.core.logger - INFO - JS Clicked on element: ('id', 'continue')
2025-11-22 14:26:06,015 - automation_framework.core.logger - INFO - JS Clicked on element: ('id', 'continue')
2025-11-22 14:26:06,015 - automation_framework.core.logger - INFO - Waiting for checkout-step-two.html
2025-11-22 14:26:06,015 - automation_framework.core.logger - INFO - Waiting for checkout-step-two.html
2025-11-22 14:26:06,015 - automation_framework.core.logger - INFO - Waiting for checkout-step-two.html
2025-11-22 14:26:06,015 - automation_framework.core.logger - INFO - Waiting for checkout-step-two.html
2025-11-22 14:26:16,276 - automation_framework.core.logger - ERROR - Test failed. Screenshot saved to screenshots/failed_test_e2e_purchase_2025-11-22_14-26-16.png
2025-11-22 14:26:16,276 - automation_framework.core.logger - ERROR - Test failed. Screenshot saved to screenshots/failed_test_e2e_purchase_2025-11-22_14-26-16.png
2025-11-22 14:26:16,276 - automation_framework.core.logger - ERROR - Test failed. Screenshot saved to screenshots/failed_test_e2e_purchase_2025-11-22_14-26-16.png
2025-11-22 14:26:16,276 - automation_framework.core.logger - ERROR - Test failed. Screenshot saved to screenshots/failed_test_e2e_purchase_2025-11-22_14-26-16.png
