2025-11-22 14:22:26,931 - automation_framework.core.logger - INFO - Starting E2E Purchase Test
2025-11-22 14:22:26,931 - automation_framework.core.logger - INFO - Starting E2E Purchase Test
2025-11-22 14:22:26,931 - automation_framework.core.logger - INFO - Starting E2E Purchase Test
2025-11-22 14:22:27,035 - automation_framework.core.logger - INFO - Typed 'standard_user' into element: ('id', 'user-name')
2025-11-22 14:22:27,035 - automation_framework.core.logger - INFO - Typed 'standard_user' into element: ('id', 'user-name')
2025-11-22 14:22:27,035 - automation_framework.core.logger - INFO - Typed 'standard_user' into element: ('id', 'user-name')
2025-11-22 14:22:27,127 - automation_framework.core.logger - INFO - Typed 'secret_sauce' into element: ('id', 'password')
2025-11-22 14:22:27,127 - automation_framework.core.logger - INFO - Typed 'secret_sauce' into element: ('id', 'password')
2025-11-22 14:22:27,127 - automation_framework.core.logger - INFO - Typed 'secret_sauce' into element: ('id', 'password')
2025-11-22 14:22:27,191 - automation_framework.core.logger - INFO - Clicked on element: ('id', 'login-button')
2025-11-22 14:22:27,191 - automation_framework.core.logger - INFO - Clicked on element: ('id', 'login-button')
2025-11-22 14:22:27,191 - automation_framework.core.logger - INFO - Clicked on element: ('id', 'login-button')
2025-11-22 14:22:27,300 - automation_framework.core.logger - INFO - Got text '3' from element: ('class name', 'shopping_cart_badge')
2025-11-22 14:22:27,300 - automation_framework.core.logger - INFO - Got text '3' from element: ('class name', 'shopping_cart_badge')
2025-11-22 14:22:27,300 - automation_framework.core.logger - INFO - Got text '3' from element: ('class name', 'shopping_cart_badge')
2025-11-22 14:22:27,334 - automation_framework.core.logger - INFO - Clicked on element: ('class name', 'shopping_cart_link')
2025-11-22 14:22:27,334 - automation_framework.core.logger - INFO - Clicked on element: ('class name', 'shopping_cart_link')
2025-11-22 14:22:27,334 - automation_framework.core.logger - INFO - Clicked on element: ('class name', 'shopping_cart_link')
2025-11-22 14:22:27,364 - automation_framework.core.logger - INFO - Total price calculated: 47.97
2025-11-22 14:22:27,364 - automation_framework.core.logger - INFO - Total price calculated: 47.97
2025-11-22 14:22:27,364 - automation_framework.core.logger - INFO - Total price calculated: 47.97
2025-11-22 14:22:27,396 - automation_framework.core.logger - INFO - Clicked on element: ('id', 'checkout')
2025-11-22 14:22:27,396 - automation_framework.core.logger - INFO - Clicked on element: ('id', 'checkout')
2025-11-22 14:22:27,396 - automation_framework.core.logger - INFO - Clicked on element: ('id', 'checkout')
2025-11-22 14:22:27,472 - automation_framework.core.logger - ERROR - Test failed. Screenshot saved to screenshots/failed_test_e2e_purchase_2025-11-22_14-22-27.png
2025-11-22 14:22:27,472 - automation_framework.core.logger - ERROR - Test failed. Screenshot saved to screenshots/failed_test_e2e_purchase_2025-11-22_14-22-27.png
2025-11-22 14:22:27,472 - automation_framework.core.logger - ERROR - Test failed. Screenshot saved to screenshots/failed_test_e2e_purchase_2025-11-22_14-22-27.png
