2025-11-22 14:25:52,972 - automation_framework.core.logger - INFO - Starting E2E Purchase Test
2025-11-22 14:25:52,972 - automation_framework.core.logger - INFO - Starting E2E Purchase Test
2025-11-22 14:25:52,972 - automation_framework.core.logger - INFO - Starting E2E Purchase Test
2025-11-22 14:25:53,090 - automation_framework.core.logger - INFO - Typed 'standard_user' into element: ('id', 'user-name')
2025-11-22 14:25:53,090 - automation_framework.core.logger - INFO - Typed 'standard_user' into element: ('id', 'user-name')
2025-11-22 14:25:53,090 - automation_framework.core.logger - INFO - Typed 'standard_user' into element: ('id', 'user-name')
2025-11-22 14:25:53,187 - automation_framework.core.logger - INFO - Typed 'secret_sauce' into element: ('id', 'password')
2025-11-22 14:25:53,187 - automation_framework.core.logger - INFO - Typed 'secret_sauce' into element: ('id', 'password')
2025-11-22 14:25:53,187 - automation_framework.core.logger - INFO - Typed 'secret_sauce' into element: ('id', 'password')
2025-11-22 14:25:53,254 - automation_framework.core.logger - INFO - Clicked on element: ('id', 'login-button')
2025-11-22 14:25:53,254 - automation_framework.core.logger - INFO - Clicked on element: ('id', 'login-button')
2025-11-22 14:25:53,254 - automation_framework.core.logger - INFO - Clicked on element: ('id', 'login-button')
2025-11-22 14:25:53,359 - automation_framework.core.logger - INFO - Got text '3' from element: ('class name', 'shopping_cart_badge')
2025-11-22 14:25:53,359 - automation_framework.core.logger - INFO - Got text '3' from element: ('class name', 'shopping_cart_badge')
2025-11-22 14:25:53,359 - automation_framework.core.logger - INFO - Got text '3' from element: ('class name', 'shopping_cart_badge')
2025-11-22 14:25:53,392 - automation_framework.core.logger - INFO - Clicked on element: ('class name', 'shopping_cart_link')
2025-11-22 14:25:53,392 - automation_framework.core.logger - INFO - Clicked on element: ('class name', 'shopping_cart_link')
2025-11-22 14:25:53,392 - automation_framework.core.logger - INFO - Clicked on element: ('class name', 'shopping_cart_link')
2025-11-22 14:25:53,422 - automation_framework.core.logger - INFO - Total price calculated: 33.97
2025-11-22 14:25:53,422 - automation_framework.core.logger - INFO - Total price calculated: 33.97
2025-11-22 14:25:53,422 - automation_framework.core.logger - INFO - Total price calculated: 33.97
2025-11-22 14:25:53,455 - automation_framework.core.logger - INFO - Clicked on element: ('id', 'checkout')
2025-11-22 14:25:53,455 - automation_framework.core.logger - INFO - Clicked on element: ('id', 'checkout')
2025-11-22 14:25:53,455 - automation_framework.core.logger - INFO - Clicked on element: ('id', 'checkout')
2025-11-22 14:25:53,465 - automation_framework.core.logger - INFO - Scrolled to element: ('id', 'first-name')
2025-11-22 14:25:53,465 - automation_framework.core.logger - INFO - Scrolled to element: ('id', 'first-name')
2025-11-22 14:25:53,465 - automation_framework.core.logger - INFO - Scrolled to element: ('id', 'first-name')
2025-11-22 14:25:53,502 - automation_framework.core.logger - INFO - Typed 'John' into element: ('id', 'first-name')
2025-11-22 14:25:53,502 - automation_framework.core.logger - INFO - Typed 'John' into element: ('id', 'first-name')
2025-11-22 14:25:53,502 - automation_framework.core.logger - INFO - Typed 'John' into element: ('id', 'first-name')
2025-11-22 14:25:53,541 - automation_framework.core.logger - INFO - Typed 'Doe' into element: ('id', 'last-name')
2025-11-22 14:25:53,541 - automation_framework.core.logger - INFO - Typed 'Doe' into element: ('id', 'last-name')
2025-11-22 14:25:53,541 - automation_framework.core.logger - INFO - Typed 'Doe' into element: ('id', 'last-name')
2025-11-22 14:25:53,576 - automation_framework.core.logger - INFO - Typed '12345' into element: ('id', 'postal-code')
2025-11-22 14:25:53,576 - automation_framework.core.logger - INFO - Typed '12345' into element: ('id', 'postal-code')
2025-11-22 14:25:53,576 - automation_framework.core.logger - INFO - Typed '12345' into element: ('id', 'postal-code')
2025-11-22 14:25:53,591 - automation_framework.core.logger - INFO - JS Clicked on element: ('id', 'continue')
2025-11-22 14:25:53,591 - automation_framework.core.logger - INFO - JS Clicked on element: ('id', 'continue')
2025-11-22 14:25:53,591 - automation_framework.core.logger - INFO - JS Clicked on element: ('id', 'continue')
2025-11-22 14:25:53,672 - automation_framework.core.logger - ERROR - Test failed. Screenshot saved to screenshots/failed_test_e2e_purchase_2025-11-22_14-25-53.png
2025-11-22 14:25:53,672 - automation_framework.core.logger - ERROR - Test failed. Screenshot saved to screenshots/failed_test_e2e_purchase_2025-11-22_14-25-53.png
2025-11-22 14:25:53,672 - automation_framework.core.logger - ERROR - Test failed. Screenshot saved to screenshots/failed_test_e2e_purchase_2025-11-22_14-25-53.png
