2025-11-22 14:24:07,550 - automation_framework.core.logger - INFO - Starting E2E Purchase Test
2025-11-22 14:24:07,550 - automation_framework.core.logger - INFO - Starting E2E Purchase Test
2025-11-22 14:24:07,550 - automation_framework.core.logger - INFO - Starting E2E Purchase Test
2025-11-22 14:24:07,655 - automation_framework.core.logger - INFO - Typed 'standard_user' into element: ('id', 'user-name')
2025-11-22 14:24:07,655 - automation_framework.core.logger - INFO - Typed 'standard_user' into element: ('id', 'user-name')
2025-11-22 14:24:07,655 - automation_framework.core.logger - INFO - Typed 'standard_user' into element: ('id', 'user-name')
2025-11-22 14:24:07,745 - automation_framework.core.logger - INFO - Typed 'secret_sauce' into element: ('id', 'password')
2025-11-22 14:24:07,745 - automation_framework.core.logger - INFO - Typed 'secret_sauce' into element: ('id', 'password')
2025-11-22 14:24:07,745 - automation_framework.core.logger - INFO - Typed 'secret_sauce' into element: ('id', 'password')
2025-11-22 14:24:07,806 - automation_framework.core.logger - INFO - Clicked on element: ('id', 'login-button')
2025-11-22 14:24:07,806 - automation_framework.core.logger - INFO - Clicked on element: ('id', 'login-button')
2025-11-22 14:24:07,806 - automation_framework.core.logger - INFO - Clicked on element: ('id', 'login-button')
2025-11-22 14:24:07,905 - automation_framework.core.logger - INFO - Got text '3' from element: ('class name', 'shopping_cart_badge')
2025-11-22 14:24:07,905 - automation_framework.core.logger - INFO - Got text '3' from element: ('class name', 'shopping_cart_badge')
2025-11-22 14:24:07,905 - automation_framework.core.logger - INFO - Got text '3' from element: ('class name', 'shopping_cart_badge')
2025-11-22 14:24:07,939 - automation_framework.core.logger - INFO - Clicked on element: ('class name', 'shopping_cart_link')
2025-11-22 14:24:07,939 - automation_framework.core.logger - INFO - Clicked on element: ('class name', 'shopping_cart_link')
2025-11-22 14:24:07,939 - automation_framework.core.logger - INFO - Clicked on element: ('class name', 'shopping_cart_link')
2025-11-22 14:24:07,963 - automation_framework.core.logger - INFO - Total price calculated: 47.97
2025-11-22 14:24:07,963 - automation_framework.core.logger - INFO - Total price calculated: 47.97
2025-11-22 14:24:07,963 - automation_framework.core.logger - INFO - Total price calculated: 47.97
2025-11-22 14:24:07,997 - automation_framework.core.logger - INFO - Clicked on element: ('id', 'checkout')
2025-11-22 14:24:07,997 - automation_framework.core.logger - INFO - Clicked on element: ('id', 'checkout')
2025-11-22 14:24:07,997 - automation_framework.core.logger - INFO - Clicked on element: ('id', 'checkout')
2025-11-22 14:24:08,007 - automation_framework.core.logger - INFO - Scrolled to element: ('id', 'first-name')
2025-11-22 14:24:08,007 - automation_framework.core.logger - INFO - Scrolled to element: ('id', 'first-name')
2025-11-22 14:24:08,007 - automation_framework.core.logger - INFO - Scrolled to element: ('id', 'first-name')
2025-11-22 14:24:08,043 - automation_framework.core.logger - INFO - Typed 'John' into element: ('id', 'first-name')
2025-11-22 14:24:08,043 - automation_framework.core.logger - INFO - Typed 'John' into element: ('id', 'first-name')
2025-11-22 14:24:08,043 - automation_framework.core.logger - INFO - Typed 'John' into element: ('id', 'first-name')
2025-11-22 14:24:08,082 - automation_framework.core.logger - INFO - Typed 'Doe' into element: ('id', 'last-name')
2025-11-22 14:24:08,082 - automation_framework.core.logger - INFO - Typed 'Doe' into element: ('id', 'last-name')
2025-11-22 14:24:08,082 - automation_framework.core.logger - INFO - Typed 'Doe' into element: ('id', 'last-name')
2025-11-22 14:24:08,118 - automation_framework.core.logger - INFO - Typed '12345' into element: ('id', 'postal-code')
2025-11-22 14:24:08,118 - automation_framework.core.logger - INFO - Typed '12345' into element: ('id', 'postal-code')
2025-11-22 14:24:08,118 - automation_framework.core.logger - INFO - Typed '12345' into element: ('id', 'postal-code')
2025-11-22 14:24:08,169 - automation_framework.core.logger - INFO - Clicked on element: ('id', 'continue')
2025-11-22 14:24:08,169 - automation_framework.core.logger - INFO - Clicked on element: ('id', 'continue')
2025-11-22 14:24:08,169 - automation_framework.core.logger - INFO - Clicked on element: ('id', 'continue')
2025-11-22 14:24:08,177 - automation_framework.core.logger - INFO - Scrolled to element: ('id', 'finish')
2025-11-22 14:24:08,177 - automation_framework.core.logger - INFO - Scrolled to element: ('id', 'finish')
2025-11-22 14:24:08,177 - automation_framework.core.logger - INFO - Scrolled to element: ('id', 'finish')
2025-11-22 14:24:08,205 - automation_framework.core.logger - INFO - Clicked on element: ('id', 'finish')
2025-11-22 14:24:08,205 - automation_framework.core.logger - INFO - Clicked on element: ('id', 'finish')
2025-11-22 14:24:08,205 - automation_framework.core.logger - INFO - Clicked on element: ('id', 'finish')
2025-11-22 14:24:18,472 - automation_framework.core.logger - ERROR - Failed to get text from element: ('class name', 'complete-header'). Error: Message: 
Stacktrace:
0   chromedriver                        0x0000000104f7eecc cxxbridge1$str$ptr + 2941512
1   chromedriver                        0x0000000104f76b88 cxxbridge1$str$ptr + 2907908
2   chromedriver                        0x0000000104a8e2b0 _RNvCsgXDX2mvAJAg_7___rustc35___rust_no_alloc_shim_is_unstable_v2 + 74020
3   chromedriver                        0x0000000104ad588c _RNvCsgXDX2mvAJAg_7___rustc35___rust_no_alloc_shim_is_unstable_v2 + 366336
4   chromedriver                        0x0000000104b16d54 _RNvCsgXDX2mvAJAg_7___rustc35___rust_no_alloc_shim_is_unstable_v2 + 633800
5   chromedriver                        0x0000000104ac9ef0 _RNvCsgXDX2mvAJAg_7___rustc35___rust_no_alloc_shim_is_unstable_v2 + 318820
6   chromedriver                        0x0000000104f420c8 cxxbridge1$str$ptr + 2692164
7   chromedriver                        0x0000000104f458dc cxxbridge1$str$ptr + 2706520
8   chromedriver                        0x0000000104f2284c cxxbridge1$str$ptr + 2563016
9   chromedriver                        0x0000000104f461b4 cxxbridge1$str$ptr + 2708784
10  chromedriver                        0x0000000104f140f4 cxxbridge1$str$ptr + 2503792
11  chromedriver                        0x0000000104f65498 cxxbridge1$str$ptr + 2836500
12  chromedriver                        0x0000000104f6561c cxxbridge1$str$ptr + 2836888
13  chromedriver                        0x0000000104f767d8 cxxbridge1$str$ptr + 2906964
14  libsystem_pthread.dylib             0x000000019f126f94 _pthread_start + 136
15  libsystem_pthread.dylib             0x000000019f121d34 thread_start + 8

2025-11-22 14:24:18,472 - automation_framework.core.logger - ERROR - Failed to get text from element: ('class name', 'complete-header'). Error: Message: 
Stacktrace:
0   chromedriver                        0x0000000104f7eecc cxxbridge1$str$ptr + 2941512
1   chromedriver                        0x0000000104f76b88 cxxbridge1$str$ptr + 2907908
2   chromedriver                        0x0000000104a8e2b0 _RNvCsgXDX2mvAJAg_7___rustc35___rust_no_alloc_shim_is_unstable_v2 + 74020
3   chromedriver                        0x0000000104ad588c _RNvCsgXDX2mvAJAg_7___rustc35___rust_no_alloc_shim_is_unstable_v2 + 366336
4   chromedriver                        0x0000000104b16d54 _RNvCsgXDX2mvAJAg_7___rustc35___rust_no_alloc_shim_is_unstable_v2 + 633800
5   chromedriver                        0x0000000104ac9ef0 _RNvCsgXDX2mvAJAg_7___rustc35___rust_no_alloc_shim_is_unstable_v2 + 318820
6   chromedriver                        0x0000000104f420c8 cxxbridge1$str$ptr + 2692164
7   chromedriver                        0x0000000104f458dc cxxbridge1$str$ptr + 2706520
8   chromedriver                        0x0000000104f2284c cxxbridge1$str$ptr + 2563016
9   chromedriver                        0x0000000104f461b4 cxxbridge1$str$ptr + 2708784
10  chromedriver                        0x0000000104f140f4 cxxbridge1$str$ptr + 2503792
11  chromedriver                        0x0000000104f65498 cxxbridge1$str$ptr + 2836500
12  chromedriver                        0x0000000104f6561c cxxbridge1$str$ptr + 2836888
13  chromedriver                        0x0000000104f767d8 cxxbridge1$str$ptr + 2906964
14  libsystem_pthread.dylib             0x000000019f126f94 _pthread_start + 136
15  libsystem_pthread.dylib             0x000000019f121d34 thread_start + 8

2025-11-22 14:24:18,472 - automation_framework.core.logger - ERROR - Failed to get text from element: ('class name', 'complete-header'). Error: Message: 
Stacktrace:
0   chromedriver                        0x0000000104f7eecc cxxbridge1$str$ptr + 2941512
1   chromedriver                        0x0000000104f76b88 cxxbridge1$str$ptr + 2907908
2   chromedriver                        0x0000000104a8e2b0 _RNvCsgXDX2mvAJAg_7___rustc35___rust_no_alloc_shim_is_unstable_v2 + 74020
3   chromedriver                        0x0000000104ad588c _RNvCsgXDX2mvAJAg_7___rustc35___rust_no_alloc_shim_is_unstable_v2 + 366336
4   chromedriver                        0x0000000104b16d54 _RNvCsgXDX2mvAJAg_7___rustc35___rust_no_alloc_shim_is_unstable_v2 + 633800
5   chromedriver                        0x0000000104ac9ef0 _RNvCsgXDX2mvAJAg_7___rustc35___rust_no_alloc_shim_is_unstable_v2 + 318820
6   chromedriver                        0x0000000104f420c8 cxxbridge1$str$ptr + 2692164
7   chromedriver                        0x0000000104f458dc cxxbridge1$str$ptr + 2706520
8   chromedriver                        0x0000000104f2284c cxxbridge1$str$ptr + 2563016
9   chromedriver                        0x0000000104f461b4 cxxbridge1$str$ptr + 2708784
10  chromedriver                        0x0000000104f140f4 cxxbridge1$str$ptr + 2503792
11  chromedriver                        0x0000000104f65498 cxxbridge1$str$ptr + 2836500
12  chromedriver                        0x0000000104f6561c cxxbridge1$str$ptr + 2836888
13  chromedriver                        0x0000000104f767d8 cxxbridge1$str$ptr + 2906964
14  libsystem_pthread.dylib             0x000000019f126f94 _pthread_start + 136
15  libsystem_pthread.dylib             0x000000019f121d34 thread_start + 8

2025-11-22 14:24:18,563 - automation_framework.core.logger - ERROR - Test failed. Screenshot saved to screenshots/failed_test_e2e_purchase_2025-11-22_14-24-18.png
2025-11-22 14:24:18,563 - automation_framework.core.logger - ERROR - Test failed. Screenshot saved to screenshots/failed_test_e2e_purchase_2025-11-22_14-24-18.png
2025-11-22 14:24:18,563 - automation_framework.core.logger - ERROR - Test failed. Screenshot saved to screenshots/failed_test_e2e_purchase_2025-11-22_14-24-18.png
