2025-11-22 14:23:37,376 - automation_framework.core.logger - INFO - Starting E2E Purchase Test
2025-11-22 14:23:37,376 - automation_framework.core.logger - INFO - Starting E2E Purchase Test
2025-11-22 14:23:37,487 - automation_framework.core.logger - INFO - Typed 'standard_user' into element: ('id', 'user-name')
2025-11-22 14:23:37,487 - automation_framework.core.logger - INFO - Typed 'standard_user' into element: ('id', 'user-name')
2025-11-22 14:23:37,582 - automation_framework.core.logger - INFO - Typed 'secret_sauce' into element: ('id', 'password')
2025-11-22 14:23:37,582 - automation_framework.core.logger - INFO - Typed 'secret_sauce' into element: ('id', 'password')
2025-11-22 14:23:37,640 - automation_framework.core.logger - INFO - Clicked on element: ('id', 'login-button')
2025-11-22 14:23:37,640 - automation_framework.core.logger - INFO - Clicked on element: ('id', 'login-button')
2025-11-22 14:23:37,749 - automation_framework.core.logger - INFO - Got text '3' from element: ('class name', 'shopping_cart_badge')
2025-11-22 14:23:37,749 - automation_framework.core.logger - INFO - Got text '3' from element: ('class name', 'shopping_cart_badge')
2025-11-22 14:23:37,785 - automation_framework.core.logger - INFO - Clicked on element: ('class name', 'shopping_cart_link')
2025-11-22 14:23:37,785 - automation_framework.core.logger - INFO - Clicked on element: ('class name', 'shopping_cart_link')
2025-11-22 14:23:37,816 - automation_framework.core.logger - INFO - Total price calculated: 75.97
2025-11-22 14:23:37,816 - automation_framework.core.logger - INFO - Total price calculated: 75.97
2025-11-22 14:23:37,850 - automation_framework.core.logger - INFO - Clicked on element: ('id', 'checkout')
2025-11-22 14:23:37,850 - automation_framework.core.logger - INFO - Clicked on element: ('id', 'checkout')
2025-11-22 14:23:37,862 - automation_framework.core.logger - INFO - Scrolled to element: ('id', 'first-name')
2025-11-22 14:23:37,862 - automation_framework.core.logger - INFO - Scrolled to element: ('id', 'first-name')
2025-11-22 14:23:37,899 - automation_framework.core.logger - INFO - Typed 'John' into element: ('id', 'first-name')
2025-11-22 14:23:37,899 - automation_framework.core.logger - INFO - Typed 'John' into element: ('id', 'first-name')
2025-11-22 14:23:37,933 - automation_framework.core.logger - INFO - Typed 'Doe' into element: ('id', 'last-name')
2025-11-22 14:23:37,933 - automation_framework.core.logger - INFO - Typed 'Doe' into element: ('id', 'last-name')
2025-11-22 14:23:37,985 - automation_framework.core.logger - INFO - Typed '12345' into element: ('id', 'postal-code')
2025-11-22 14:23:37,985 - automation_framework.core.logger - INFO - Typed '12345' into element: ('id', 'postal-code')
2025-11-22 14:23:38,019 - automation_framework.core.logger - INFO - Clicked on element: ('id', 'continue')
2025-11-22 14:23:38,019 - automation_framework.core.logger - INFO - Clicked on element: ('id', 'continue')
2025-11-22 14:23:48,261 - automation_framework.core.logger - ERROR - Test failed. Screenshot saved to screenshots/failed_test_e2e_purchase_2025-11-22_14-23-48.png
2025-11-22 14:23:48,261 - automation_framework.core.logger - ERROR - Test failed. Screenshot saved to screenshots/failed_test_e2e_purchase_2025-11-22_14-23-48.png
