2025-11-22 14:29:39,377 - automation_framework.core.logger - INFO - GET https://jsonplaceholder.typicode.com/users - Status: 200
2025-11-22 14:29:39,377 - automation_framework.core.logger - INFO - GET https://jsonplaceholder.typicode.com/users - Status: 200
2025-11-22 14:29:39,377 - automation_framework.core.logger - INFO - GET https://jsonplaceholder.typicode.com/users - Status: 200
2025-11-22 14:29:39,377 - automation_framework.core.logger - INFO - GET https://jsonplaceholder.typicode.com/users - Status: 200
2025-11-22 14:29:39,377 - automation_framework.core.logger - INFO - GET https://jsonplaceholder.typicode.com/users - Status: 200
2025-11-22 14:29:39,377 - automation_framework.core.logger - INFO - GET https://jsonplaceholder.typicode.com/users - Status: 200
2025-11-22 14:29:39,800 - automation_framework.core.logger - INFO - POST https://jsonplaceholder.typicode.com/posts - Status: 201
2025-11-22 14:29:39,800 - automation_framework.core.logger - INFO - POST https://jsonplaceholder.typicode.com/posts - Status: 201
2025-11-22 14:29:39,800 - automation_framework.core.logger - INFO - POST https://jsonplaceholder.typicode.com/posts - Status: 201
2025-11-22 14:29:39,800 - automation_framework.core.logger - INFO - POST https://jsonplaceholder.typicode.com/posts - Status: 201
2025-11-22 14:29:39,800 - automation_framework.core.logger - INFO - POST https://jsonplaceholder.typicode.com/posts - Status: 201
2025-11-22 14:29:39,800 - automation_framework.core.logger - INFO - POST https://jsonplaceholder.typicode.com/posts - Status: 201
2025-11-22 14:29:39,806 - automation_framework.core.logger - INFO - Connected to database: test_db_master.sqlite
2025-11-22 14:29:39,806 - automation_framework.core.logger - INFO - Connected to database: test_db_master.sqlite
2025-11-22 14:29:39,806 - automation_framework.core.logger - INFO - Connected to database: test_db_master.sqlite
2025-11-22 14:29:39,806 - automation_framework.core.logger - INFO - Connected to database: test_db_master.sqlite
2025-11-22 14:29:39,806 - automation_framework.core.logger - INFO - Connected to database: test_db_master.sqlite
2025-11-22 14:29:39,806 - automation_framework.core.logger - INFO - Connected to database: test_db_master.sqlite
2025-11-22 14:29:39,809 - automation_framework.core.logger - INFO - Executed script: /Users/binayakkhanal/PycharmProject/swagLabs/automation_framework/database/schema.sql
2025-11-22 14:29:39,809 - automation_framework.core.logger - INFO - Executed script: /Users/binayakkhanal/PycharmProject/swagLabs/automation_framework/database/schema.sql
2025-11-22 14:29:39,809 - automation_framework.core.logger - INFO - Executed script: /Users/binayakkhanal/PycharmProject/swagLabs/automation_framework/database/schema.sql
2025-11-22 14:29:39,809 - automation_framework.core.logger - INFO - Executed script: /Users/binayakkhanal/PycharmProject/swagLabs/automation_framework/database/schema.sql
2025-11-22 14:29:39,809 - automation_framework.core.logger - INFO - Executed script: /Users/binayakkhanal/PycharmProject/swagLabs/automation_framework/database/schema.sql
2025-11-22 14:29:39,809 - automation_framework.core.logger - INFO - Executed script: /Users/binayakkhanal/PycharmProject/swagLabs/automation_framework/database/schema.sql
2025-11-22 14:29:39,814 - automation_framework.core.logger - INFO - Closed database connection
2025-11-22 14:29:39,814 - automation_framework.core.logger - INFO - Closed database connection
2025-11-22 14:29:39,814 - automation_framework.core.logger - INFO - Closed database connection
2025-11-22 14:29:39,814 - automation_framework.core.logger - INFO - Closed database connection
2025-11-22 14:29:39,814 - automation_framework.core.logger - INFO - Closed database connection
2025-11-22 14:29:39,814 - automation_framework.core.logger - INFO - Closed database connection
2025-11-22 14:29:39,816 - automation_framework.core.logger - INFO - Connected to database: test_db_master.sqlite
2025-11-22 14:29:39,816 - automation_framework.core.logger - INFO - Connected to database: test_db_master.sqlite
2025-11-22 14:29:39,816 - automation_framework.core.logger - INFO - Connected to database: test_db_master.sqlite
2025-11-22 14:29:39,816 - automation_framework.core.logger - INFO - Connected to database: test_db_master.sqlite
2025-11-22 14:29:39,816 - automation_framework.core.logger - INFO - Connected to database: test_db_master.sqlite
2025-11-22 14:29:39,816 - automation_framework.core.logger - INFO - Connected to database: test_db_master.sqlite
2025-11-22 14:29:39,817 - automation_framework.core.logger - INFO - Executed script: /Users/binayakkhanal/PycharmProject/swagLabs/automation_framework/database/schema.sql
2025-11-22 14:29:39,817 - automation_framework.core.logger - INFO - Executed script: /Users/binayakkhanal/PycharmProject/swagLabs/automation_framework/database/schema.sql
2025-11-22 14:29:39,817 - automation_framework.core.logger - INFO - Executed script: /Users/binayakkhanal/PycharmProject/swagLabs/automation_framework/database/schema.sql
2025-11-22 14:29:39,817 - automation_framework.core.logger - INFO - Executed script: /Users/binayakkhanal/PycharmProject/swagLabs/automation_framework/database/schema.sql
2025-11-22 14:29:39,817 - automation_framework.core.logger - INFO - Executed script: /Users/binayakkhanal/PycharmProject/swagLabs/automation_framework/database/schema.sql
2025-11-22 14:29:39,817 - automation_framework.core.logger - INFO - Executed script: /Users/binayakkhanal/PycharmProject/swagLabs/automation_framework/database/schema.sql
2025-11-22 14:29:39,822 - automation_framework.core.logger - INFO - Closed database connection
2025-11-22 14:29:39,822 - automation_framework.core.logger - INFO - Closed database connection
2025-11-22 14:29:39,822 - automation_framework.core.logger - INFO - Closed database connection
2025-11-22 14:29:39,822 - automation_framework.core.logger - INFO - Closed database connection
2025-11-22 14:29:39,822 - automation_framework.core.logger - INFO - Closed database connection
2025-11-22 14:29:39,822 - automation_framework.core.logger - INFO - Closed database connection
2025-11-22 14:29:39,823 - automation_framework.core.logger - INFO - Connected to database: test_db_master.sqlite
2025-11-22 14:29:39,823 - automation_framework.core.logger - INFO - Connected to database: test_db_master.sqlite
2025-11-22 14:29:39,823 - automation_framework.core.logger - INFO - Connected to database: test_db_master.sqlite
2025-11-22 14:29:39,823 - automation_framework.core.logger - INFO - Connected to database: test_db_master.sqlite
2025-11-22 14:29:39,823 - automation_framework.core.logger - INFO - Connected to database: test_db_master.sqlite
2025-11-22 14:29:39,823 - automation_framework.core.logger - INFO - Connected to database: test_db_master.sqlite
2025-11-22 14:29:39,824 - automation_framework.core.logger - INFO - Executed script: /Users/binayakkhanal/PycharmProject/swagLabs/automation_framework/database/schema.sql
2025-11-22 14:29:39,824 - automation_framework.core.logger - INFO - Executed script: /Users/binayakkhanal/PycharmProject/swagLabs/automation_framework/database/schema.sql
2025-11-22 14:29:39,824 - automation_framework.core.logger - INFO - Executed script: /Users/binayakkhanal/PycharmProject/swagLabs/automation_framework/database/schema.sql
2025-11-22 14:29:39,824 - automation_framework.core.logger - INFO - Executed script: /Users/binayakkhanal/PycharmProject/swagLabs/automation_framework/database/schema.sql
2025-11-22 14:29:39,824 - automation_framework.core.logger - INFO - Executed script: /Users/binayakkhanal/PycharmProject/swagLabs/automation_framework/database/schema.sql
2025-11-22 14:29:39,824 - automation_framework.core.logger - INFO - Executed script: /Users/binayakkhanal/PycharmProject/swagLabs/automation_framework/database/schema.sql
2025-11-22 14:29:39,885 - automation_framework.core.logger - INFO - GET https://jsonplaceholder.typicode.com/users - Status: 200
2025-11-22 14:29:39,885 - automation_framework.core.logger - INFO - GET https://jsonplaceholder.typicode.com/users - Status: 200
2025-11-22 14:29:39,885 - automation_framework.core.logger - INFO - GET https://jsonplaceholder.typicode.com/users - Status: 200
2025-11-22 14:29:39,885 - automation_framework.core.logger - INFO - GET https://jsonplaceholder.typicode.com/users - Status: 200
2025-11-22 14:29:39,885 - automation_framework.core.logger - INFO - GET https://jsonplaceholder.typicode.com/users - Status: 200
2025-11-22 14:29:39,885 - automation_framework.core.logger - INFO - GET https://jsonplaceholder.typicode.com/users - Status: 200
2025-11-22 14:29:39,893 - automation_framework.core.logger - INFO - Closed database connection
2025-11-22 14:29:39,893 - automation_framework.core.logger - INFO - Closed database connection
2025-11-22 14:29:39,893 - automation_framework.core.logger - INFO - Closed database connection
2025-11-22 14:29:39,893 - automation_framework.core.logger - INFO - Closed database connection
2025-11-22 14:29:39,893 - automation_framework.core.logger - INFO - Closed database connection
2025-11-22 14:29:39,893 - automation_framework.core.logger - INFO - Closed database connection
2025-11-22 14:29:41,553 - automation_framework.core.logger - INFO - Typed 'standard_user' into element: ('id', 'user-name')
2025-11-22 14:29:41,553 - automation_framework.core.logger - INFO - Typed 'standard_user' into element: ('id', 'user-name')
2025-11-22 14:29:41,553 - automation_framework.core.logger - INFO - Typed 'standard_user' into element: ('id', 'user-name')
2025-11-22 14:29:41,553 - automation_framework.core.logger - INFO - Typed 'standard_user' into element: ('id', 'user-name')
2025-11-22 14:29:41,553 - automation_framework.core.logger - INFO - Typed 'standard_user' into element: ('id', 'user-name')
2025-11-22 14:29:41,553 - automation_framework.core.logger - INFO - Typed 'standard_user' into element: ('id', 'user-name')
2025-11-22 14:29:41,662 - automation_framework.core.logger - INFO - Typed 'secret_sauce' into element: ('id', 'password')
2025-11-22 14:29:41,662 - automation_framework.core.logger - INFO - Typed 'secret_sauce' into element: ('id', 'password')
2025-11-22 14:29:41,662 - automation_framework.core.logger - INFO - Typed 'secret_sauce' into element: ('id', 'password')
2025-11-22 14:29:41,662 - automation_framework.core.logger - INFO - Typed 'secret_sauce' into element: ('id', 'password')
2025-11-22 14:29:41,662 - automation_framework.core.logger - INFO - Typed 'secret_sauce' into element: ('id', 'password')
2025-11-22 14:29:41,662 - automation_framework.core.logger - INFO - Typed 'secret_sauce' into element: ('id', 'password')
2025-11-22 14:29:41,720 - automation_framework.core.logger - INFO - Clicked on element: ('id', 'login-button')
2025-11-22 14:29:41,720 - automation_framework.core.logger - INFO - Clicked on element: ('id', 'login-button')
2025-11-22 14:29:41,720 - automation_framework.core.logger - INFO - Clicked on element: ('id', 'login-button')
2025-11-22 14:29:41,720 - automation_framework.core.logger - INFO - Clicked on element: ('id', 'login-button')
2025-11-22 14:29:41,720 - automation_framework.core.logger - INFO - Clicked on element: ('id', 'login-button')
2025-11-22 14:29:41,720 - automation_framework.core.logger - INFO - Clicked on element: ('id', 'login-button')
2025-11-22 14:29:43,497 - automation_framework.core.logger - INFO - Typed 'locked_out_user' into element: ('id', 'user-name')
2025-11-22 14:29:43,497 - automation_framework.core.logger - INFO - Typed 'locked_out_user' into element: ('id', 'user-name')
2025-11-22 14:29:43,497 - automation_framework.core.logger - INFO - Typed 'locked_out_user' into element: ('id', 'user-name')
2025-11-22 14:29:43,497 - automation_framework.core.logger - INFO - Typed 'locked_out_user' into element: ('id', 'user-name')
2025-11-22 14:29:43,497 - automation_framework.core.logger - INFO - Typed 'locked_out_user' into element: ('id', 'user-name')
2025-11-22 14:29:43,497 - automation_framework.core.logger - INFO - Typed 'locked_out_user' into element: ('id', 'user-name')
2025-11-22 14:29:43,584 - automation_framework.core.logger - INFO - Typed 'secret_sauce' into element: ('id', 'password')
2025-11-22 14:29:43,584 - automation_framework.core.logger - INFO - Typed 'secret_sauce' into element: ('id', 'password')
2025-11-22 14:29:43,584 - automation_framework.core.logger - INFO - Typed 'secret_sauce' into element: ('id', 'password')
2025-11-22 14:29:43,584 - automation_framework.core.logger - INFO - Typed 'secret_sauce' into element: ('id', 'password')
2025-11-22 14:29:43,584 - automation_framework.core.logger - INFO - Typed 'secret_sauce' into element: ('id', 'password')
2025-11-22 14:29:43,584 - automation_framework.core.logger - INFO - Typed 'secret_sauce' into element: ('id', 'password')
2025-11-22 14:29:43,627 - automation_framework.core.logger - INFO - Clicked on element: ('id', 'login-button')
2025-11-22 14:29:43,627 - automation_framework.core.logger - INFO - Clicked on element: ('id', 'login-button')
2025-11-22 14:29:43,627 - automation_framework.core.logger - INFO - Clicked on element: ('id', 'login-button')
2025-11-22 14:29:43,627 - automation_framework.core.logger - INFO - Clicked on element: ('id', 'login-button')
2025-11-22 14:29:43,627 - automation_framework.core.logger - INFO - Clicked on element: ('id', 'login-button')
2025-11-22 14:29:43,627 - automation_framework.core.logger - INFO - Clicked on element: ('id', 'login-button')
2025-11-22 14:29:43,642 - automation_framework.core.logger - INFO - Got text 'Epic sadface: Sorry, this user has been locked out.' from element: ('css selector', "[data-test='error']")
2025-11-22 14:29:43,642 - automation_framework.core.logger - INFO - Got text 'Epic sadface: Sorry, this user has been locked out.' from element: ('css selector', "[data-test='error']")
2025-11-22 14:29:43,642 - automation_framework.core.logger - INFO - Got text 'Epic sadface: Sorry, this user has been locked out.' from element: ('css selector', "[data-test='error']")
2025-11-22 14:29:43,642 - automation_framework.core.logger - INFO - Got text 'Epic sadface: Sorry, this user has been locked out.' from element: ('css selector', "[data-test='error']")
2025-11-22 14:29:43,642 - automation_framework.core.logger - INFO - Got text 'Epic sadface: Sorry, this user has been locked out.' from element: ('css selector', "[data-test='error']")
2025-11-22 14:29:43,642 - automation_framework.core.logger - INFO - Got text 'Epic sadface: Sorry, this user has been locked out.' from element: ('css selector', "[data-test='error']")
2025-11-22 14:29:45,334 - automation_framework.core.logger - INFO - Typed 'problem_user' into element: ('id', 'user-name')
2025-11-22 14:29:45,334 - automation_framework.core.logger - INFO - Typed 'problem_user' into element: ('id', 'user-name')
2025-11-22 14:29:45,334 - automation_framework.core.logger - INFO - Typed 'problem_user' into element: ('id', 'user-name')
2025-11-22 14:29:45,334 - automation_framework.core.logger - INFO - Typed 'problem_user' into element: ('id', 'user-name')
2025-11-22 14:29:45,334 - automation_framework.core.logger - INFO - Typed 'problem_user' into element: ('id', 'user-name')
2025-11-22 14:29:45,334 - automation_framework.core.logger - INFO - Typed 'problem_user' into element: ('id', 'user-name')
2025-11-22 14:29:45,421 - automation_framework.core.logger - INFO - Typed 'secret_sauce' into element: ('id', 'password')
2025-11-22 14:29:45,421 - automation_framework.core.logger - INFO - Typed 'secret_sauce' into element: ('id', 'password')
2025-11-22 14:29:45,421 - automation_framework.core.logger - INFO - Typed 'secret_sauce' into element: ('id', 'password')
2025-11-22 14:29:45,421 - automation_framework.core.logger - INFO - Typed 'secret_sauce' into element: ('id', 'password')
2025-11-22 14:29:45,421 - automation_framework.core.logger - INFO - Typed 'secret_sauce' into element: ('id', 'password')
2025-11-22 14:29:45,421 - automation_framework.core.logger - INFO - Typed 'secret_sauce' into element: ('id', 'password')
2025-11-22 14:29:45,468 - automation_framework.core.logger - INFO - Clicked on element: ('id', 'login-button')
2025-11-22 14:29:45,468 - automation_framework.core.logger - INFO - Clicked on element: ('id', 'login-button')
2025-11-22 14:29:45,468 - automation_framework.core.logger - INFO - Clicked on element: ('id', 'login-button')
2025-11-22 14:29:45,468 - automation_framework.core.logger - INFO - Clicked on element: ('id', 'login-button')
2025-11-22 14:29:45,468 - automation_framework.core.logger - INFO - Clicked on element: ('id', 'login-button')
2025-11-22 14:29:45,468 - automation_framework.core.logger - INFO - Clicked on element: ('id', 'login-button')
2025-11-22 14:29:47,195 - automation_framework.core.logger - INFO - Typed 'performance_glitch_user' into element: ('id', 'user-name')
2025-11-22 14:29:47,195 - automation_framework.core.logger - INFO - Typed 'performance_glitch_user' into element: ('id', 'user-name')
2025-11-22 14:29:47,195 - automation_framework.core.logger - INFO - Typed 'performance_glitch_user' into element: ('id', 'user-name')
2025-11-22 14:29:47,195 - automation_framework.core.logger - INFO - Typed 'performance_glitch_user' into element: ('id', 'user-name')
2025-11-22 14:29:47,195 - automation_framework.core.logger - INFO - Typed 'performance_glitch_user' into element: ('id', 'user-name')
2025-11-22 14:29:47,195 - automation_framework.core.logger - INFO - Typed 'performance_glitch_user' into element: ('id', 'user-name')
2025-11-22 14:29:47,282 - automation_framework.core.logger - INFO - Typed 'secret_sauce' into element: ('id', 'password')
2025-11-22 14:29:47,282 - automation_framework.core.logger - INFO - Typed 'secret_sauce' into element: ('id', 'password')
2025-11-22 14:29:47,282 - automation_framework.core.logger - INFO - Typed 'secret_sauce' into element: ('id', 'password')
2025-11-22 14:29:47,282 - automation_framework.core.logger - INFO - Typed 'secret_sauce' into element: ('id', 'password')
2025-11-22 14:29:47,282 - automation_framework.core.logger - INFO - Typed 'secret_sauce' into element: ('id', 'password')
2025-11-22 14:29:47,282 - automation_framework.core.logger - INFO - Typed 'secret_sauce' into element: ('id', 'password')
2025-11-22 14:29:52,336 - automation_framework.core.logger - INFO - Clicked on element: ('id', 'login-button')
2025-11-22 14:29:52,336 - automation_framework.core.logger - INFO - Clicked on element: ('id', 'login-button')
2025-11-22 14:29:52,336 - automation_framework.core.logger - INFO - Clicked on element: ('id', 'login-button')
2025-11-22 14:29:52,336 - automation_framework.core.logger - INFO - Clicked on element: ('id', 'login-button')
2025-11-22 14:29:52,336 - automation_framework.core.logger - INFO - Clicked on element: ('id', 'login-button')
2025-11-22 14:29:52,336 - automation_framework.core.logger - INFO - Clicked on element: ('id', 'login-button')
2025-11-22 14:29:54,035 - automation_framework.core.logger - INFO - Starting E2E Purchase Test
2025-11-22 14:29:54,035 - automation_framework.core.logger - INFO - Starting E2E Purchase Test
2025-11-22 14:29:54,035 - automation_framework.core.logger - INFO - Starting E2E Purchase Test
2025-11-22 14:29:54,035 - automation_framework.core.logger - INFO - Starting E2E Purchase Test
2025-11-22 14:29:54,035 - automation_framework.core.logger - INFO - Starting E2E Purchase Test
2025-11-22 14:29:54,035 - automation_framework.core.logger - INFO - Starting E2E Purchase Test
2025-11-22 14:29:54,135 - automation_framework.core.logger - INFO - Typed 'standard_user' into element: ('id', 'user-name')
2025-11-22 14:29:54,135 - automation_framework.core.logger - INFO - Typed 'standard_user' into element: ('id', 'user-name')
2025-11-22 14:29:54,135 - automation_framework.core.logger - INFO - Typed 'standard_user' into element: ('id', 'user-name')
2025-11-22 14:29:54,135 - automation_framework.core.logger - INFO - Typed 'standard_user' into element: ('id', 'user-name')
2025-11-22 14:29:54,135 - automation_framework.core.logger - INFO - Typed 'standard_user' into element: ('id', 'user-name')
2025-11-22 14:29:54,135 - automation_framework.core.logger - INFO - Typed 'standard_user' into element: ('id', 'user-name')
2025-11-22 14:29:54,228 - automation_framework.core.logger - INFO - Typed 'secret_sauce' into element: ('id', 'password')
2025-11-22 14:29:54,228 - automation_framework.core.logger - INFO - Typed 'secret_sauce' into element: ('id', 'password')
2025-11-22 14:29:54,228 - automation_framework.core.logger - INFO - Typed 'secret_sauce' into element: ('id', 'password')
2025-11-22 14:29:54,228 - automation_framework.core.logger - INFO - Typed 'secret_sauce' into element: ('id', 'password')
2025-11-22 14:29:54,228 - automation_framework.core.logger - INFO - Typed 'secret_sauce' into element: ('id', 'password')
2025-11-22 14:29:54,228 - automation_framework.core.logger - INFO - Typed 'secret_sauce' into element: ('id', 'password')
2025-11-22 14:29:54,278 - automation_framework.core.logger - INFO - Clicked on element: ('id', 'login-button')
2025-11-22 14:29:54,278 - automation_framework.core.logger - INFO - Clicked on element: ('id', 'login-button')
2025-11-22 14:29:54,278 - automation_framework.core.logger - INFO - Clicked on element: ('id', 'login-button')
2025-11-22 14:29:54,278 - automation_framework.core.logger - INFO - Clicked on element: ('id', 'login-button')
2025-11-22 14:29:54,278 - automation_framework.core.logger - INFO - Clicked on element: ('id', 'login-button')
2025-11-22 14:29:54,278 - automation_framework.core.logger - INFO - Clicked on element: ('id', 'login-button')
2025-11-22 14:29:54,396 - automation_framework.core.logger - INFO - Got text '3' from element: ('class name', 'shopping_cart_badge')
2025-11-22 14:29:54,396 - automation_framework.core.logger - INFO - Got text '3' from element: ('class name', 'shopping_cart_badge')
2025-11-22 14:29:54,396 - automation_framework.core.logger - INFO - Got text '3' from element: ('class name', 'shopping_cart_badge')
2025-11-22 14:29:54,396 - automation_framework.core.logger - INFO - Got text '3' from element: ('class name', 'shopping_cart_badge')
2025-11-22 14:29:54,396 - automation_framework.core.logger - INFO - Got text '3' from element: ('class name', 'shopping_cart_badge')
2025-11-22 14:29:54,396 - automation_framework.core.logger - INFO - Got text '3' from element: ('class name', 'shopping_cart_badge')
2025-11-22 14:29:54,433 - automation_framework.core.logger - INFO - Clicked on element: ('class name', 'shopping_cart_link')
2025-11-22 14:29:54,433 - automation_framework.core.logger - INFO - Clicked on element: ('class name', 'shopping_cart_link')
2025-11-22 14:29:54,433 - automation_framework.core.logger - INFO - Clicked on element: ('class name', 'shopping_cart_link')
2025-11-22 14:29:54,433 - automation_framework.core.logger - INFO - Clicked on element: ('class name', 'shopping_cart_link')
2025-11-22 14:29:54,433 - automation_framework.core.logger - INFO - Clicked on element: ('class name', 'shopping_cart_link')
2025-11-22 14:29:54,433 - automation_framework.core.logger - INFO - Clicked on element: ('class name', 'shopping_cart_link')
2025-11-22 14:29:54,463 - automation_framework.core.logger - INFO - Total price calculated: 33.97
2025-11-22 14:29:54,463 - automation_framework.core.logger - INFO - Total price calculated: 33.97
2025-11-22 14:29:54,463 - automation_framework.core.logger - INFO - Total price calculated: 33.97
2025-11-22 14:29:54,463 - automation_framework.core.logger - INFO - Total price calculated: 33.97
2025-11-22 14:29:54,463 - automation_framework.core.logger - INFO - Total price calculated: 33.97
2025-11-22 14:29:54,463 - automation_framework.core.logger - INFO - Total price calculated: 33.97
2025-11-22 14:29:54,502 - automation_framework.core.logger - INFO - Clicked on element: ('id', 'checkout')
2025-11-22 14:29:54,502 - automation_framework.core.logger - INFO - Clicked on element: ('id', 'checkout')
2025-11-22 14:29:54,502 - automation_framework.core.logger - INFO - Clicked on element: ('id', 'checkout')
2025-11-22 14:29:54,502 - automation_framework.core.logger - INFO - Clicked on element: ('id', 'checkout')
2025-11-22 14:29:54,502 - automation_framework.core.logger - INFO - Clicked on element: ('id', 'checkout')
2025-11-22 14:29:54,502 - automation_framework.core.logger - INFO - Clicked on element: ('id', 'checkout')
2025-11-22 14:29:54,512 - automation_framework.core.logger - INFO - Scrolled to element: ('id', 'first-name')
2025-11-22 14:29:54,512 - automation_framework.core.logger - INFO - Scrolled to element: ('id', 'first-name')
2025-11-22 14:29:54,512 - automation_framework.core.logger - INFO - Scrolled to element: ('id', 'first-name')
2025-11-22 14:29:54,512 - automation_framework.core.logger - INFO - Scrolled to element: ('id', 'first-name')
2025-11-22 14:29:54,512 - automation_framework.core.logger - INFO - Scrolled to element: ('id', 'first-name')
2025-11-22 14:29:54,512 - automation_framework.core.logger - INFO - Scrolled to element: ('id', 'first-name')
2025-11-22 14:29:54,552 - automation_framework.core.logger - INFO - Typed 'John' into element: ('id', 'first-name')
2025-11-22 14:29:54,552 - automation_framework.core.logger - INFO - Typed 'John' into element: ('id', 'first-name')
2025-11-22 14:29:54,552 - automation_framework.core.logger - INFO - Typed 'John' into element: ('id', 'first-name')
2025-11-22 14:29:54,552 - automation_framework.core.logger - INFO - Typed 'John' into element: ('id', 'first-name')
2025-11-22 14:29:54,552 - automation_framework.core.logger - INFO - Typed 'John' into element: ('id', 'first-name')
2025-11-22 14:29:54,552 - automation_framework.core.logger - INFO - Typed 'John' into element: ('id', 'first-name')
2025-11-22 14:29:54,590 - automation_framework.core.logger - INFO - Typed 'Doe' into element: ('id', 'last-name')
2025-11-22 14:29:54,590 - automation_framework.core.logger - INFO - Typed 'Doe' into element: ('id', 'last-name')
2025-11-22 14:29:54,590 - automation_framework.core.logger - INFO - Typed 'Doe' into element: ('id', 'last-name')
2025-11-22 14:29:54,590 - automation_framework.core.logger - INFO - Typed 'Doe' into element: ('id', 'last-name')
2025-11-22 14:29:54,590 - automation_framework.core.logger - INFO - Typed 'Doe' into element: ('id', 'last-name')
2025-11-22 14:29:54,590 - automation_framework.core.logger - INFO - Typed 'Doe' into element: ('id', 'last-name')
2025-11-22 14:29:54,626 - automation_framework.core.logger - INFO - Typed '12345' into element: ('id', 'postal-code')
2025-11-22 14:29:54,626 - automation_framework.core.logger - INFO - Typed '12345' into element: ('id', 'postal-code')
2025-11-22 14:29:54,626 - automation_framework.core.logger - INFO - Typed '12345' into element: ('id', 'postal-code')
2025-11-22 14:29:54,626 - automation_framework.core.logger - INFO - Typed '12345' into element: ('id', 'postal-code')
2025-11-22 14:29:54,626 - automation_framework.core.logger - INFO - Typed '12345' into element: ('id', 'postal-code')
2025-11-22 14:29:54,626 - automation_framework.core.logger - INFO - Typed '12345' into element: ('id', 'postal-code')
2025-11-22 14:29:54,648 - automation_framework.core.logger - INFO - JS Clicked on element: ('id', 'continue')
2025-11-22 14:29:54,648 - automation_framework.core.logger - INFO - JS Clicked on element: ('id', 'continue')
2025-11-22 14:29:54,648 - automation_framework.core.logger - INFO - JS Clicked on element: ('id', 'continue')
2025-11-22 14:29:54,648 - automation_framework.core.logger - INFO - JS Clicked on element: ('id', 'continue')
2025-11-22 14:29:54,648 - automation_framework.core.logger - INFO - JS Clicked on element: ('id', 'continue')
2025-11-22 14:29:54,648 - automation_framework.core.logger - INFO - JS Clicked on element: ('id', 'continue')
2025-11-22 14:29:54,661 - automation_framework.core.logger - INFO - Scrolled to element: ('id', 'finish')
2025-11-22 14:29:54,661 - automation_framework.core.logger - INFO - Scrolled to element: ('id', 'finish')
2025-11-22 14:29:54,661 - automation_framework.core.logger - INFO - Scrolled to element: ('id', 'finish')
2025-11-22 14:29:54,661 - automation_framework.core.logger - INFO - Scrolled to element: ('id', 'finish')
2025-11-22 14:29:54,661 - automation_framework.core.logger - INFO - Scrolled to element: ('id', 'finish')
2025-11-22 14:29:54,661 - automation_framework.core.logger - INFO - Scrolled to element: ('id', 'finish')
2025-11-22 14:29:54,673 - automation_framework.core.logger - INFO - JS Clicked on element: ('id', 'finish')
2025-11-22 14:29:54,673 - automation_framework.core.logger - INFO - JS Clicked on element: ('id', 'finish')
2025-11-22 14:29:54,673 - automation_framework.core.logger - INFO - JS Clicked on element: ('id', 'finish')
2025-11-22 14:29:54,673 - automation_framework.core.logger - INFO - JS Clicked on element: ('id', 'finish')
2025-11-22 14:29:54,673 - automation_framework.core.logger - INFO - JS Clicked on element: ('id', 'finish')
2025-11-22 14:29:54,673 - automation_framework.core.logger - INFO - JS Clicked on element: ('id', 'finish')
2025-11-22 14:29:54,699 - automation_framework.core.logger - INFO - Got text 'Thank you for your order!' from element: ('class name', 'complete-header')
2025-11-22 14:29:54,699 - automation_framework.core.logger - INFO - Got text 'Thank you for your order!' from element: ('class name', 'complete-header')
2025-11-22 14:29:54,699 - automation_framework.core.logger - INFO - Got text 'Thank you for your order!' from element: ('class name', 'complete-header')
2025-11-22 14:29:54,699 - automation_framework.core.logger - INFO - Got text 'Thank you for your order!' from element: ('class name', 'complete-header')
2025-11-22 14:29:54,699 - automation_framework.core.logger - INFO - Got text 'Thank you for your order!' from element: ('class name', 'complete-header')
2025-11-22 14:29:54,699 - automation_framework.core.logger - INFO - Got text 'Thank you for your order!' from element: ('class name', 'complete-header')
2025-11-22 14:29:54,700 - automation_framework.core.logger - INFO - E2E Purchase Test Completed Successfully
2025-11-22 14:29:54,700 - automation_framework.core.logger - INFO - E2E Purchase Test Completed Successfully
2025-11-22 14:29:54,700 - automation_framework.core.logger - INFO - E2E Purchase Test Completed Successfully
2025-11-22 14:29:54,700 - automation_framework.core.logger - INFO - E2E Purchase Test Completed Successfully
2025-11-22 14:29:54,700 - automation_framework.core.logger - INFO - E2E Purchase Test Completed Successfully
2025-11-22 14:29:54,700 - automation_framework.core.logger - INFO - E2E Purchase Test Completed Successfully
