2025-11-22 14:22:00,694 - automation_framework.core.logger - INFO - Starting E2E Purchase Test
2025-11-22 14:22:00,694 - automation_framework.core.logger - INFO - Starting E2E Purchase Test
2025-11-22 14:22:00,694 - automation_framework.core.logger - INFO - Starting E2E Purchase Test
2025-11-22 14:22:00,826 - automation_framework.core.logger - INFO - Typed 'standard_user' into element: ('id', 'user-name')
2025-11-22 14:22:00,826 - automation_framework.core.logger - INFO - Typed 'standard_user' into element: ('id', 'user-name')
2025-11-22 14:22:00,826 - automation_framework.core.logger - INFO - Typed 'standard_user' into element: ('id', 'user-name')
2025-11-22 14:22:00,937 - automation_framework.core.logger - INFO - Typed 'secret_sauce' into element: ('id', 'password')
2025-11-22 14:22:00,937 - automation_framework.core.logger - INFO - Typed 'secret_sauce' into element: ('id', 'password')
2025-11-22 14:22:00,937 - automation_framework.core.logger - INFO - Typed 'secret_sauce' into element: ('id', 'password')
2025-11-22 14:22:00,998 - automation_framework.core.logger - INFO - Clicked on element: ('id', 'login-button')
2025-11-22 14:22:00,998 - automation_framework.core.logger - INFO - Clicked on element: ('id', 'login-button')
2025-11-22 14:22:00,998 - automation_framework.core.logger - INFO - Clicked on element: ('id', 'login-button')
2025-11-22 14:22:01,127 - automation_framework.core.logger - INFO - Got text '3' from element: ('class name', 'shopping_cart_badge')
2025-11-22 14:22:01,127 - automation_framework.core.logger - INFO - Got text '3' from element: ('class name', 'shopping_cart_badge')
2025-11-22 14:22:01,127 - automation_framework.core.logger - INFO - Got text '3' from element: ('class name', 'shopping_cart_badge')
2025-11-22 14:22:01,164 - automation_framework.core.logger - INFO - Clicked on element: ('class name', 'shopping_cart_link')
2025-11-22 14:22:01,164 - automation_framework.core.logger - INFO - Clicked on element: ('class name', 'shopping_cart_link')
2025-11-22 14:22:01,164 - automation_framework.core.logger - INFO - Clicked on element: ('class name', 'shopping_cart_link')
2025-11-22 14:22:01,192 - automation_framework.core.logger - INFO - Total price calculated: 53.97
2025-11-22 14:22:01,192 - automation_framework.core.logger - INFO - Total price calculated: 53.97
2025-11-22 14:22:01,192 - automation_framework.core.logger - INFO - Total price calculated: 53.97
2025-11-22 14:22:01,227 - automation_framework.core.logger - INFO - Clicked on element: ('id', 'checkout')
2025-11-22 14:22:01,227 - automation_framework.core.logger - INFO - Clicked on element: ('id', 'checkout')
2025-11-22 14:22:01,227 - automation_framework.core.logger - INFO - Clicked on element: ('id', 'checkout')
2025-11-22 14:22:01,271 - automation_framework.core.logger - INFO - Typed 'John' into element: ('id', 'first-name')
2025-11-22 14:22:01,271 - automation_framework.core.logger - INFO - Typed 'John' into element: ('id', 'first-name')
2025-11-22 14:22:01,271 - automation_framework.core.logger - INFO - Typed 'John' into element: ('id', 'first-name')
2025-11-22 14:22:01,313 - automation_framework.core.logger - INFO - Typed 'Doe' into element: ('id', 'last-name')
2025-11-22 14:22:01,313 - automation_framework.core.logger - INFO - Typed 'Doe' into element: ('id', 'last-name')
2025-11-22 14:22:01,313 - automation_framework.core.logger - INFO - Typed 'Doe' into element: ('id', 'last-name')
2025-11-22 14:22:01,350 - automation_framework.core.logger - INFO - Typed '12345' into element: ('id', 'postal-code')
2025-11-22 14:22:01,350 - automation_framework.core.logger - INFO - Typed '12345' into element: ('id', 'postal-code')
2025-11-22 14:22:01,350 - automation_framework.core.logger - INFO - Typed '12345' into element: ('id', 'postal-code')
2025-11-22 14:22:01,400 - automation_framework.core.logger - INFO - Clicked on element: ('id', 'continue')
2025-11-22 14:22:01,400 - automation_framework.core.logger - INFO - Clicked on element: ('id', 'continue')
2025-11-22 14:22:01,400 - automation_framework.core.logger - INFO - Clicked on element: ('id', 'continue')
2025-11-22 14:22:11,681 - automation_framework.core.logger - ERROR - Failed to click on element: ('id', 'finish'). Error: Message: 
Stacktrace:
0   chromedriver                        0x0000000101062ecc cxxbridge1$str$ptr + 2941512
1   chromedriver                        0x000000010105ab88 cxxbridge1$str$ptr + 2907908
2   chromedriver                        0x0000000100b722b0 _RNvCsgXDX2mvAJAg_7___rustc35___rust_no_alloc_shim_is_unstable_v2 + 74020
3   chromedriver                        0x0000000100bb988c _RNvCsgXDX2mvAJAg_7___rustc35___rust_no_alloc_shim_is_unstable_v2 + 366336
4   chromedriver                        0x0000000100bfad54 _RNvCsgXDX2mvAJAg_7___rustc35___rust_no_alloc_shim_is_unstable_v2 + 633800
5   chromedriver                        0x0000000100badef0 _RNvCsgXDX2mvAJAg_7___rustc35___rust_no_alloc_shim_is_unstable_v2 + 318820
6   chromedriver                        0x00000001010260c8 cxxbridge1$str$ptr + 2692164
7   chromedriver                        0x00000001010298dc cxxbridge1$str$ptr + 2706520
8   chromedriver                        0x000000010100684c cxxbridge1$str$ptr + 2563016
9   chromedriver                        0x000000010102a1b4 cxxbridge1$str$ptr + 2708784
10  chromedriver                        0x0000000100ff80f4 cxxbridge1$str$ptr + 2503792
11  chromedriver                        0x0000000101049498 cxxbridge1$str$ptr + 2836500
12  chromedriver                        0x000000010104961c cxxbridge1$str$ptr + 2836888
13  chromedriver                        0x000000010105a7d8 cxxbridge1$str$ptr + 2906964
14  libsystem_pthread.dylib             0x000000019f126f94 _pthread_start + 136
15  libsystem_pthread.dylib             0x000000019f121d34 thread_start + 8

2025-11-22 14:22:11,681 - automation_framework.core.logger - ERROR - Failed to click on element: ('id', 'finish'). Error: Message: 
Stacktrace:
0   chromedriver                        0x0000000101062ecc cxxbridge1$str$ptr + 2941512
1   chromedriver                        0x000000010105ab88 cxxbridge1$str$ptr + 2907908
2   chromedriver                        0x0000000100b722b0 _RNvCsgXDX2mvAJAg_7___rustc35___rust_no_alloc_shim_is_unstable_v2 + 74020
3   chromedriver                        0x0000000100bb988c _RNvCsgXDX2mvAJAg_7___rustc35___rust_no_alloc_shim_is_unstable_v2 + 366336
4   chromedriver                        0x0000000100bfad54 _RNvCsgXDX2mvAJAg_7___rustc35___rust_no_alloc_shim_is_unstable_v2 + 633800
5   chromedriver                        0x0000000100badef0 _RNvCsgXDX2mvAJAg_7___rustc35___rust_no_alloc_shim_is_unstable_v2 + 318820
6   chromedriver                        0x00000001010260c8 cxxbridge1$str$ptr + 2692164
7   chromedriver                        0x00000001010298dc cxxbridge1$str$ptr + 2706520
8   chromedriver                        0x000000010100684c cxxbridge1$str$ptr + 2563016
9   chromedriver                        0x000000010102a1b4 cxxbridge1$str$ptr + 2708784
10  chromedriver                        0x0000000100ff80f4 cxxbridge1$str$ptr + 2503792
11  chromedriver                        0x0000000101049498 cxxbridge1$str$ptr + 2836500
12  chromedriver                        0x000000010104961c cxxbridge1$str$ptr + 2836888
13  chromedriver                        0x000000010105a7d8 cxxbridge1$str$ptr + 2906964
14  libsystem_pthread.dylib             0x000000019f126f94 _pthread_start + 136
15  libsystem_pthread.dylib             0x000000019f121d34 thread_start + 8

2025-11-22 14:22:11,681 - automation_framework.core.logger - ERROR - Failed to click on element: ('id', 'finish'). Error: Message: 
Stacktrace:
0   chromedriver                        0x0000000101062ecc cxxbridge1$str$ptr + 2941512
1   chromedriver                        0x000000010105ab88 cxxbridge1$str$ptr + 2907908
2   chromedriver                        0x0000000100b722b0 _RNvCsgXDX2mvAJAg_7___rustc35___rust_no_alloc_shim_is_unstable_v2 + 74020
3   chromedriver                        0x0000000100bb988c _RNvCsgXDX2mvAJAg_7___rustc35___rust_no_alloc_shim_is_unstable_v2 + 366336
4   chromedriver                        0x0000000100bfad54 _RNvCsgXDX2mvAJAg_7___rustc35___rust_no_alloc_shim_is_unstable_v2 + 633800
5   chromedriver                        0x0000000100badef0 _RNvCsgXDX2mvAJAg_7___rustc35___rust_no_alloc_shim_is_unstable_v2 + 318820
6   chromedriver                        0x00000001010260c8 cxxbridge1$str$ptr + 2692164
7   chromedriver                        0x00000001010298dc cxxbridge1$str$ptr + 2706520
8   chromedriver                        0x000000010100684c cxxbridge1$str$ptr + 2563016
9   chromedriver                        0x000000010102a1b4 cxxbridge1$str$ptr + 2708784
10  chromedriver                        0x0000000100ff80f4 cxxbridge1$str$ptr + 2503792
11  chromedriver                        0x0000000101049498 cxxbridge1$str$ptr + 2836500
12  chromedriver                        0x000000010104961c cxxbridge1$str$ptr + 2836888
13  chromedriver                        0x000000010105a7d8 cxxbridge1$str$ptr + 2906964
14  libsystem_pthread.dylib             0x000000019f126f94 _pthread_start + 136
15  libsystem_pthread.dylib             0x000000019f121d34 thread_start + 8

2025-11-22 14:22:11,795 - automation_framework.core.logger - ERROR - Test failed. Screenshot saved to screenshots/failed_test_e2e_purchase_2025-11-22_14-22-11.png
2025-11-22 14:22:11,795 - automation_framework.core.logger - ERROR - Test failed. Screenshot saved to screenshots/failed_test_e2e_purchase_2025-11-22_14-22-11.png
2025-11-22 14:22:11,795 - automation_framework.core.logger - ERROR - Test failed. Screenshot saved to screenshots/failed_test_e2e_purchase_2025-11-22_14-22-11.png
