2025-11-22 14:28:52,150 - automation_framework.core.logger - INFO - Connected to database: test_db_gw1.sqlite
2025-11-22 14:28:52,150 - automation_framework.core.logger - INFO - Connected to database: test_db_gw1.sqlite
2025-11-22 14:28:52,150 - automation_framework.core.logger - INFO - Connected to database: test_db_gw1.sqlite
2025-11-22 14:28:52,150 - automation_framework.core.logger - INFO - Connected to database: test_db_gw1.sqlite
2025-11-22 14:28:52,150 - automation_framework.core.logger - INFO - Connected to database: test_db_gw1.sqlite
2025-11-22 14:28:52,150 - automation_framework.core.logger - INFO - Connected to database: test_db_gw1.sqlite
2025-11-22 14:28:52,152 - automation_framework.core.logger - INFO - Executed script: /Users/binayakkhanal/PycharmProject/swagLabs/automation_framework/database/schema.sql
2025-11-22 14:28:52,152 - automation_framework.core.logger - INFO - Executed script: /Users/binayakkhanal/PycharmProject/swagLabs/automation_framework/database/schema.sql
2025-11-22 14:28:52,152 - automation_framework.core.logger - INFO - Executed script: /Users/binayakkhanal/PycharmProject/swagLabs/automation_framework/database/schema.sql
2025-11-22 14:28:52,152 - automation_framework.core.logger - INFO - Executed script: /Users/binayakkhanal/PycharmProject/swagLabs/automation_framework/database/schema.sql
2025-11-22 14:28:52,152 - automation_framework.core.logger - INFO - Executed script: /Users/binayakkhanal/PycharmProject/swagLabs/automation_framework/database/schema.sql
2025-11-22 14:28:52,152 - automation_framework.core.logger - INFO - Executed script: /Users/binayakkhanal/PycharmProject/swagLabs/automation_framework/database/schema.sql
2025-11-22 14:28:52,155 - automation_framework.core.logger - INFO - Closed database connection
2025-11-22 14:28:52,155 - automation_framework.core.logger - INFO - Closed database connection
2025-11-22 14:28:52,155 - automation_framework.core.logger - INFO - Closed database connection
2025-11-22 14:28:52,155 - automation_framework.core.logger - INFO - Closed database connection
2025-11-22 14:28:52,155 - automation_framework.core.logger - INFO - Closed database connection
2025-11-22 14:28:52,155 - automation_framework.core.logger - INFO - Closed database connection
2025-11-22 14:28:52,156 - automation_framework.core.logger - INFO - Connected to database: test_db_gw1.sqlite
2025-11-22 14:28:52,156 - automation_framework.core.logger - INFO - Connected to database: test_db_gw1.sqlite
2025-11-22 14:28:52,156 - automation_framework.core.logger - INFO - Connected to database: test_db_gw1.sqlite
2025-11-22 14:28:52,156 - automation_framework.core.logger - INFO - Connected to database: test_db_gw1.sqlite
2025-11-22 14:28:52,156 - automation_framework.core.logger - INFO - Connected to database: test_db_gw1.sqlite
2025-11-22 14:28:52,156 - automation_framework.core.logger - INFO - Connected to database: test_db_gw1.sqlite
2025-11-22 14:28:52,156 - automation_framework.core.logger - INFO - Executed script: /Users/binayakkhanal/PycharmProject/swagLabs/automation_framework/database/schema.sql
2025-11-22 14:28:52,156 - automation_framework.core.logger - INFO - Executed script: /Users/binayakkhanal/PycharmProject/swagLabs/automation_framework/database/schema.sql
2025-11-22 14:28:52,156 - automation_framework.core.logger - INFO - Executed script: /Users/binayakkhanal/PycharmProject/swagLabs/automation_framework/database/schema.sql
2025-11-22 14:28:52,156 - automation_framework.core.logger - INFO - Executed script: /Users/binayakkhanal/PycharmProject/swagLabs/automation_framework/database/schema.sql
2025-11-22 14:28:52,156 - automation_framework.core.logger - INFO - Executed script: /Users/binayakkhanal/PycharmProject/swagLabs/automation_framework/database/schema.sql
2025-11-22 14:28:52,156 - automation_framework.core.logger - INFO - Executed script: /Users/binayakkhanal/PycharmProject/swagLabs/automation_framework/database/schema.sql
2025-11-22 14:28:52,159 - automation_framework.core.logger - INFO - Closed database connection
2025-11-22 14:28:52,159 - automation_framework.core.logger - INFO - Closed database connection
2025-11-22 14:28:52,159 - automation_framework.core.logger - INFO - Closed database connection
2025-11-22 14:28:52,159 - automation_framework.core.logger - INFO - Closed database connection
2025-11-22 14:28:52,159 - automation_framework.core.logger - INFO - Closed database connection
2025-11-22 14:28:52,159 - automation_framework.core.logger - INFO - Closed database connection
2025-11-22 14:28:52,159 - automation_framework.core.logger - INFO - Connected to database: test_db_gw1.sqlite
2025-11-22 14:28:52,159 - automation_framework.core.logger - INFO - Connected to database: test_db_gw1.sqlite
2025-11-22 14:28:52,159 - automation_framework.core.logger - INFO - Connected to database: test_db_gw1.sqlite
2025-11-22 14:28:52,159 - automation_framework.core.logger - INFO - Connected to database: test_db_gw1.sqlite
2025-11-22 14:28:52,159 - automation_framework.core.logger - INFO - Connected to database: test_db_gw1.sqlite
2025-11-22 14:28:52,159 - automation_framework.core.logger - INFO - Connected to database: test_db_gw1.sqlite
2025-11-22 14:28:52,160 - automation_framework.core.logger - INFO - Executed script: /Users/binayakkhanal/PycharmProject/swagLabs/automation_framework/database/schema.sql
2025-11-22 14:28:52,160 - automation_framework.core.logger - INFO - Executed script: /Users/binayakkhanal/PycharmProject/swagLabs/automation_framework/database/schema.sql
2025-11-22 14:28:52,160 - automation_framework.core.logger - INFO - Executed script: /Users/binayakkhanal/PycharmProject/swagLabs/automation_framework/database/schema.sql
2025-11-22 14:28:52,160 - automation_framework.core.logger - INFO - Executed script: /Users/binayakkhanal/PycharmProject/swagLabs/automation_framework/database/schema.sql
2025-11-22 14:28:52,160 - automation_framework.core.logger - INFO - Executed script: /Users/binayakkhanal/PycharmProject/swagLabs/automation_framework/database/schema.sql
2025-11-22 14:28:52,160 - automation_framework.core.logger - INFO - Executed script: /Users/binayakkhanal/PycharmProject/swagLabs/automation_framework/database/schema.sql
2025-11-22 14:28:52,206 - automation_framework.core.logger - INFO - GET https://jsonplaceholder.typicode.com/users - Status: 200
2025-11-22 14:28:52,206 - automation_framework.core.logger - INFO - GET https://jsonplaceholder.typicode.com/users - Status: 200
2025-11-22 14:28:52,206 - automation_framework.core.logger - INFO - GET https://jsonplaceholder.typicode.com/users - Status: 200
2025-11-22 14:28:52,206 - automation_framework.core.logger - INFO - GET https://jsonplaceholder.typicode.com/users - Status: 200
2025-11-22 14:28:52,206 - automation_framework.core.logger - INFO - GET https://jsonplaceholder.typicode.com/users - Status: 200
2025-11-22 14:28:52,206 - automation_framework.core.logger - INFO - GET https://jsonplaceholder.typicode.com/users - Status: 200
2025-11-22 14:28:52,215 - automation_framework.core.logger - INFO - GET https://jsonplaceholder.typicode.com/users - Status: 200
2025-11-22 14:28:52,215 - automation_framework.core.logger - INFO - GET https://jsonplaceholder.typicode.com/users - Status: 200
2025-11-22 14:28:52,215 - automation_framework.core.logger - INFO - GET https://jsonplaceholder.typicode.com/users - Status: 200
2025-11-22 14:28:52,215 - automation_framework.core.logger - INFO - GET https://jsonplaceholder.typicode.com/users - Status: 200
2025-11-22 14:28:52,215 - automation_framework.core.logger - INFO - GET https://jsonplaceholder.typicode.com/users - Status: 200
2025-11-22 14:28:52,215 - automation_framework.core.logger - INFO - GET https://jsonplaceholder.typicode.com/users - Status: 200
2025-11-22 14:28:52,222 - automation_framework.core.logger - INFO - Closed database connection
2025-11-22 14:28:52,222 - automation_framework.core.logger - INFO - Closed database connection
2025-11-22 14:28:52,222 - automation_framework.core.logger - INFO - Closed database connection
2025-11-22 14:28:52,222 - automation_framework.core.logger - INFO - Closed database connection
2025-11-22 14:28:52,222 - automation_framework.core.logger - INFO - Closed database connection
2025-11-22 14:28:52,222 - automation_framework.core.logger - INFO - Closed database connection
2025-11-22 14:28:52,574 - automation_framework.core.logger - INFO - POST https://jsonplaceholder.typicode.com/posts - Status: 201
2025-11-22 14:28:52,574 - automation_framework.core.logger - INFO - POST https://jsonplaceholder.typicode.com/posts - Status: 201
2025-11-22 14:28:52,574 - automation_framework.core.logger - INFO - POST https://jsonplaceholder.typicode.com/posts - Status: 201
2025-11-22 14:28:52,574 - automation_framework.core.logger - INFO - POST https://jsonplaceholder.typicode.com/posts - Status: 201
2025-11-22 14:28:52,574 - automation_framework.core.logger - INFO - POST https://jsonplaceholder.typicode.com/posts - Status: 201
2025-11-22 14:28:52,574 - automation_framework.core.logger - INFO - POST https://jsonplaceholder.typicode.com/posts - Status: 201
2025-11-22 14:28:54,589 - automation_framework.core.logger - INFO - Typed 'standard_user' into element: ('id', 'user-name')
2025-11-22 14:28:54,589 - automation_framework.core.logger - INFO - Typed 'standard_user' into element: ('id', 'user-name')
2025-11-22 14:28:54,589 - automation_framework.core.logger - INFO - Typed 'locked_out_user' into element: ('id', 'user-name')
2025-11-22 14:28:54,589 - automation_framework.core.logger - INFO - Typed 'standard_user' into element: ('id', 'user-name')
2025-11-22 14:28:54,589 - automation_framework.core.logger - INFO - Typed 'standard_user' into element: ('id', 'user-name')
2025-11-22 14:28:54,589 - automation_framework.core.logger - INFO - Typed 'locked_out_user' into element: ('id', 'user-name')
2025-11-22 14:28:54,589 - automation_framework.core.logger - INFO - Typed 'standard_user' into element: ('id', 'user-name')
2025-11-22 14:28:54,589 - automation_framework.core.logger - INFO - Typed 'locked_out_user' into element: ('id', 'user-name')
2025-11-22 14:28:54,589 - automation_framework.core.logger - INFO - Typed 'standard_user' into element: ('id', 'user-name')
2025-11-22 14:28:54,589 - automation_framework.core.logger - INFO - Typed 'locked_out_user' into element: ('id', 'user-name')
2025-11-22 14:28:54,589 - automation_framework.core.logger - INFO - Typed 'locked_out_user' into element: ('id', 'user-name')
2025-11-22 14:28:54,589 - automation_framework.core.logger - INFO - Typed 'locked_out_user' into element: ('id', 'user-name')
2025-11-22 14:28:54,714 - automation_framework.core.logger - INFO - Typed 'secret_sauce' into element: ('id', 'password')
2025-11-22 14:28:54,714 - automation_framework.core.logger - INFO - Typed 'secret_sauce' into element: ('id', 'password')
2025-11-22 14:28:54,714 - automation_framework.core.logger - INFO - Typed 'secret_sauce' into element: ('id', 'password')
2025-11-22 14:28:54,714 - automation_framework.core.logger - INFO - Typed 'secret_sauce' into element: ('id', 'password')
2025-11-22 14:28:54,714 - automation_framework.core.logger - INFO - Typed 'secret_sauce' into element: ('id', 'password')
2025-11-22 14:28:54,714 - automation_framework.core.logger - INFO - Typed 'secret_sauce' into element: ('id', 'password')
2025-11-22 14:28:54,715 - automation_framework.core.logger - INFO - Typed 'secret_sauce' into element: ('id', 'password')
2025-11-22 14:28:54,715 - automation_framework.core.logger - INFO - Typed 'secret_sauce' into element: ('id', 'password')
2025-11-22 14:28:54,715 - automation_framework.core.logger - INFO - Typed 'secret_sauce' into element: ('id', 'password')
2025-11-22 14:28:54,715 - automation_framework.core.logger - INFO - Typed 'secret_sauce' into element: ('id', 'password')
2025-11-22 14:28:54,715 - automation_framework.core.logger - INFO - Typed 'secret_sauce' into element: ('id', 'password')
2025-11-22 14:28:54,715 - automation_framework.core.logger - INFO - Typed 'secret_sauce' into element: ('id', 'password')
2025-11-22 14:28:54,776 - automation_framework.core.logger - INFO - Clicked on element: ('id', 'login-button')
2025-11-22 14:28:54,776 - automation_framework.core.logger - INFO - Clicked on element: ('id', 'login-button')
2025-11-22 14:28:54,776 - automation_framework.core.logger - INFO - Clicked on element: ('id', 'login-button')
2025-11-22 14:28:54,776 - automation_framework.core.logger - INFO - Clicked on element: ('id', 'login-button')
2025-11-22 14:28:54,776 - automation_framework.core.logger - INFO - Clicked on element: ('id', 'login-button')
2025-11-22 14:28:54,776 - automation_framework.core.logger - INFO - Clicked on element: ('id', 'login-button')
2025-11-22 14:28:54,786 - automation_framework.core.logger - INFO - Clicked on element: ('id', 'login-button')
2025-11-22 14:28:54,786 - automation_framework.core.logger - INFO - Clicked on element: ('id', 'login-button')
2025-11-22 14:28:54,786 - automation_framework.core.logger - INFO - Clicked on element: ('id', 'login-button')
2025-11-22 14:28:54,786 - automation_framework.core.logger - INFO - Clicked on element: ('id', 'login-button')
2025-11-22 14:28:54,786 - automation_framework.core.logger - INFO - Clicked on element: ('id', 'login-button')
2025-11-22 14:28:54,786 - automation_framework.core.logger - INFO - Clicked on element: ('id', 'login-button')
2025-11-22 14:28:54,803 - automation_framework.core.logger - INFO - Got text 'Epic sadface: Sorry, this user has been locked out.' from element: ('css selector', "[data-test='error']")
2025-11-22 14:28:54,803 - automation_framework.core.logger - INFO - Got text 'Epic sadface: Sorry, this user has been locked out.' from element: ('css selector', "[data-test='error']")
2025-11-22 14:28:54,803 - automation_framework.core.logger - INFO - Got text 'Epic sadface: Sorry, this user has been locked out.' from element: ('css selector', "[data-test='error']")
2025-11-22 14:28:54,803 - automation_framework.core.logger - INFO - Got text 'Epic sadface: Sorry, this user has been locked out.' from element: ('css selector', "[data-test='error']")
2025-11-22 14:28:54,803 - automation_framework.core.logger - INFO - Got text 'Epic sadface: Sorry, this user has been locked out.' from element: ('css selector', "[data-test='error']")
2025-11-22 14:28:54,803 - automation_framework.core.logger - INFO - Got text 'Epic sadface: Sorry, this user has been locked out.' from element: ('css selector', "[data-test='error']")
2025-11-22 14:28:56,720 - automation_framework.core.logger - INFO - Typed 'performance_glitch_user' into element: ('id', 'user-name')
2025-11-22 14:28:56,720 - automation_framework.core.logger - INFO - Typed 'performance_glitch_user' into element: ('id', 'user-name')
2025-11-22 14:28:56,720 - automation_framework.core.logger - INFO - Typed 'performance_glitch_user' into element: ('id', 'user-name')
2025-11-22 14:28:56,720 - automation_framework.core.logger - INFO - Typed 'performance_glitch_user' into element: ('id', 'user-name')
2025-11-22 14:28:56,720 - automation_framework.core.logger - INFO - Typed 'performance_glitch_user' into element: ('id', 'user-name')
2025-11-22 14:28:56,720 - automation_framework.core.logger - INFO - Typed 'performance_glitch_user' into element: ('id', 'user-name')
2025-11-22 14:28:56,735 - automation_framework.core.logger - INFO - Typed 'problem_user' into element: ('id', 'user-name')
2025-11-22 14:28:56,735 - automation_framework.core.logger - INFO - Typed 'problem_user' into element: ('id', 'user-name')
2025-11-22 14:28:56,735 - automation_framework.core.logger - INFO - Typed 'problem_user' into element: ('id', 'user-name')
2025-11-22 14:28:56,735 - automation_framework.core.logger - INFO - Typed 'problem_user' into element: ('id', 'user-name')
2025-11-22 14:28:56,735 - automation_framework.core.logger - INFO - Typed 'problem_user' into element: ('id', 'user-name')
2025-11-22 14:28:56,735 - automation_framework.core.logger - INFO - Typed 'problem_user' into element: ('id', 'user-name')
2025-11-22 14:28:56,843 - automation_framework.core.logger - INFO - Typed 'secret_sauce' into element: ('id', 'password')
2025-11-22 14:28:56,843 - automation_framework.core.logger - INFO - Typed 'secret_sauce' into element: ('id', 'password')
2025-11-22 14:28:56,843 - automation_framework.core.logger - INFO - Typed 'secret_sauce' into element: ('id', 'password')
2025-11-22 14:28:56,843 - automation_framework.core.logger - INFO - Typed 'secret_sauce' into element: ('id', 'password')
2025-11-22 14:28:56,843 - automation_framework.core.logger - INFO - Typed 'secret_sauce' into element: ('id', 'password')
2025-11-22 14:28:56,843 - automation_framework.core.logger - INFO - Typed 'secret_sauce' into element: ('id', 'password')
2025-11-22 14:28:56,844 - automation_framework.core.logger - INFO - Typed 'secret_sauce' into element: ('id', 'password')
2025-11-22 14:28:56,844 - automation_framework.core.logger - INFO - Typed 'secret_sauce' into element: ('id', 'password')
2025-11-22 14:28:56,844 - automation_framework.core.logger - INFO - Typed 'secret_sauce' into element: ('id', 'password')
2025-11-22 14:28:56,844 - automation_framework.core.logger - INFO - Typed 'secret_sauce' into element: ('id', 'password')
2025-11-22 14:28:56,844 - automation_framework.core.logger - INFO - Typed 'secret_sauce' into element: ('id', 'password')
2025-11-22 14:28:56,844 - automation_framework.core.logger - INFO - Typed 'secret_sauce' into element: ('id', 'password')
2025-11-22 14:28:56,914 - automation_framework.core.logger - INFO - Clicked on element: ('id', 'login-button')
2025-11-22 14:28:56,914 - automation_framework.core.logger - INFO - Clicked on element: ('id', 'login-button')
2025-11-22 14:28:56,914 - automation_framework.core.logger - INFO - Clicked on element: ('id', 'login-button')
2025-11-22 14:28:56,914 - automation_framework.core.logger - INFO - Clicked on element: ('id', 'login-button')
2025-11-22 14:28:56,914 - automation_framework.core.logger - INFO - Clicked on element: ('id', 'login-button')
2025-11-22 14:28:56,914 - automation_framework.core.logger - INFO - Clicked on element: ('id', 'login-button')
2025-11-22 14:28:58,580 - automation_framework.core.logger - INFO - Starting E2E Purchase Test
2025-11-22 14:28:58,580 - automation_framework.core.logger - INFO - Starting E2E Purchase Test
2025-11-22 14:28:58,580 - automation_framework.core.logger - INFO - Starting E2E Purchase Test
2025-11-22 14:28:58,580 - automation_framework.core.logger - INFO - Starting E2E Purchase Test
2025-11-22 14:28:58,580 - automation_framework.core.logger - INFO - Starting E2E Purchase Test
2025-11-22 14:28:58,580 - automation_framework.core.logger - INFO - Starting E2E Purchase Test
2025-11-22 14:28:58,672 - automation_framework.core.logger - INFO - Typed 'standard_user' into element: ('id', 'user-name')
2025-11-22 14:28:58,672 - automation_framework.core.logger - INFO - Typed 'standard_user' into element: ('id', 'user-name')
2025-11-22 14:28:58,672 - automation_framework.core.logger - INFO - Typed 'standard_user' into element: ('id', 'user-name')
2025-11-22 14:28:58,672 - automation_framework.core.logger - INFO - Typed 'standard_user' into element: ('id', 'user-name')
2025-11-22 14:28:58,672 - automation_framework.core.logger - INFO - Typed 'standard_user' into element: ('id', 'user-name')
2025-11-22 14:28:58,672 - automation_framework.core.logger - INFO - Typed 'standard_user' into element: ('id', 'user-name')
2025-11-22 14:28:58,779 - automation_framework.core.logger - INFO - Typed 'secret_sauce' into element: ('id', 'password')
2025-11-22 14:28:58,779 - automation_framework.core.logger - INFO - Typed 'secret_sauce' into element: ('id', 'password')
2025-11-22 14:28:58,779 - automation_framework.core.logger - INFO - Typed 'secret_sauce' into element: ('id', 'password')
2025-11-22 14:28:58,779 - automation_framework.core.logger - INFO - Typed 'secret_sauce' into element: ('id', 'password')
2025-11-22 14:28:58,779 - automation_framework.core.logger - INFO - Typed 'secret_sauce' into element: ('id', 'password')
2025-11-22 14:28:58,779 - automation_framework.core.logger - INFO - Typed 'secret_sauce' into element: ('id', 'password')
2025-11-22 14:28:58,846 - automation_framework.core.logger - INFO - Clicked on element: ('id', 'login-button')
2025-11-22 14:28:58,846 - automation_framework.core.logger - INFO - Clicked on element: ('id', 'login-button')
2025-11-22 14:28:58,846 - automation_framework.core.logger - INFO - Clicked on element: ('id', 'login-button')
2025-11-22 14:28:58,846 - automation_framework.core.logger - INFO - Clicked on element: ('id', 'login-button')
2025-11-22 14:28:58,846 - automation_framework.core.logger - INFO - Clicked on element: ('id', 'login-button')
2025-11-22 14:28:58,846 - automation_framework.core.logger - INFO - Clicked on element: ('id', 'login-button')
2025-11-22 14:28:59,002 - automation_framework.core.logger - INFO - Got text '3' from element: ('class name', 'shopping_cart_badge')
2025-11-22 14:28:59,002 - automation_framework.core.logger - INFO - Got text '3' from element: ('class name', 'shopping_cart_badge')
2025-11-22 14:28:59,002 - automation_framework.core.logger - INFO - Got text '3' from element: ('class name', 'shopping_cart_badge')
2025-11-22 14:28:59,002 - automation_framework.core.logger - INFO - Got text '3' from element: ('class name', 'shopping_cart_badge')
2025-11-22 14:28:59,002 - automation_framework.core.logger - INFO - Got text '3' from element: ('class name', 'shopping_cart_badge')
2025-11-22 14:28:59,002 - automation_framework.core.logger - INFO - Got text '3' from element: ('class name', 'shopping_cart_badge')
2025-11-22 14:28:59,048 - automation_framework.core.logger - INFO - Clicked on element: ('class name', 'shopping_cart_link')
2025-11-22 14:28:59,048 - automation_framework.core.logger - INFO - Clicked on element: ('class name', 'shopping_cart_link')
2025-11-22 14:28:59,048 - automation_framework.core.logger - INFO - Clicked on element: ('class name', 'shopping_cart_link')
2025-11-22 14:28:59,048 - automation_framework.core.logger - INFO - Clicked on element: ('class name', 'shopping_cart_link')
2025-11-22 14:28:59,048 - automation_framework.core.logger - INFO - Clicked on element: ('class name', 'shopping_cart_link')
2025-11-22 14:28:59,048 - automation_framework.core.logger - INFO - Clicked on element: ('class name', 'shopping_cart_link')
2025-11-22 14:28:59,083 - automation_framework.core.logger - INFO - Total price calculated: 33.97
2025-11-22 14:28:59,083 - automation_framework.core.logger - INFO - Total price calculated: 33.97
2025-11-22 14:28:59,083 - automation_framework.core.logger - INFO - Total price calculated: 33.97
2025-11-22 14:28:59,083 - automation_framework.core.logger - INFO - Total price calculated: 33.97
2025-11-22 14:28:59,083 - automation_framework.core.logger - INFO - Total price calculated: 33.97
2025-11-22 14:28:59,083 - automation_framework.core.logger - INFO - Total price calculated: 33.97
2025-11-22 14:28:59,122 - automation_framework.core.logger - INFO - Clicked on element: ('id', 'checkout')
2025-11-22 14:28:59,122 - automation_framework.core.logger - INFO - Clicked on element: ('id', 'checkout')
2025-11-22 14:28:59,122 - automation_framework.core.logger - INFO - Clicked on element: ('id', 'checkout')
2025-11-22 14:28:59,122 - automation_framework.core.logger - INFO - Clicked on element: ('id', 'checkout')
2025-11-22 14:28:59,122 - automation_framework.core.logger - INFO - Clicked on element: ('id', 'checkout')
2025-11-22 14:28:59,122 - automation_framework.core.logger - INFO - Clicked on element: ('id', 'checkout')
2025-11-22 14:28:59,135 - automation_framework.core.logger - INFO - Scrolled to element: ('id', 'first-name')
2025-11-22 14:28:59,135 - automation_framework.core.logger - INFO - Scrolled to element: ('id', 'first-name')
2025-11-22 14:28:59,135 - automation_framework.core.logger - INFO - Scrolled to element: ('id', 'first-name')
2025-11-22 14:28:59,135 - automation_framework.core.logger - INFO - Scrolled to element: ('id', 'first-name')
2025-11-22 14:28:59,135 - automation_framework.core.logger - INFO - Scrolled to element: ('id', 'first-name')
2025-11-22 14:28:59,135 - automation_framework.core.logger - INFO - Scrolled to element: ('id', 'first-name')
2025-11-22 14:28:59,177 - automation_framework.core.logger - INFO - Typed 'John' into element: ('id', 'first-name')
2025-11-22 14:28:59,177 - automation_framework.core.logger - INFO - Typed 'John' into element: ('id', 'first-name')
2025-11-22 14:28:59,177 - automation_framework.core.logger - INFO - Typed 'John' into element: ('id', 'first-name')
2025-11-22 14:28:59,177 - automation_framework.core.logger - INFO - Typed 'John' into element: ('id', 'first-name')
2025-11-22 14:28:59,177 - automation_framework.core.logger - INFO - Typed 'John' into element: ('id', 'first-name')
2025-11-22 14:28:59,177 - automation_framework.core.logger - INFO - Typed 'John' into element: ('id', 'first-name')
2025-11-22 14:28:59,240 - automation_framework.core.logger - INFO - Typed 'Doe' into element: ('id', 'last-name')
2025-11-22 14:28:59,240 - automation_framework.core.logger - INFO - Typed 'Doe' into element: ('id', 'last-name')
2025-11-22 14:28:59,240 - automation_framework.core.logger - INFO - Typed 'Doe' into element: ('id', 'last-name')
2025-11-22 14:28:59,240 - automation_framework.core.logger - INFO - Typed 'Doe' into element: ('id', 'last-name')
2025-11-22 14:28:59,240 - automation_framework.core.logger - INFO - Typed 'Doe' into element: ('id', 'last-name')
2025-11-22 14:28:59,240 - automation_framework.core.logger - INFO - Typed 'Doe' into element: ('id', 'last-name')
2025-11-22 14:28:59,276 - automation_framework.core.logger - INFO - Typed '12345' into element: ('id', 'postal-code')
2025-11-22 14:28:59,276 - automation_framework.core.logger - INFO - Typed '12345' into element: ('id', 'postal-code')
2025-11-22 14:28:59,276 - automation_framework.core.logger - INFO - Typed '12345' into element: ('id', 'postal-code')
2025-11-22 14:28:59,276 - automation_framework.core.logger - INFO - Typed '12345' into element: ('id', 'postal-code')
2025-11-22 14:28:59,276 - automation_framework.core.logger - INFO - Typed '12345' into element: ('id', 'postal-code')
2025-11-22 14:28:59,276 - automation_framework.core.logger - INFO - Typed '12345' into element: ('id', 'postal-code')
2025-11-22 14:28:59,291 - automation_framework.core.logger - INFO - JS Clicked on element: ('id', 'continue')
2025-11-22 14:28:59,291 - automation_framework.core.logger - INFO - JS Clicked on element: ('id', 'continue')
2025-11-22 14:28:59,291 - automation_framework.core.logger - INFO - JS Clicked on element: ('id', 'continue')
2025-11-22 14:28:59,291 - automation_framework.core.logger - INFO - JS Clicked on element: ('id', 'continue')
2025-11-22 14:28:59,291 - automation_framework.core.logger - INFO - JS Clicked on element: ('id', 'continue')
2025-11-22 14:28:59,291 - automation_framework.core.logger - INFO - JS Clicked on element: ('id', 'continue')
2025-11-22 14:29:01,919 - automation_framework.core.logger - INFO - Clicked on element: ('id', 'login-button')
2025-11-22 14:29:01,919 - automation_framework.core.logger - INFO - Clicked on element: ('id', 'login-button')
2025-11-22 14:29:01,919 - automation_framework.core.logger - INFO - Clicked on element: ('id', 'login-button')
2025-11-22 14:29:01,919 - automation_framework.core.logger - INFO - Clicked on element: ('id', 'login-button')
2025-11-22 14:29:01,919 - automation_framework.core.logger - INFO - Clicked on element: ('id', 'login-button')
2025-11-22 14:29:01,919 - automation_framework.core.logger - INFO - Clicked on element: ('id', 'login-button')
2025-11-22 14:29:29,385 - automation_framework.core.logger - ERROR - Test failed. Screenshot saved to screenshots/failed_test_e2e_purchase_2025-11-22_14-29-29.png
2025-11-22 14:29:29,385 - automation_framework.core.logger - ERROR - Test failed. Screenshot saved to screenshots/failed_test_e2e_purchase_2025-11-22_14-29-29.png
2025-11-22 14:29:29,385 - automation_framework.core.logger - ERROR - Test failed. Screenshot saved to screenshots/failed_test_e2e_purchase_2025-11-22_14-29-29.png
2025-11-22 14:29:29,385 - automation_framework.core.logger - ERROR - Test failed. Screenshot saved to screenshots/failed_test_e2e_purchase_2025-11-22_14-29-29.png
2025-11-22 14:29:29,385 - automation_framework.core.logger - ERROR - Test failed. Screenshot saved to screenshots/failed_test_e2e_purchase_2025-11-22_14-29-29.png
2025-11-22 14:29:29,385 - automation_framework.core.logger - ERROR - Test failed. Screenshot saved to screenshots/failed_test_e2e_purchase_2025-11-22_14-29-29.png
