2025-11-22 14:27:20,587 - automation_framework.core.logger - INFO - Typed 'standard_user' into element: ('id', 'user-name')
2025-11-22 14:27:20,587 - automation_framework.core.logger - INFO - Typed 'standard_user' into element: ('id', 'user-name')
2025-11-22 14:27:20,850 - automation_framework.core.logger - INFO - Typed 'secret_sauce' into element: ('id', 'password')
2025-11-22 14:27:20,850 - automation_framework.core.logger - INFO - Typed 'secret_sauce' into element: ('id', 'password')
2025-11-22 14:27:20,929 - automation_framework.core.logger - INFO - Clicked on element: ('id', 'login-button')
2025-11-22 14:27:20,929 - automation_framework.core.logger - INFO - Clicked on element: ('id', 'login-button')
2025-11-22 14:27:22,741 - automation_framework.core.logger - INFO - Typed 'locked_out_user' into element: ('id', 'user-name')
2025-11-22 14:27:22,741 - automation_framework.core.logger - INFO - Typed 'locked_out_user' into element: ('id', 'user-name')
2025-11-22 14:27:22,834 - automation_framework.core.logger - INFO - Typed 'secret_sauce' into element: ('id', 'password')
2025-11-22 14:27:22,834 - automation_framework.core.logger - INFO - Typed 'secret_sauce' into element: ('id', 'password')
2025-11-22 14:27:22,893 - automation_framework.core.logger - INFO - Clicked on element: ('id', 'login-button')
2025-11-22 14:27:22,893 - automation_framework.core.logger - INFO - Clicked on element: ('id', 'login-button')
2025-11-22 14:27:22,909 - automation_framework.core.logger - INFO - Got text 'Epic sadface: Sorry, this user has been locked out.' from element: ('css selector', "[data-test='error']")
2025-11-22 14:27:22,909 - automation_framework.core.logger - INFO - Got text 'Epic sadface: Sorry, this user has been locked out.' from element: ('css selector', "[data-test='error']")
2025-11-22 14:27:24,746 - automation_framework.core.logger - INFO - Typed 'problem_user' into element: ('id', 'user-name')
2025-11-22 14:27:24,746 - automation_framework.core.logger - INFO - Typed 'problem_user' into element: ('id', 'user-name')
2025-11-22 14:27:24,837 - automation_framework.core.logger - INFO - Typed 'secret_sauce' into element: ('id', 'password')
2025-11-22 14:27:24,837 - automation_framework.core.logger - INFO - Typed 'secret_sauce' into element: ('id', 'password')
2025-11-22 14:27:24,881 - automation_framework.core.logger - INFO - Clicked on element: ('id', 'login-button')
2025-11-22 14:27:24,881 - automation_framework.core.logger - INFO - Clicked on element: ('id', 'login-button')
2025-11-22 14:27:26,631 - automation_framework.core.logger - INFO - Typed 'performance_glitch_user' into element: ('id', 'user-name')
2025-11-22 14:27:26,631 - automation_framework.core.logger - INFO - Typed 'performance_glitch_user' into element: ('id', 'user-name')
2025-11-22 14:27:26,719 - automation_framework.core.logger - INFO - Typed 'secret_sauce' into element: ('id', 'password')
2025-11-22 14:27:26,719 - automation_framework.core.logger - INFO - Typed 'secret_sauce' into element: ('id', 'password')
2025-11-22 14:27:31,769 - automation_framework.core.logger - INFO - Clicked on element: ('id', 'login-button')
2025-11-22 14:27:31,769 - automation_framework.core.logger - INFO - Clicked on element: ('id', 'login-button')
