2025-11-22 14:41:09,422 - automation_framework.core.logger - INFO - GET https://jsonplaceholder.typicode.com/users - Status: 200
2025-11-22 14:41:09,422 - automation_framework.core.logger - INFO - GET https://jsonplaceholder.typicode.com/users - Status: 200
2025-11-22 14:41:09,422 - automation_framework.core.logger - INFO - GET https://jsonplaceholder.typicode.com/users - Status: 200
2025-11-22 14:41:09,422 - automation_framework.core.logger - INFO - GET https://jsonplaceholder.typicode.com/users - Status: 200
2025-11-22 14:41:09,422 - automation_framework.core.logger - INFO - GET https://jsonplaceholder.typicode.com/users - Status: 200
2025-11-22 14:41:09,422 - automation_framework.core.logger - INFO - GET https://jsonplaceholder.typicode.com/users - Status: 200
2025-11-22 14:41:10,331 - automation_framework.core.logger - INFO - POST https://jsonplaceholder.typicode.com/posts - Status: 201
2025-11-22 14:41:10,331 - automation_framework.core.logger - INFO - POST https://jsonplaceholder.typicode.com/posts - Status: 201
2025-11-22 14:41:10,331 - automation_framework.core.logger - INFO - POST https://jsonplaceholder.typicode.com/posts - Status: 201
2025-11-22 14:41:10,331 - automation_framework.core.logger - INFO - POST https://jsonplaceholder.typicode.com/posts - Status: 201
2025-11-22 14:41:10,331 - automation_framework.core.logger - INFO - POST https://jsonplaceholder.typicode.com/posts - Status: 201
2025-11-22 14:41:10,331 - automation_framework.core.logger - INFO - POST https://jsonplaceholder.typicode.com/posts - Status: 201
2025-11-22 14:41:10,342 - automation_framework.core.logger - INFO - Connected to database: test_db_master.sqlite
2025-11-22 14:41:10,342 - automation_framework.core.logger - INFO - Connected to database: test_db_master.sqlite
2025-11-22 14:41:10,342 - automation_framework.core.logger - INFO - Connected to database: test_db_master.sqlite
2025-11-22 14:41:10,342 - automation_framework.core.logger - INFO - Connected to database: test_db_master.sqlite
2025-11-22 14:41:10,342 - automation_framework.core.logger - INFO - Connected to database: test_db_master.sqlite
2025-11-22 14:41:10,342 - automation_framework.core.logger - INFO - Connected to database: test_db_master.sqlite
2025-11-22 14:41:10,347 - automation_framework.core.logger - INFO - Executed script: /Users/binayakkhanal/PycharmProject/swagLabs/automation_framework/database/schema.sql
2025-11-22 14:41:10,347 - automation_framework.core.logger - INFO - Executed script: /Users/binayakkhanal/PycharmProject/swagLabs/automation_framework/database/schema.sql
2025-11-22 14:41:10,347 - automation_framework.core.logger - INFO - Executed script: /Users/binayakkhanal/PycharmProject/swagLabs/automation_framework/database/schema.sql
2025-11-22 14:41:10,347 - automation_framework.core.logger - INFO - Executed script: /Users/binayakkhanal/PycharmProject/swagLabs/automation_framework/database/schema.sql
2025-11-22 14:41:10,347 - automation_framework.core.logger - INFO - Executed script: /Users/binayakkhanal/PycharmProject/swagLabs/automation_framework/database/schema.sql
2025-11-22 14:41:10,347 - automation_framework.core.logger - INFO - Executed script: /Users/binayakkhanal/PycharmProject/swagLabs/automation_framework/database/schema.sql
2025-11-22 14:41:10,355 - automation_framework.core.logger - INFO - Closed database connection
2025-11-22 14:41:10,355 - automation_framework.core.logger - INFO - Closed database connection
2025-11-22 14:41:10,355 - automation_framework.core.logger - INFO - Closed database connection
2025-11-22 14:41:10,355 - automation_framework.core.logger - INFO - Closed database connection
2025-11-22 14:41:10,355 - automation_framework.core.logger - INFO - Closed database connection
2025-11-22 14:41:10,355 - automation_framework.core.logger - INFO - Closed database connection
2025-11-22 14:41:10,357 - automation_framework.core.logger - INFO - Connected to database: test_db_master.sqlite
2025-11-22 14:41:10,357 - automation_framework.core.logger - INFO - Connected to database: test_db_master.sqlite
2025-11-22 14:41:10,357 - automation_framework.core.logger - INFO - Connected to database: test_db_master.sqlite
2025-11-22 14:41:10,357 - automation_framework.core.logger - INFO - Connected to database: test_db_master.sqlite
2025-11-22 14:41:10,357 - automation_framework.core.logger - INFO - Connected to database: test_db_master.sqlite
2025-11-22 14:41:10,357 - automation_framework.core.logger - INFO - Connected to database: test_db_master.sqlite
2025-11-22 14:41:10,358 - automation_framework.core.logger - INFO - Executed script: /Users/binayakkhanal/PycharmProject/swagLabs/automation_framework/database/schema.sql
2025-11-22 14:41:10,358 - automation_framework.core.logger - INFO - Executed script: /Users/binayakkhanal/PycharmProject/swagLabs/automation_framework/database/schema.sql
2025-11-22 14:41:10,358 - automation_framework.core.logger - INFO - Executed script: /Users/binayakkhanal/PycharmProject/swagLabs/automation_framework/database/schema.sql
2025-11-22 14:41:10,358 - automation_framework.core.logger - INFO - Executed script: /Users/binayakkhanal/PycharmProject/swagLabs/automation_framework/database/schema.sql
2025-11-22 14:41:10,358 - automation_framework.core.logger - INFO - Executed script: /Users/binayakkhanal/PycharmProject/swagLabs/automation_framework/database/schema.sql
2025-11-22 14:41:10,358 - automation_framework.core.logger - INFO - Executed script: /Users/binayakkhanal/PycharmProject/swagLabs/automation_framework/database/schema.sql
2025-11-22 14:41:10,364 - automation_framework.core.logger - INFO - Closed database connection
2025-11-22 14:41:10,364 - automation_framework.core.logger - INFO - Closed database connection
2025-11-22 14:41:10,364 - automation_framework.core.logger - INFO - Closed database connection
2025-11-22 14:41:10,364 - automation_framework.core.logger - INFO - Closed database connection
2025-11-22 14:41:10,364 - automation_framework.core.logger - INFO - Closed database connection
2025-11-22 14:41:10,364 - automation_framework.core.logger - INFO - Closed database connection
2025-11-22 14:41:10,365 - automation_framework.core.logger - INFO - Connected to database: test_db_master.sqlite
2025-11-22 14:41:10,365 - automation_framework.core.logger - INFO - Connected to database: test_db_master.sqlite
2025-11-22 14:41:10,365 - automation_framework.core.logger - INFO - Connected to database: test_db_master.sqlite
2025-11-22 14:41:10,365 - automation_framework.core.logger - INFO - Connected to database: test_db_master.sqlite
2025-11-22 14:41:10,365 - automation_framework.core.logger - INFO - Connected to database: test_db_master.sqlite
2025-11-22 14:41:10,365 - automation_framework.core.logger - INFO - Connected to database: test_db_master.sqlite
2025-11-22 14:41:10,367 - automation_framework.core.logger - INFO - Executed script: /Users/binayakkhanal/PycharmProject/swagLabs/automation_framework/database/schema.sql
2025-11-22 14:41:10,367 - automation_framework.core.logger - INFO - Executed script: /Users/binayakkhanal/PycharmProject/swagLabs/automation_framework/database/schema.sql
2025-11-22 14:41:10,367 - automation_framework.core.logger - INFO - Executed script: /Users/binayakkhanal/PycharmProject/swagLabs/automation_framework/database/schema.sql
2025-11-22 14:41:10,367 - automation_framework.core.logger - INFO - Executed script: /Users/binayakkhanal/PycharmProject/swagLabs/automation_framework/database/schema.sql
2025-11-22 14:41:10,367 - automation_framework.core.logger - INFO - Executed script: /Users/binayakkhanal/PycharmProject/swagLabs/automation_framework/database/schema.sql
2025-11-22 14:41:10,367 - automation_framework.core.logger - INFO - Executed script: /Users/binayakkhanal/PycharmProject/swagLabs/automation_framework/database/schema.sql
2025-11-22 14:41:10,427 - automation_framework.core.logger - INFO - GET https://jsonplaceholder.typicode.com/users - Status: 200
2025-11-22 14:41:10,427 - automation_framework.core.logger - INFO - GET https://jsonplaceholder.typicode.com/users - Status: 200
2025-11-22 14:41:10,427 - automation_framework.core.logger - INFO - GET https://jsonplaceholder.typicode.com/users - Status: 200
2025-11-22 14:41:10,427 - automation_framework.core.logger - INFO - GET https://jsonplaceholder.typicode.com/users - Status: 200
2025-11-22 14:41:10,427 - automation_framework.core.logger - INFO - GET https://jsonplaceholder.typicode.com/users - Status: 200
2025-11-22 14:41:10,427 - automation_framework.core.logger - INFO - GET https://jsonplaceholder.typicode.com/users - Status: 200
2025-11-22 14:41:10,436 - automation_framework.core.logger - INFO - Closed database connection
2025-11-22 14:41:10,436 - automation_framework.core.logger - INFO - Closed database connection
2025-11-22 14:41:10,436 - automation_framework.core.logger - INFO - Closed database connection
2025-11-22 14:41:10,436 - automation_framework.core.logger - INFO - Closed database connection
2025-11-22 14:41:10,436 - automation_framework.core.logger - INFO - Closed database connection
2025-11-22 14:41:10,436 - automation_framework.core.logger - INFO - Closed database connection
2025-11-22 14:41:13,467 - automation_framework.core.logger - INFO - Typed 'standard_user' into element: ('id', 'user-name')
2025-11-22 14:41:13,467 - automation_framework.core.logger - INFO - Typed 'standard_user' into element: ('id', 'user-name')
2025-11-22 14:41:13,467 - automation_framework.core.logger - INFO - Typed 'standard_user' into element: ('id', 'user-name')
2025-11-22 14:41:13,467 - automation_framework.core.logger - INFO - Typed 'standard_user' into element: ('id', 'user-name')
2025-11-22 14:41:13,467 - automation_framework.core.logger - INFO - Typed 'standard_user' into element: ('id', 'user-name')
2025-11-22 14:41:13,467 - automation_framework.core.logger - INFO - Typed 'standard_user' into element: ('id', 'user-name')
2025-11-22 14:41:13,509 - automation_framework.core.logger - INFO - Typed 'secret_sauce' into element: ('id', 'password')
2025-11-22 14:41:13,509 - automation_framework.core.logger - INFO - Typed 'secret_sauce' into element: ('id', 'password')
2025-11-22 14:41:13,509 - automation_framework.core.logger - INFO - Typed 'secret_sauce' into element: ('id', 'password')
2025-11-22 14:41:13,509 - automation_framework.core.logger - INFO - Typed 'secret_sauce' into element: ('id', 'password')
2025-11-22 14:41:13,509 - automation_framework.core.logger - INFO - Typed 'secret_sauce' into element: ('id', 'password')
2025-11-22 14:41:13,509 - automation_framework.core.logger - INFO - Typed 'secret_sauce' into element: ('id', 'password')
2025-11-22 14:41:13,572 - automation_framework.core.logger - INFO - Clicked on element: ('id', 'login-button')
2025-11-22 14:41:13,572 - automation_framework.core.logger - INFO - Clicked on element: ('id', 'login-button')
2025-11-22 14:41:13,572 - automation_framework.core.logger - INFO - Clicked on element: ('id', 'login-button')
2025-11-22 14:41:13,572 - automation_framework.core.logger - INFO - Clicked on element: ('id', 'login-button')
2025-11-22 14:41:13,572 - automation_framework.core.logger - INFO - Clicked on element: ('id', 'login-button')
2025-11-22 14:41:13,572 - automation_framework.core.logger - INFO - Clicked on element: ('id', 'login-button')
2025-11-22 14:41:15,839 - automation_framework.core.logger - INFO - Typed 'locked_out_user' into element: ('id', 'user-name')
2025-11-22 14:41:15,839 - automation_framework.core.logger - INFO - Typed 'locked_out_user' into element: ('id', 'user-name')
2025-11-22 14:41:15,839 - automation_framework.core.logger - INFO - Typed 'locked_out_user' into element: ('id', 'user-name')
2025-11-22 14:41:15,839 - automation_framework.core.logger - INFO - Typed 'locked_out_user' into element: ('id', 'user-name')
2025-11-22 14:41:15,839 - automation_framework.core.logger - INFO - Typed 'locked_out_user' into element: ('id', 'user-name')
2025-11-22 14:41:15,839 - automation_framework.core.logger - INFO - Typed 'locked_out_user' into element: ('id', 'user-name')
2025-11-22 14:41:15,879 - automation_framework.core.logger - INFO - Typed 'secret_sauce' into element: ('id', 'password')
2025-11-22 14:41:15,879 - automation_framework.core.logger - INFO - Typed 'secret_sauce' into element: ('id', 'password')
2025-11-22 14:41:15,879 - automation_framework.core.logger - INFO - Typed 'secret_sauce' into element: ('id', 'password')
2025-11-22 14:41:15,879 - automation_framework.core.logger - INFO - Typed 'secret_sauce' into element: ('id', 'password')
2025-11-22 14:41:15,879 - automation_framework.core.logger - INFO - Typed 'secret_sauce' into element: ('id', 'password')
2025-11-22 14:41:15,879 - automation_framework.core.logger - INFO - Typed 'secret_sauce' into element: ('id', 'password')
2025-11-22 14:41:15,926 - automation_framework.core.logger - INFO - Clicked on element: ('id', 'login-button')
2025-11-22 14:41:15,926 - automation_framework.core.logger - INFO - Clicked on element: ('id', 'login-button')
2025-11-22 14:41:15,926 - automation_framework.core.logger - INFO - Clicked on element: ('id', 'login-button')
2025-11-22 14:41:15,926 - automation_framework.core.logger - INFO - Clicked on element: ('id', 'login-button')
2025-11-22 14:41:15,926 - automation_framework.core.logger - INFO - Clicked on element: ('id', 'login-button')
2025-11-22 14:41:15,926 - automation_framework.core.logger - INFO - Clicked on element: ('id', 'login-button')
2025-11-22 14:41:15,942 - automation_framework.core.logger - INFO - Got text 'Epic sadface: Sorry, this user has been locked out.' from element: ('css selector', "[data-test='error']")
2025-11-22 14:41:15,942 - automation_framework.core.logger - INFO - Got text 'Epic sadface: Sorry, this user has been locked out.' from element: ('css selector', "[data-test='error']")
2025-11-22 14:41:15,942 - automation_framework.core.logger - INFO - Got text 'Epic sadface: Sorry, this user has been locked out.' from element: ('css selector', "[data-test='error']")
2025-11-22 14:41:15,942 - automation_framework.core.logger - INFO - Got text 'Epic sadface: Sorry, this user has been locked out.' from element: ('css selector', "[data-test='error']")
2025-11-22 14:41:15,942 - automation_framework.core.logger - INFO - Got text 'Epic sadface: Sorry, this user has been locked out.' from element: ('css selector', "[data-test='error']")
2025-11-22 14:41:15,942 - automation_framework.core.logger - INFO - Got text 'Epic sadface: Sorry, this user has been locked out.' from element: ('css selector', "[data-test='error']")
2025-11-22 14:41:17,995 - automation_framework.core.logger - INFO - Typed 'problem_user' into element: ('id', 'user-name')
2025-11-22 14:41:17,995 - automation_framework.core.logger - INFO - Typed 'problem_user' into element: ('id', 'user-name')
2025-11-22 14:41:17,995 - automation_framework.core.logger - INFO - Typed 'problem_user' into element: ('id', 'user-name')
2025-11-22 14:41:17,995 - automation_framework.core.logger - INFO - Typed 'problem_user' into element: ('id', 'user-name')
2025-11-22 14:41:17,995 - automation_framework.core.logger - INFO - Typed 'problem_user' into element: ('id', 'user-name')
2025-11-22 14:41:17,995 - automation_framework.core.logger - INFO - Typed 'problem_user' into element: ('id', 'user-name')
2025-11-22 14:41:18,037 - automation_framework.core.logger - INFO - Typed 'secret_sauce' into element: ('id', 'password')
2025-11-22 14:41:18,037 - automation_framework.core.logger - INFO - Typed 'secret_sauce' into element: ('id', 'password')
2025-11-22 14:41:18,037 - automation_framework.core.logger - INFO - Typed 'secret_sauce' into element: ('id', 'password')
2025-11-22 14:41:18,037 - automation_framework.core.logger - INFO - Typed 'secret_sauce' into element: ('id', 'password')
2025-11-22 14:41:18,037 - automation_framework.core.logger - INFO - Typed 'secret_sauce' into element: ('id', 'password')
2025-11-22 14:41:18,037 - automation_framework.core.logger - INFO - Typed 'secret_sauce' into element: ('id', 'password')
2025-11-22 14:41:18,083 - automation_framework.core.logger - INFO - Clicked on element: ('id', 'login-button')
2025-11-22 14:41:18,083 - automation_framework.core.logger - INFO - Clicked on element: ('id', 'login-button')
2025-11-22 14:41:18,083 - automation_framework.core.logger - INFO - Clicked on element: ('id', 'login-button')
2025-11-22 14:41:18,083 - automation_framework.core.logger - INFO - Clicked on element: ('id', 'login-button')
2025-11-22 14:41:18,083 - automation_framework.core.logger - INFO - Clicked on element: ('id', 'login-button')
2025-11-22 14:41:18,083 - automation_framework.core.logger - INFO - Clicked on element: ('id', 'login-button')
2025-11-22 14:41:20,108 - automation_framework.core.logger - INFO - Typed 'performance_glitch_user' into element: ('id', 'user-name')
2025-11-22 14:41:20,108 - automation_framework.core.logger - INFO - Typed 'performance_glitch_user' into element: ('id', 'user-name')
2025-11-22 14:41:20,108 - automation_framework.core.logger - INFO - Typed 'performance_glitch_user' into element: ('id', 'user-name')
2025-11-22 14:41:20,108 - automation_framework.core.logger - INFO - Typed 'performance_glitch_user' into element: ('id', 'user-name')
2025-11-22 14:41:20,108 - automation_framework.core.logger - INFO - Typed 'performance_glitch_user' into element: ('id', 'user-name')
2025-11-22 14:41:20,108 - automation_framework.core.logger - INFO - Typed 'performance_glitch_user' into element: ('id', 'user-name')
2025-11-22 14:41:20,157 - automation_framework.core.logger - INFO - Typed 'secret_sauce' into element: ('id', 'password')
2025-11-22 14:41:20,157 - automation_framework.core.logger - INFO - Typed 'secret_sauce' into element: ('id', 'password')
2025-11-22 14:41:20,157 - automation_framework.core.logger - INFO - Typed 'secret_sauce' into element: ('id', 'password')
2025-11-22 14:41:20,157 - automation_framework.core.logger - INFO - Typed 'secret_sauce' into element: ('id', 'password')
2025-11-22 14:41:20,157 - automation_framework.core.logger - INFO - Typed 'secret_sauce' into element: ('id', 'password')
2025-11-22 14:41:20,157 - automation_framework.core.logger - INFO - Typed 'secret_sauce' into element: ('id', 'password')
2025-11-22 14:41:25,210 - automation_framework.core.logger - INFO - Clicked on element: ('id', 'login-button')
2025-11-22 14:41:25,210 - automation_framework.core.logger - INFO - Clicked on element: ('id', 'login-button')
2025-11-22 14:41:25,210 - automation_framework.core.logger - INFO - Clicked on element: ('id', 'login-button')
2025-11-22 14:41:25,210 - automation_framework.core.logger - INFO - Clicked on element: ('id', 'login-button')
2025-11-22 14:41:25,210 - automation_framework.core.logger - INFO - Clicked on element: ('id', 'login-button')
2025-11-22 14:41:25,210 - automation_framework.core.logger - INFO - Clicked on element: ('id', 'login-button')
2025-11-22 14:41:27,239 - automation_framework.core.logger - INFO - Starting E2E Purchase Test
2025-11-22 14:41:27,239 - automation_framework.core.logger - INFO - Starting E2E Purchase Test
2025-11-22 14:41:27,239 - automation_framework.core.logger - INFO - Starting E2E Purchase Test
2025-11-22 14:41:27,239 - automation_framework.core.logger - INFO - Starting E2E Purchase Test
2025-11-22 14:41:27,239 - automation_framework.core.logger - INFO - Starting E2E Purchase Test
2025-11-22 14:41:27,239 - automation_framework.core.logger - INFO - Starting E2E Purchase Test
2025-11-22 14:41:27,321 - automation_framework.core.logger - INFO - Typed 'standard_user' into element: ('id', 'user-name')
2025-11-22 14:41:27,321 - automation_framework.core.logger - INFO - Typed 'standard_user' into element: ('id', 'user-name')
2025-11-22 14:41:27,321 - automation_framework.core.logger - INFO - Typed 'standard_user' into element: ('id', 'user-name')
2025-11-22 14:41:27,321 - automation_framework.core.logger - INFO - Typed 'standard_user' into element: ('id', 'user-name')
2025-11-22 14:41:27,321 - automation_framework.core.logger - INFO - Typed 'standard_user' into element: ('id', 'user-name')
2025-11-22 14:41:27,321 - automation_framework.core.logger - INFO - Typed 'standard_user' into element: ('id', 'user-name')
2025-11-22 14:41:27,364 - automation_framework.core.logger - INFO - Typed 'secret_sauce' into element: ('id', 'password')
2025-11-22 14:41:27,364 - automation_framework.core.logger - INFO - Typed 'secret_sauce' into element: ('id', 'password')
2025-11-22 14:41:27,364 - automation_framework.core.logger - INFO - Typed 'secret_sauce' into element: ('id', 'password')
2025-11-22 14:41:27,364 - automation_framework.core.logger - INFO - Typed 'secret_sauce' into element: ('id', 'password')
2025-11-22 14:41:27,364 - automation_framework.core.logger - INFO - Typed 'secret_sauce' into element: ('id', 'password')
2025-11-22 14:41:27,364 - automation_framework.core.logger - INFO - Typed 'secret_sauce' into element: ('id', 'password')
2025-11-22 14:41:27,414 - automation_framework.core.logger - INFO - Clicked on element: ('id', 'login-button')
2025-11-22 14:41:27,414 - automation_framework.core.logger - INFO - Clicked on element: ('id', 'login-button')
2025-11-22 14:41:27,414 - automation_framework.core.logger - INFO - Clicked on element: ('id', 'login-button')
2025-11-22 14:41:27,414 - automation_framework.core.logger - INFO - Clicked on element: ('id', 'login-button')
2025-11-22 14:41:27,414 - automation_framework.core.logger - INFO - Clicked on element: ('id', 'login-button')
2025-11-22 14:41:27,414 - automation_framework.core.logger - INFO - Clicked on element: ('id', 'login-button')
2025-11-22 14:41:27,525 - automation_framework.core.logger - INFO - Got text '3' from element: ('class name', 'shopping_cart_badge')
2025-11-22 14:41:27,525 - automation_framework.core.logger - INFO - Got text '3' from element: ('class name', 'shopping_cart_badge')
2025-11-22 14:41:27,525 - automation_framework.core.logger - INFO - Got text '3' from element: ('class name', 'shopping_cart_badge')
2025-11-22 14:41:27,525 - automation_framework.core.logger - INFO - Got text '3' from element: ('class name', 'shopping_cart_badge')
2025-11-22 14:41:27,525 - automation_framework.core.logger - INFO - Got text '3' from element: ('class name', 'shopping_cart_badge')
2025-11-22 14:41:27,525 - automation_framework.core.logger - INFO - Got text '3' from element: ('class name', 'shopping_cart_badge')
2025-11-22 14:41:27,560 - automation_framework.core.logger - INFO - Clicked on element: ('class name', 'shopping_cart_link')
2025-11-22 14:41:27,560 - automation_framework.core.logger - INFO - Clicked on element: ('class name', 'shopping_cart_link')
2025-11-22 14:41:27,560 - automation_framework.core.logger - INFO - Clicked on element: ('class name', 'shopping_cart_link')
2025-11-22 14:41:27,560 - automation_framework.core.logger - INFO - Clicked on element: ('class name', 'shopping_cart_link')
2025-11-22 14:41:27,560 - automation_framework.core.logger - INFO - Clicked on element: ('class name', 'shopping_cart_link')
2025-11-22 14:41:27,560 - automation_framework.core.logger - INFO - Clicked on element: ('class name', 'shopping_cart_link')
2025-11-22 14:41:27,593 - automation_framework.core.logger - INFO - Total price calculated: 75.97
2025-11-22 14:41:27,593 - automation_framework.core.logger - INFO - Total price calculated: 75.97
2025-11-22 14:41:27,593 - automation_framework.core.logger - INFO - Total price calculated: 75.97
2025-11-22 14:41:27,593 - automation_framework.core.logger - INFO - Total price calculated: 75.97
2025-11-22 14:41:27,593 - automation_framework.core.logger - INFO - Total price calculated: 75.97
2025-11-22 14:41:27,593 - automation_framework.core.logger - INFO - Total price calculated: 75.97
2025-11-22 14:41:27,628 - automation_framework.core.logger - INFO - Clicked on element: ('id', 'checkout')
2025-11-22 14:41:27,628 - automation_framework.core.logger - INFO - Clicked on element: ('id', 'checkout')
2025-11-22 14:41:27,628 - automation_framework.core.logger - INFO - Clicked on element: ('id', 'checkout')
2025-11-22 14:41:27,628 - automation_framework.core.logger - INFO - Clicked on element: ('id', 'checkout')
2025-11-22 14:41:27,628 - automation_framework.core.logger - INFO - Clicked on element: ('id', 'checkout')
2025-11-22 14:41:27,628 - automation_framework.core.logger - INFO - Clicked on element: ('id', 'checkout')
2025-11-22 14:41:27,644 - automation_framework.core.logger - INFO - Scrolled to element: ('id', 'first-name')
2025-11-22 14:41:27,644 - automation_framework.core.logger - INFO - Scrolled to element: ('id', 'first-name')
2025-11-22 14:41:27,644 - automation_framework.core.logger - INFO - Scrolled to element: ('id', 'first-name')
2025-11-22 14:41:27,644 - automation_framework.core.logger - INFO - Scrolled to element: ('id', 'first-name')
2025-11-22 14:41:27,644 - automation_framework.core.logger - INFO - Scrolled to element: ('id', 'first-name')
2025-11-22 14:41:27,644 - automation_framework.core.logger - INFO - Scrolled to element: ('id', 'first-name')
2025-11-22 14:41:27,681 - automation_framework.core.logger - INFO - Typed 'John' into element: ('id', 'first-name')
2025-11-22 14:41:27,681 - automation_framework.core.logger - INFO - Typed 'John' into element: ('id', 'first-name')
2025-11-22 14:41:27,681 - automation_framework.core.logger - INFO - Typed 'John' into element: ('id', 'first-name')
2025-11-22 14:41:27,681 - automation_framework.core.logger - INFO - Typed 'John' into element: ('id', 'first-name')
2025-11-22 14:41:27,681 - automation_framework.core.logger - INFO - Typed 'John' into element: ('id', 'first-name')
2025-11-22 14:41:27,681 - automation_framework.core.logger - INFO - Typed 'John' into element: ('id', 'first-name')
2025-11-22 14:41:27,714 - automation_framework.core.logger - INFO - Typed 'Doe' into element: ('id', 'last-name')
2025-11-22 14:41:27,714 - automation_framework.core.logger - INFO - Typed 'Doe' into element: ('id', 'last-name')
2025-11-22 14:41:27,714 - automation_framework.core.logger - INFO - Typed 'Doe' into element: ('id', 'last-name')
2025-11-22 14:41:27,714 - automation_framework.core.logger - INFO - Typed 'Doe' into element: ('id', 'last-name')
2025-11-22 14:41:27,714 - automation_framework.core.logger - INFO - Typed 'Doe' into element: ('id', 'last-name')
2025-11-22 14:41:27,714 - automation_framework.core.logger - INFO - Typed 'Doe' into element: ('id', 'last-name')
2025-11-22 14:41:27,777 - automation_framework.core.logger - INFO - Typed '12345' into element: ('id', 'postal-code')
2025-11-22 14:41:27,777 - automation_framework.core.logger - INFO - Typed '12345' into element: ('id', 'postal-code')
2025-11-22 14:41:27,777 - automation_framework.core.logger - INFO - Typed '12345' into element: ('id', 'postal-code')
2025-11-22 14:41:27,777 - automation_framework.core.logger - INFO - Typed '12345' into element: ('id', 'postal-code')
2025-11-22 14:41:27,777 - automation_framework.core.logger - INFO - Typed '12345' into element: ('id', 'postal-code')
2025-11-22 14:41:27,777 - automation_framework.core.logger - INFO - Typed '12345' into element: ('id', 'postal-code')
2025-11-22 14:41:27,797 - automation_framework.core.logger - INFO - JS Clicked on element: ('id', 'continue')
2025-11-22 14:41:27,797 - automation_framework.core.logger - INFO - JS Clicked on element: ('id', 'continue')
2025-11-22 14:41:27,797 - automation_framework.core.logger - INFO - JS Clicked on element: ('id', 'continue')
2025-11-22 14:41:27,797 - automation_framework.core.logger - INFO - JS Clicked on element: ('id', 'continue')
2025-11-22 14:41:27,797 - automation_framework.core.logger - INFO - JS Clicked on element: ('id', 'continue')
2025-11-22 14:41:27,797 - automation_framework.core.logger - INFO - JS Clicked on element: ('id', 'continue')
2025-11-22 14:41:27,805 - automation_framework.core.logger - INFO - Scrolled to element: ('id', 'finish')
2025-11-22 14:41:27,805 - automation_framework.core.logger - INFO - Scrolled to element: ('id', 'finish')
2025-11-22 14:41:27,805 - automation_framework.core.logger - INFO - Scrolled to element: ('id', 'finish')
2025-11-22 14:41:27,805 - automation_framework.core.logger - INFO - Scrolled to element: ('id', 'finish')
2025-11-22 14:41:27,805 - automation_framework.core.logger - INFO - Scrolled to element: ('id', 'finish')
2025-11-22 14:41:27,805 - automation_framework.core.logger - INFO - Scrolled to element: ('id', 'finish')
2025-11-22 14:41:27,818 - automation_framework.core.logger - INFO - JS Clicked on element: ('id', 'finish')
2025-11-22 14:41:27,818 - automation_framework.core.logger - INFO - JS Clicked on element: ('id', 'finish')
2025-11-22 14:41:27,818 - automation_framework.core.logger - INFO - JS Clicked on element: ('id', 'finish')
2025-11-22 14:41:27,818 - automation_framework.core.logger - INFO - JS Clicked on element: ('id', 'finish')
2025-11-22 14:41:27,818 - automation_framework.core.logger - INFO - JS Clicked on element: ('id', 'finish')
2025-11-22 14:41:27,818 - automation_framework.core.logger - INFO - JS Clicked on element: ('id', 'finish')
2025-11-22 14:41:27,830 - automation_framework.core.logger - INFO - Got text 'Thank you for your order!' from element: ('class name', 'complete-header')
2025-11-22 14:41:27,830 - automation_framework.core.logger - INFO - Got text 'Thank you for your order!' from element: ('class name', 'complete-header')
2025-11-22 14:41:27,830 - automation_framework.core.logger - INFO - Got text 'Thank you for your order!' from element: ('class name', 'complete-header')
2025-11-22 14:41:27,830 - automation_framework.core.logger - INFO - Got text 'Thank you for your order!' from element: ('class name', 'complete-header')
2025-11-22 14:41:27,830 - automation_framework.core.logger - INFO - Got text 'Thank you for your order!' from element: ('class name', 'complete-header')
2025-11-22 14:41:27,830 - automation_framework.core.logger - INFO - Got text 'Thank you for your order!' from element: ('class name', 'complete-header')
2025-11-22 14:41:27,830 - automation_framework.core.logger - INFO - E2E Purchase Test Completed Successfully
2025-11-22 14:41:27,830 - automation_framework.core.logger - INFO - E2E Purchase Test Completed Successfully
2025-11-22 14:41:27,830 - automation_framework.core.logger - INFO - E2E Purchase Test Completed Successfully
2025-11-22 14:41:27,830 - automation_framework.core.logger - INFO - E2E Purchase Test Completed Successfully
2025-11-22 14:41:27,830 - automation_framework.core.logger - INFO - E2E Purchase Test Completed Successfully
2025-11-22 14:41:27,830 - automation_framework.core.logger - INFO - E2E Purchase Test Completed Successfully
