2025-11-22 15:00:34,142 - automation_framework.core.logger - INFO - GET https://jsonplaceholder.typicode.com/users - Status: 200
2025-11-22 15:00:34,142 - automation_framework.core.logger - INFO - GET https://jsonplaceholder.typicode.com/users - Status: 200
2025-11-22 15:00:34,142 - automation_framework.core.logger - INFO - GET https://jsonplaceholder.typicode.com/users - Status: 200
2025-11-22 15:00:34,142 - automation_framework.core.logger - INFO - GET https://jsonplaceholder.typicode.com/users - Status: 200
2025-11-22 15:00:34,142 - automation_framework.core.logger - INFO - GET https://jsonplaceholder.typicode.com/users - Status: 200
2025-11-22 15:00:34,142 - automation_framework.core.logger - INFO - GET https://jsonplaceholder.typicode.com/users - Status: 200
2025-11-22 15:00:35,042 - automation_framework.core.logger - INFO - POST https://jsonplaceholder.typicode.com/posts - Status: 201
2025-11-22 15:00:35,042 - automation_framework.core.logger - INFO - POST https://jsonplaceholder.typicode.com/posts - Status: 201
2025-11-22 15:00:35,042 - automation_framework.core.logger - INFO - POST https://jsonplaceholder.typicode.com/posts - Status: 201
2025-11-22 15:00:35,042 - automation_framework.core.logger - INFO - POST https://jsonplaceholder.typicode.com/posts - Status: 201
2025-11-22 15:00:35,042 - automation_framework.core.logger - INFO - POST https://jsonplaceholder.typicode.com/posts - Status: 201
2025-11-22 15:00:35,042 - automation_framework.core.logger - INFO - POST https://jsonplaceholder.typicode.com/posts - Status: 201
2025-11-22 15:00:35,334 - automation_framework.core.logger - INFO - POST https://jsonplaceholder.typicode.com/posts - Status: 201
2025-11-22 15:00:35,334 - automation_framework.core.logger - INFO - POST https://jsonplaceholder.typicode.com/posts - Status: 201
2025-11-22 15:00:35,334 - automation_framework.core.logger - INFO - POST https://jsonplaceholder.typicode.com/posts - Status: 201
2025-11-22 15:00:35,334 - automation_framework.core.logger - INFO - POST https://jsonplaceholder.typicode.com/posts - Status: 201
2025-11-22 15:00:35,334 - automation_framework.core.logger - INFO - POST https://jsonplaceholder.typicode.com/posts - Status: 201
2025-11-22 15:00:35,334 - automation_framework.core.logger - INFO - POST https://jsonplaceholder.typicode.com/posts - Status: 201
2025-11-22 15:00:35,343 - automation_framework.core.logger - INFO - Connected to database: test_db_master.sqlite
2025-11-22 15:00:35,343 - automation_framework.core.logger - INFO - Connected to database: test_db_master.sqlite
2025-11-22 15:00:35,343 - automation_framework.core.logger - INFO - Connected to database: test_db_master.sqlite
2025-11-22 15:00:35,343 - automation_framework.core.logger - INFO - Connected to database: test_db_master.sqlite
2025-11-22 15:00:35,343 - automation_framework.core.logger - INFO - Connected to database: test_db_master.sqlite
2025-11-22 15:00:35,343 - automation_framework.core.logger - INFO - Connected to database: test_db_master.sqlite
2025-11-22 15:00:35,347 - automation_framework.core.logger - INFO - Executed script: /Users/binayakkhanal/PycharmProject/swagLabs/automation_framework/database/schema.sql
2025-11-22 15:00:35,347 - automation_framework.core.logger - INFO - Executed script: /Users/binayakkhanal/PycharmProject/swagLabs/automation_framework/database/schema.sql
2025-11-22 15:00:35,347 - automation_framework.core.logger - INFO - Executed script: /Users/binayakkhanal/PycharmProject/swagLabs/automation_framework/database/schema.sql
2025-11-22 15:00:35,347 - automation_framework.core.logger - INFO - Executed script: /Users/binayakkhanal/PycharmProject/swagLabs/automation_framework/database/schema.sql
2025-11-22 15:00:35,347 - automation_framework.core.logger - INFO - Executed script: /Users/binayakkhanal/PycharmProject/swagLabs/automation_framework/database/schema.sql
2025-11-22 15:00:35,347 - automation_framework.core.logger - INFO - Executed script: /Users/binayakkhanal/PycharmProject/swagLabs/automation_framework/database/schema.sql
2025-11-22 15:00:35,353 - automation_framework.core.logger - INFO - Closed database connection
2025-11-22 15:00:35,353 - automation_framework.core.logger - INFO - Closed database connection
2025-11-22 15:00:35,353 - automation_framework.core.logger - INFO - Closed database connection
2025-11-22 15:00:35,353 - automation_framework.core.logger - INFO - Closed database connection
2025-11-22 15:00:35,353 - automation_framework.core.logger - INFO - Closed database connection
2025-11-22 15:00:35,353 - automation_framework.core.logger - INFO - Closed database connection
2025-11-22 15:00:35,354 - automation_framework.core.logger - INFO - Connected to database: test_db_master.sqlite
2025-11-22 15:00:35,354 - automation_framework.core.logger - INFO - Connected to database: test_db_master.sqlite
2025-11-22 15:00:35,354 - automation_framework.core.logger - INFO - Connected to database: test_db_master.sqlite
2025-11-22 15:00:35,354 - automation_framework.core.logger - INFO - Connected to database: test_db_master.sqlite
2025-11-22 15:00:35,354 - automation_framework.core.logger - INFO - Connected to database: test_db_master.sqlite
2025-11-22 15:00:35,354 - automation_framework.core.logger - INFO - Connected to database: test_db_master.sqlite
2025-11-22 15:00:35,355 - automation_framework.core.logger - INFO - Executed script: /Users/binayakkhanal/PycharmProject/swagLabs/automation_framework/database/schema.sql
2025-11-22 15:00:35,355 - automation_framework.core.logger - INFO - Executed script: /Users/binayakkhanal/PycharmProject/swagLabs/automation_framework/database/schema.sql
2025-11-22 15:00:35,355 - automation_framework.core.logger - INFO - Executed script: /Users/binayakkhanal/PycharmProject/swagLabs/automation_framework/database/schema.sql
2025-11-22 15:00:35,355 - automation_framework.core.logger - INFO - Executed script: /Users/binayakkhanal/PycharmProject/swagLabs/automation_framework/database/schema.sql
2025-11-22 15:00:35,355 - automation_framework.core.logger - INFO - Executed script: /Users/binayakkhanal/PycharmProject/swagLabs/automation_framework/database/schema.sql
2025-11-22 15:00:35,355 - automation_framework.core.logger - INFO - Executed script: /Users/binayakkhanal/PycharmProject/swagLabs/automation_framework/database/schema.sql
2025-11-22 15:00:35,361 - automation_framework.core.logger - INFO - Closed database connection
2025-11-22 15:00:35,361 - automation_framework.core.logger - INFO - Closed database connection
2025-11-22 15:00:35,361 - automation_framework.core.logger - INFO - Closed database connection
2025-11-22 15:00:35,361 - automation_framework.core.logger - INFO - Closed database connection
2025-11-22 15:00:35,361 - automation_framework.core.logger - INFO - Closed database connection
2025-11-22 15:00:35,361 - automation_framework.core.logger - INFO - Closed database connection
2025-11-22 15:00:35,362 - automation_framework.core.logger - INFO - Connected to database: test_db_master.sqlite
2025-11-22 15:00:35,362 - automation_framework.core.logger - INFO - Connected to database: test_db_master.sqlite
2025-11-22 15:00:35,362 - automation_framework.core.logger - INFO - Connected to database: test_db_master.sqlite
2025-11-22 15:00:35,362 - automation_framework.core.logger - INFO - Connected to database: test_db_master.sqlite
2025-11-22 15:00:35,362 - automation_framework.core.logger - INFO - Connected to database: test_db_master.sqlite
2025-11-22 15:00:35,362 - automation_framework.core.logger - INFO - Connected to database: test_db_master.sqlite
2025-11-22 15:00:35,362 - automation_framework.core.logger - INFO - Executed script: /Users/binayakkhanal/PycharmProject/swagLabs/automation_framework/database/schema.sql
2025-11-22 15:00:35,362 - automation_framework.core.logger - INFO - Executed script: /Users/binayakkhanal/PycharmProject/swagLabs/automation_framework/database/schema.sql
2025-11-22 15:00:35,362 - automation_framework.core.logger - INFO - Executed script: /Users/binayakkhanal/PycharmProject/swagLabs/automation_framework/database/schema.sql
2025-11-22 15:00:35,362 - automation_framework.core.logger - INFO - Executed script: /Users/binayakkhanal/PycharmProject/swagLabs/automation_framework/database/schema.sql
2025-11-22 15:00:35,362 - automation_framework.core.logger - INFO - Executed script: /Users/binayakkhanal/PycharmProject/swagLabs/automation_framework/database/schema.sql
2025-11-22 15:00:35,362 - automation_framework.core.logger - INFO - Executed script: /Users/binayakkhanal/PycharmProject/swagLabs/automation_framework/database/schema.sql
2025-11-22 15:00:35,427 - automation_framework.core.logger - INFO - GET https://jsonplaceholder.typicode.com/users - Status: 200
2025-11-22 15:00:35,427 - automation_framework.core.logger - INFO - GET https://jsonplaceholder.typicode.com/users - Status: 200
2025-11-22 15:00:35,427 - automation_framework.core.logger - INFO - GET https://jsonplaceholder.typicode.com/users - Status: 200
2025-11-22 15:00:35,427 - automation_framework.core.logger - INFO - GET https://jsonplaceholder.typicode.com/users - Status: 200
2025-11-22 15:00:35,427 - automation_framework.core.logger - INFO - GET https://jsonplaceholder.typicode.com/users - Status: 200
2025-11-22 15:00:35,427 - automation_framework.core.logger - INFO - GET https://jsonplaceholder.typicode.com/users - Status: 200
2025-11-22 15:00:35,436 - automation_framework.core.logger - INFO - Closed database connection
2025-11-22 15:00:35,436 - automation_framework.core.logger - INFO - Closed database connection
2025-11-22 15:00:35,436 - automation_framework.core.logger - INFO - Closed database connection
2025-11-22 15:00:35,436 - automation_framework.core.logger - INFO - Closed database connection
2025-11-22 15:00:35,436 - automation_framework.core.logger - INFO - Closed database connection
2025-11-22 15:00:35,436 - automation_framework.core.logger - INFO - Closed database connection
2025-11-22 15:00:38,568 - automation_framework.core.logger - INFO - Typed 'standard_user' into element: ('id', 'user-name')
2025-11-22 15:00:38,568 - automation_framework.core.logger - INFO - Typed 'standard_user' into element: ('id', 'user-name')
2025-11-22 15:00:38,568 - automation_framework.core.logger - INFO - Typed 'standard_user' into element: ('id', 'user-name')
2025-11-22 15:00:38,568 - automation_framework.core.logger - INFO - Typed 'standard_user' into element: ('id', 'user-name')
2025-11-22 15:00:38,568 - automation_framework.core.logger - INFO - Typed 'standard_user' into element: ('id', 'user-name')
2025-11-22 15:00:38,568 - automation_framework.core.logger - INFO - Typed 'standard_user' into element: ('id', 'user-name')
2025-11-22 15:00:38,685 - automation_framework.core.logger - INFO - Typed 'secret_sauce' into element: ('id', 'password')
2025-11-22 15:00:38,685 - automation_framework.core.logger - INFO - Typed 'secret_sauce' into element: ('id', 'password')
2025-11-22 15:00:38,685 - automation_framework.core.logger - INFO - Typed 'secret_sauce' into element: ('id', 'password')
2025-11-22 15:00:38,685 - automation_framework.core.logger - INFO - Typed 'secret_sauce' into element: ('id', 'password')
2025-11-22 15:00:38,685 - automation_framework.core.logger - INFO - Typed 'secret_sauce' into element: ('id', 'password')
2025-11-22 15:00:38,685 - automation_framework.core.logger - INFO - Typed 'secret_sauce' into element: ('id', 'password')
2025-11-22 15:00:38,753 - automation_framework.core.logger - INFO - Clicked on element: ('id', 'login-button')
2025-11-22 15:00:38,753 - automation_framework.core.logger - INFO - Clicked on element: ('id', 'login-button')
2025-11-22 15:00:38,753 - automation_framework.core.logger - INFO - Clicked on element: ('id', 'login-button')
2025-11-22 15:00:38,753 - automation_framework.core.logger - INFO - Clicked on element: ('id', 'login-button')
2025-11-22 15:00:38,753 - automation_framework.core.logger - INFO - Clicked on element: ('id', 'login-button')
2025-11-22 15:00:38,753 - automation_framework.core.logger - INFO - Clicked on element: ('id', 'login-button')
2025-11-22 15:00:40,849 - automation_framework.core.logger - INFO - Typed 'locked_out_user' into element: ('id', 'user-name')
2025-11-22 15:00:40,849 - automation_framework.core.logger - INFO - Typed 'locked_out_user' into element: ('id', 'user-name')
2025-11-22 15:00:40,849 - automation_framework.core.logger - INFO - Typed 'locked_out_user' into element: ('id', 'user-name')
2025-11-22 15:00:40,849 - automation_framework.core.logger - INFO - Typed 'locked_out_user' into element: ('id', 'user-name')
2025-11-22 15:00:40,849 - automation_framework.core.logger - INFO - Typed 'locked_out_user' into element: ('id', 'user-name')
2025-11-22 15:00:40,849 - automation_framework.core.logger - INFO - Typed 'locked_out_user' into element: ('id', 'user-name')
2025-11-22 15:00:40,944 - automation_framework.core.logger - INFO - Typed 'secret_sauce' into element: ('id', 'password')
2025-11-22 15:00:40,944 - automation_framework.core.logger - INFO - Typed 'secret_sauce' into element: ('id', 'password')
2025-11-22 15:00:40,944 - automation_framework.core.logger - INFO - Typed 'secret_sauce' into element: ('id', 'password')
2025-11-22 15:00:40,944 - automation_framework.core.logger - INFO - Typed 'secret_sauce' into element: ('id', 'password')
2025-11-22 15:00:40,944 - automation_framework.core.logger - INFO - Typed 'secret_sauce' into element: ('id', 'password')
2025-11-22 15:00:40,944 - automation_framework.core.logger - INFO - Typed 'secret_sauce' into element: ('id', 'password')
2025-11-22 15:00:40,993 - automation_framework.core.logger - INFO - Clicked on element: ('id', 'login-button')
2025-11-22 15:00:40,993 - automation_framework.core.logger - INFO - Clicked on element: ('id', 'login-button')
2025-11-22 15:00:40,993 - automation_framework.core.logger - INFO - Clicked on element: ('id', 'login-button')
2025-11-22 15:00:40,993 - automation_framework.core.logger - INFO - Clicked on element: ('id', 'login-button')
2025-11-22 15:00:40,993 - automation_framework.core.logger - INFO - Clicked on element: ('id', 'login-button')
2025-11-22 15:00:40,993 - automation_framework.core.logger - INFO - Clicked on element: ('id', 'login-button')
2025-11-22 15:00:41,009 - automation_framework.core.logger - INFO - Got text 'Epic sadface: Sorry, this user has been locked out.' from element: ('css selector', "[data-test='error']")
2025-11-22 15:00:41,009 - automation_framework.core.logger - INFO - Got text 'Epic sadface: Sorry, this user has been locked out.' from element: ('css selector', "[data-test='error']")
2025-11-22 15:00:41,009 - automation_framework.core.logger - INFO - Got text 'Epic sadface: Sorry, this user has been locked out.' from element: ('css selector', "[data-test='error']")
2025-11-22 15:00:41,009 - automation_framework.core.logger - INFO - Got text 'Epic sadface: Sorry, this user has been locked out.' from element: ('css selector', "[data-test='error']")
2025-11-22 15:00:41,009 - automation_framework.core.logger - INFO - Got text 'Epic sadface: Sorry, this user has been locked out.' from element: ('css selector', "[data-test='error']")
2025-11-22 15:00:41,009 - automation_framework.core.logger - INFO - Got text 'Epic sadface: Sorry, this user has been locked out.' from element: ('css selector', "[data-test='error']")
2025-11-22 15:00:43,025 - automation_framework.core.logger - INFO - Typed 'problem_user' into element: ('id', 'user-name')
2025-11-22 15:00:43,025 - automation_framework.core.logger - INFO - Typed 'problem_user' into element: ('id', 'user-name')
2025-11-22 15:00:43,025 - automation_framework.core.logger - INFO - Typed 'problem_user' into element: ('id', 'user-name')
2025-11-22 15:00:43,025 - automation_framework.core.logger - INFO - Typed 'problem_user' into element: ('id', 'user-name')
2025-11-22 15:00:43,025 - automation_framework.core.logger - INFO - Typed 'problem_user' into element: ('id', 'user-name')
2025-11-22 15:00:43,025 - automation_framework.core.logger - INFO - Typed 'problem_user' into element: ('id', 'user-name')
2025-11-22 15:00:43,120 - automation_framework.core.logger - INFO - Typed 'secret_sauce' into element: ('id', 'password')
2025-11-22 15:00:43,120 - automation_framework.core.logger - INFO - Typed 'secret_sauce' into element: ('id', 'password')
2025-11-22 15:00:43,120 - automation_framework.core.logger - INFO - Typed 'secret_sauce' into element: ('id', 'password')
2025-11-22 15:00:43,120 - automation_framework.core.logger - INFO - Typed 'secret_sauce' into element: ('id', 'password')
2025-11-22 15:00:43,120 - automation_framework.core.logger - INFO - Typed 'secret_sauce' into element: ('id', 'password')
2025-11-22 15:00:43,120 - automation_framework.core.logger - INFO - Typed 'secret_sauce' into element: ('id', 'password')
2025-11-22 15:00:43,172 - automation_framework.core.logger - INFO - Clicked on element: ('id', 'login-button')
2025-11-22 15:00:43,172 - automation_framework.core.logger - INFO - Clicked on element: ('id', 'login-button')
2025-11-22 15:00:43,172 - automation_framework.core.logger - INFO - Clicked on element: ('id', 'login-button')
2025-11-22 15:00:43,172 - automation_framework.core.logger - INFO - Clicked on element: ('id', 'login-button')
2025-11-22 15:00:43,172 - automation_framework.core.logger - INFO - Clicked on element: ('id', 'login-button')
2025-11-22 15:00:43,172 - automation_framework.core.logger - INFO - Clicked on element: ('id', 'login-button')
2025-11-22 15:00:45,244 - automation_framework.core.logger - INFO - Typed 'performance_glitch_user' into element: ('id', 'user-name')
2025-11-22 15:00:45,244 - automation_framework.core.logger - INFO - Typed 'performance_glitch_user' into element: ('id', 'user-name')
2025-11-22 15:00:45,244 - automation_framework.core.logger - INFO - Typed 'performance_glitch_user' into element: ('id', 'user-name')
2025-11-22 15:00:45,244 - automation_framework.core.logger - INFO - Typed 'performance_glitch_user' into element: ('id', 'user-name')
2025-11-22 15:00:45,244 - automation_framework.core.logger - INFO - Typed 'performance_glitch_user' into element: ('id', 'user-name')
2025-11-22 15:00:45,244 - automation_framework.core.logger - INFO - Typed 'performance_glitch_user' into element: ('id', 'user-name')
2025-11-22 15:00:45,338 - automation_framework.core.logger - INFO - Typed 'secret_sauce' into element: ('id', 'password')
2025-11-22 15:00:45,338 - automation_framework.core.logger - INFO - Typed 'secret_sauce' into element: ('id', 'password')
2025-11-22 15:00:45,338 - automation_framework.core.logger - INFO - Typed 'secret_sauce' into element: ('id', 'password')
2025-11-22 15:00:45,338 - automation_framework.core.logger - INFO - Typed 'secret_sauce' into element: ('id', 'password')
2025-11-22 15:00:45,338 - automation_framework.core.logger - INFO - Typed 'secret_sauce' into element: ('id', 'password')
2025-11-22 15:00:45,338 - automation_framework.core.logger - INFO - Typed 'secret_sauce' into element: ('id', 'password')
2025-11-22 15:00:50,392 - automation_framework.core.logger - INFO - Clicked on element: ('id', 'login-button')
2025-11-22 15:00:50,392 - automation_framework.core.logger - INFO - Clicked on element: ('id', 'login-button')
2025-11-22 15:00:50,392 - automation_framework.core.logger - INFO - Clicked on element: ('id', 'login-button')
2025-11-22 15:00:50,392 - automation_framework.core.logger - INFO - Clicked on element: ('id', 'login-button')
2025-11-22 15:00:50,392 - automation_framework.core.logger - INFO - Clicked on element: ('id', 'login-button')
2025-11-22 15:00:50,392 - automation_framework.core.logger - INFO - Clicked on element: ('id', 'login-button')
2025-11-22 15:00:52,062 - automation_framework.core.logger - INFO - Starting E2E Purchase Test
2025-11-22 15:00:52,062 - automation_framework.core.logger - INFO - Starting E2E Purchase Test
2025-11-22 15:00:52,062 - automation_framework.core.logger - INFO - Starting E2E Purchase Test
2025-11-22 15:00:52,062 - automation_framework.core.logger - INFO - Starting E2E Purchase Test
2025-11-22 15:00:52,062 - automation_framework.core.logger - INFO - Starting E2E Purchase Test
2025-11-22 15:00:52,062 - automation_framework.core.logger - INFO - Starting E2E Purchase Test
2025-11-22 15:00:52,444 - automation_framework.core.logger - INFO - Typed 'standard_user' into element: ('id', 'user-name')
2025-11-22 15:00:52,444 - automation_framework.core.logger - INFO - Typed 'standard_user' into element: ('id', 'user-name')
2025-11-22 15:00:52,444 - automation_framework.core.logger - INFO - Typed 'standard_user' into element: ('id', 'user-name')
2025-11-22 15:00:52,444 - automation_framework.core.logger - INFO - Typed 'standard_user' into element: ('id', 'user-name')
2025-11-22 15:00:52,444 - automation_framework.core.logger - INFO - Typed 'standard_user' into element: ('id', 'user-name')
2025-11-22 15:00:52,444 - automation_framework.core.logger - INFO - Typed 'standard_user' into element: ('id', 'user-name')
2025-11-22 15:00:52,543 - automation_framework.core.logger - INFO - Typed 'secret_sauce' into element: ('id', 'password')
2025-11-22 15:00:52,543 - automation_framework.core.logger - INFO - Typed 'secret_sauce' into element: ('id', 'password')
2025-11-22 15:00:52,543 - automation_framework.core.logger - INFO - Typed 'secret_sauce' into element: ('id', 'password')
2025-11-22 15:00:52,543 - automation_framework.core.logger - INFO - Typed 'secret_sauce' into element: ('id', 'password')
2025-11-22 15:00:52,543 - automation_framework.core.logger - INFO - Typed 'secret_sauce' into element: ('id', 'password')
2025-11-22 15:00:52,543 - automation_framework.core.logger - INFO - Typed 'secret_sauce' into element: ('id', 'password')
2025-11-22 15:00:52,595 - automation_framework.core.logger - INFO - Clicked on element: ('id', 'login-button')
2025-11-22 15:00:52,595 - automation_framework.core.logger - INFO - Clicked on element: ('id', 'login-button')
2025-11-22 15:00:52,595 - automation_framework.core.logger - INFO - Clicked on element: ('id', 'login-button')
2025-11-22 15:00:52,595 - automation_framework.core.logger - INFO - Clicked on element: ('id', 'login-button')
2025-11-22 15:00:52,595 - automation_framework.core.logger - INFO - Clicked on element: ('id', 'login-button')
2025-11-22 15:00:52,595 - automation_framework.core.logger - INFO - Clicked on element: ('id', 'login-button')
2025-11-22 15:00:52,702 - automation_framework.core.logger - INFO - Got text '3' from element: ('class name', 'shopping_cart_badge')
2025-11-22 15:00:52,702 - automation_framework.core.logger - INFO - Got text '3' from element: ('class name', 'shopping_cart_badge')
2025-11-22 15:00:52,702 - automation_framework.core.logger - INFO - Got text '3' from element: ('class name', 'shopping_cart_badge')
2025-11-22 15:00:52,702 - automation_framework.core.logger - INFO - Got text '3' from element: ('class name', 'shopping_cart_badge')
2025-11-22 15:00:52,702 - automation_framework.core.logger - INFO - Got text '3' from element: ('class name', 'shopping_cart_badge')
2025-11-22 15:00:52,702 - automation_framework.core.logger - INFO - Got text '3' from element: ('class name', 'shopping_cart_badge')
2025-11-22 15:00:52,739 - automation_framework.core.logger - INFO - Clicked on element: ('class name', 'shopping_cart_link')
2025-11-22 15:00:52,739 - automation_framework.core.logger - INFO - Clicked on element: ('class name', 'shopping_cart_link')
2025-11-22 15:00:52,739 - automation_framework.core.logger - INFO - Clicked on element: ('class name', 'shopping_cart_link')
2025-11-22 15:00:52,739 - automation_framework.core.logger - INFO - Clicked on element: ('class name', 'shopping_cart_link')
2025-11-22 15:00:52,739 - automation_framework.core.logger - INFO - Clicked on element: ('class name', 'shopping_cart_link')
2025-11-22 15:00:52,739 - automation_framework.core.logger - INFO - Clicked on element: ('class name', 'shopping_cart_link')
2025-11-22 15:00:52,772 - automation_framework.core.logger - INFO - Total price calculated: 47.97
2025-11-22 15:00:52,772 - automation_framework.core.logger - INFO - Total price calculated: 47.97
2025-11-22 15:00:52,772 - automation_framework.core.logger - INFO - Total price calculated: 47.97
2025-11-22 15:00:52,772 - automation_framework.core.logger - INFO - Total price calculated: 47.97
2025-11-22 15:00:52,772 - automation_framework.core.logger - INFO - Total price calculated: 47.97
2025-11-22 15:00:52,772 - automation_framework.core.logger - INFO - Total price calculated: 47.97
2025-11-22 15:00:52,806 - automation_framework.core.logger - INFO - Clicked on element: ('id', 'checkout')
2025-11-22 15:00:52,806 - automation_framework.core.logger - INFO - Clicked on element: ('id', 'checkout')
2025-11-22 15:00:52,806 - automation_framework.core.logger - INFO - Clicked on element: ('id', 'checkout')
2025-11-22 15:00:52,806 - automation_framework.core.logger - INFO - Clicked on element: ('id', 'checkout')
2025-11-22 15:00:52,806 - automation_framework.core.logger - INFO - Clicked on element: ('id', 'checkout')
2025-11-22 15:00:52,806 - automation_framework.core.logger - INFO - Clicked on element: ('id', 'checkout')
2025-11-22 15:00:52,818 - automation_framework.core.logger - INFO - Scrolled to element: ('id', 'first-name')
2025-11-22 15:00:52,818 - automation_framework.core.logger - INFO - Scrolled to element: ('id', 'first-name')
2025-11-22 15:00:52,818 - automation_framework.core.logger - INFO - Scrolled to element: ('id', 'first-name')
2025-11-22 15:00:52,818 - automation_framework.core.logger - INFO - Scrolled to element: ('id', 'first-name')
2025-11-22 15:00:52,818 - automation_framework.core.logger - INFO - Scrolled to element: ('id', 'first-name')
2025-11-22 15:00:52,818 - automation_framework.core.logger - INFO - Scrolled to element: ('id', 'first-name')
2025-11-22 15:00:52,854 - automation_framework.core.logger - INFO - Typed 'John' into element: ('id', 'first-name')
2025-11-22 15:00:52,854 - automation_framework.core.logger - INFO - Typed 'John' into element: ('id', 'first-name')
2025-11-22 15:00:52,854 - automation_framework.core.logger - INFO - Typed 'John' into element: ('id', 'first-name')
2025-11-22 15:00:52,854 - automation_framework.core.logger - INFO - Typed 'John' into element: ('id', 'first-name')
2025-11-22 15:00:52,854 - automation_framework.core.logger - INFO - Typed 'John' into element: ('id', 'first-name')
2025-11-22 15:00:52,854 - automation_framework.core.logger - INFO - Typed 'John' into element: ('id', 'first-name')
2025-11-22 15:00:52,896 - automation_framework.core.logger - INFO - Typed 'Doe' into element: ('id', 'last-name')
2025-11-22 15:00:52,896 - automation_framework.core.logger - INFO - Typed 'Doe' into element: ('id', 'last-name')
2025-11-22 15:00:52,896 - automation_framework.core.logger - INFO - Typed 'Doe' into element: ('id', 'last-name')
2025-11-22 15:00:52,896 - automation_framework.core.logger - INFO - Typed 'Doe' into element: ('id', 'last-name')
2025-11-22 15:00:52,896 - automation_framework.core.logger - INFO - Typed 'Doe' into element: ('id', 'last-name')
2025-11-22 15:00:52,896 - automation_framework.core.logger - INFO - Typed 'Doe' into element: ('id', 'last-name')
2025-11-22 15:00:52,952 - automation_framework.core.logger - INFO - Typed '12345' into element: ('id', 'postal-code')
2025-11-22 15:00:52,952 - automation_framework.core.logger - INFO - Typed '12345' into element: ('id', 'postal-code')
2025-11-22 15:00:52,952 - automation_framework.core.logger - INFO - Typed '12345' into element: ('id', 'postal-code')
2025-11-22 15:00:52,952 - automation_framework.core.logger - INFO - Typed '12345' into element: ('id', 'postal-code')
2025-11-22 15:00:52,952 - automation_framework.core.logger - INFO - Typed '12345' into element: ('id', 'postal-code')
2025-11-22 15:00:52,952 - automation_framework.core.logger - INFO - Typed '12345' into element: ('id', 'postal-code')
2025-11-22 15:00:52,971 - automation_framework.core.logger - INFO - JS Clicked on element: ('id', 'continue')
2025-11-22 15:00:52,971 - automation_framework.core.logger - INFO - JS Clicked on element: ('id', 'continue')
2025-11-22 15:00:52,971 - automation_framework.core.logger - INFO - JS Clicked on element: ('id', 'continue')
2025-11-22 15:00:52,971 - automation_framework.core.logger - INFO - JS Clicked on element: ('id', 'continue')
2025-11-22 15:00:52,971 - automation_framework.core.logger - INFO - JS Clicked on element: ('id', 'continue')
2025-11-22 15:00:52,971 - automation_framework.core.logger - INFO - JS Clicked on element: ('id', 'continue')
2025-11-22 15:00:52,988 - automation_framework.core.logger - INFO - Scrolled to element: ('id', 'finish')
2025-11-22 15:00:52,988 - automation_framework.core.logger - INFO - Scrolled to element: ('id', 'finish')
2025-11-22 15:00:52,988 - automation_framework.core.logger - INFO - Scrolled to element: ('id', 'finish')
2025-11-22 15:00:52,988 - automation_framework.core.logger - INFO - Scrolled to element: ('id', 'finish')
2025-11-22 15:00:52,988 - automation_framework.core.logger - INFO - Scrolled to element: ('id', 'finish')
2025-11-22 15:00:52,988 - automation_framework.core.logger - INFO - Scrolled to element: ('id', 'finish')
2025-11-22 15:00:52,996 - automation_framework.core.logger - INFO - JS Clicked on element: ('id', 'finish')
2025-11-22 15:00:52,996 - automation_framework.core.logger - INFO - JS Clicked on element: ('id', 'finish')
2025-11-22 15:00:52,996 - automation_framework.core.logger - INFO - JS Clicked on element: ('id', 'finish')
2025-11-22 15:00:52,996 - automation_framework.core.logger - INFO - JS Clicked on element: ('id', 'finish')
2025-11-22 15:00:52,996 - automation_framework.core.logger - INFO - JS Clicked on element: ('id', 'finish')
2025-11-22 15:00:52,996 - automation_framework.core.logger - INFO - JS Clicked on element: ('id', 'finish')
2025-11-22 15:00:53,009 - automation_framework.core.logger - INFO - Got text 'Thank you for your order!' from element: ('class name', 'complete-header')
2025-11-22 15:00:53,009 - automation_framework.core.logger - INFO - Got text 'Thank you for your order!' from element: ('class name', 'complete-header')
2025-11-22 15:00:53,009 - automation_framework.core.logger - INFO - Got text 'Thank you for your order!' from element: ('class name', 'complete-header')
2025-11-22 15:00:53,009 - automation_framework.core.logger - INFO - Got text 'Thank you for your order!' from element: ('class name', 'complete-header')
2025-11-22 15:00:53,009 - automation_framework.core.logger - INFO - Got text 'Thank you for your order!' from element: ('class name', 'complete-header')
2025-11-22 15:00:53,009 - automation_framework.core.logger - INFO - Got text 'Thank you for your order!' from element: ('class name', 'complete-header')
2025-11-22 15:00:53,010 - automation_framework.core.logger - INFO - E2E Purchase Test Completed Successfully
2025-11-22 15:00:53,010 - automation_framework.core.logger - INFO - E2E Purchase Test Completed Successfully
2025-11-22 15:00:53,010 - automation_framework.core.logger - INFO - E2E Purchase Test Completed Successfully
2025-11-22 15:00:53,010 - automation_framework.core.logger - INFO - E2E Purchase Test Completed Successfully
2025-11-22 15:00:53,010 - automation_framework.core.logger - INFO - E2E Purchase Test Completed Successfully
2025-11-22 15:00:53,010 - automation_framework.core.logger - INFO - E2E Purchase Test Completed Successfully
