2025-11-22 14:21:41,578 - automation_framework.core.logger - INFO - Starting E2E Purchase Test
2025-11-22 14:21:41,578 - automation_framework.core.logger - INFO - Starting E2E Purchase Test
2025-11-22 14:21:41,578 - automation_framework.core.logger - INFO - Starting E2E Purchase Test
2025-11-22 14:21:41,662 - automation_framework.core.logger - INFO - Typed 'standard_user' into element: ('id', 'user-name')
2025-11-22 14:21:41,662 - automation_framework.core.logger - INFO - Typed 'standard_user' into element: ('id', 'user-name')
2025-11-22 14:21:41,662 - automation_framework.core.logger - INFO - Typed 'standard_user' into element: ('id', 'user-name')
2025-11-22 14:21:41,758 - automation_framework.core.logger - INFO - Typed 'secret_sauce' into element: ('id', 'password')
2025-11-22 14:21:41,758 - automation_framework.core.logger - INFO - Typed 'secret_sauce' into element: ('id', 'password')
2025-11-22 14:21:41,758 - automation_framework.core.logger - INFO - Typed 'secret_sauce' into element: ('id', 'password')
2025-11-22 14:21:41,803 - automation_framework.core.logger - INFO - Clicked on element: ('id', 'login-button')
2025-11-22 14:21:41,803 - automation_framework.core.logger - INFO - Clicked on element: ('id', 'login-button')
2025-11-22 14:21:41,803 - automation_framework.core.logger - INFO - Clicked on element: ('id', 'login-button')
2025-11-22 14:21:41,909 - automation_framework.core.logger - INFO - Got text '3' from element: ('class name', 'shopping_cart_badge')
2025-11-22 14:21:41,909 - automation_framework.core.logger - INFO - Got text '3' from element: ('class name', 'shopping_cart_badge')
2025-11-22 14:21:41,909 - automation_framework.core.logger - INFO - Got text '3' from element: ('class name', 'shopping_cart_badge')
2025-11-22 14:21:41,942 - automation_framework.core.logger - INFO - Clicked on element: ('class name', 'shopping_cart_link')
2025-11-22 14:21:41,942 - automation_framework.core.logger - INFO - Clicked on element: ('class name', 'shopping_cart_link')
2025-11-22 14:21:41,942 - automation_framework.core.logger - INFO - Clicked on element: ('class name', 'shopping_cart_link')
2025-11-22 14:21:41,971 - automation_framework.core.logger - INFO - Total price calculated: 53.97
2025-11-22 14:21:41,971 - automation_framework.core.logger - INFO - Total price calculated: 53.97
2025-11-22 14:21:41,971 - automation_framework.core.logger - INFO - Total price calculated: 53.97
2025-11-22 14:21:42,016 - automation_framework.core.logger - INFO - Clicked on element: ('id', 'checkout')
2025-11-22 14:21:42,016 - automation_framework.core.logger - INFO - Clicked on element: ('id', 'checkout')
2025-11-22 14:21:42,016 - automation_framework.core.logger - INFO - Clicked on element: ('id', 'checkout')
2025-11-22 14:21:42,051 - automation_framework.core.logger - ERROR - Failed to type into element: ('id', 'first-name'). Error: Message: element not interactable
  (Session info: chrome=142.0.7444.176); For documentation on this error, please visit: https://www.selenium.dev/documentation/webdriver/troubleshooting/errors#elementnotinteractableexception
Stacktrace:
0   chromedriver                        0x0000000103276ecc cxxbridge1$str$ptr + 2941512
1   chromedriver                        0x000000010326eb88 cxxbridge1$str$ptr + 2907908
2   chromedriver                        0x0000000102d86114 _RNvCsgXDX2mvAJAg_7___rustc35___rust_no_alloc_shim_is_unstable_v2 + 73608
3   chromedriver                        0x0000000102dc8778 _RNvCsgXDX2mvAJAg_7___rustc35___rust_no_alloc_shim_is_unstable_v2 + 345580
4   chromedriver                        0x0000000102dc715c _RNvCsgXDX2mvAJAg_7___rustc35___rust_no_alloc_shim_is_unstable_v2 + 339920
5   chromedriver                        0x0000000102dc3504 _RNvCsgXDX2mvAJAg_7___rustc35___rust_no_alloc_shim_is_unstable_v2 + 324472
6   chromedriver                        0x0000000102e0ed54 _RNvCsgXDX2mvAJAg_7___rustc35___rust_no_alloc_shim_is_unstable_v2 + 633800
7   chromedriver                        0x0000000102dc1ef0 _RNvCsgXDX2mvAJAg_7___rustc35___rust_no_alloc_shim_is_unstable_v2 + 318820
8   chromedriver                        0x000000010323a0c8 cxxbridge1$str$ptr + 2692164
9   chromedriver                        0x000000010323d8dc cxxbridge1$str$ptr + 2706520
10  chromedriver                        0x000000010321a84c cxxbridge1$str$ptr + 2563016
11  chromedriver                        0x000000010323e1b4 cxxbridge1$str$ptr + 2708784
12  chromedriver                        0x000000010320c0f4 cxxbridge1$str$ptr + 2503792
13  chromedriver                        0x000000010325d498 cxxbridge1$str$ptr + 2836500
14  chromedriver                        0x000000010325d61c cxxbridge1$str$ptr + 2836888
15  chromedriver                        0x000000010326e7d8 cxxbridge1$str$ptr + 2906964
16  libsystem_pthread.dylib             0x000000019f126f94 _pthread_start + 136
17  libsystem_pthread.dylib             0x000000019f121d34 thread_start + 8

2025-11-22 14:21:42,051 - automation_framework.core.logger - ERROR - Failed to type into element: ('id', 'first-name'). Error: Message: element not interactable
  (Session info: chrome=142.0.7444.176); For documentation on this error, please visit: https://www.selenium.dev/documentation/webdriver/troubleshooting/errors#elementnotinteractableexception
Stacktrace:
0   chromedriver                        0x0000000103276ecc cxxbridge1$str$ptr + 2941512
1   chromedriver                        0x000000010326eb88 cxxbridge1$str$ptr + 2907908
2   chromedriver                        0x0000000102d86114 _RNvCsgXDX2mvAJAg_7___rustc35___rust_no_alloc_shim_is_unstable_v2 + 73608
3   chromedriver                        0x0000000102dc8778 _RNvCsgXDX2mvAJAg_7___rustc35___rust_no_alloc_shim_is_unstable_v2 + 345580
4   chromedriver                        0x0000000102dc715c _RNvCsgXDX2mvAJAg_7___rustc35___rust_no_alloc_shim_is_unstable_v2 + 339920
5   chromedriver                        0x0000000102dc3504 _RNvCsgXDX2mvAJAg_7___rustc35___rust_no_alloc_shim_is_unstable_v2 + 324472
6   chromedriver                        0x0000000102e0ed54 _RNvCsgXDX2mvAJAg_7___rustc35___rust_no_alloc_shim_is_unstable_v2 + 633800
7   chromedriver                        0x0000000102dc1ef0 _RNvCsgXDX2mvAJAg_7___rustc35___rust_no_alloc_shim_is_unstable_v2 + 318820
8   chromedriver                        0x000000010323a0c8 cxxbridge1$str$ptr + 2692164
9   chromedriver                        0x000000010323d8dc cxxbridge1$str$ptr + 2706520
10  chromedriver                        0x000000010321a84c cxxbridge1$str$ptr + 2563016
11  chromedriver                        0x000000010323e1b4 cxxbridge1$str$ptr + 2708784
12  chromedriver                        0x000000010320c0f4 cxxbridge1$str$ptr + 2503792
13  chromedriver                        0x000000010325d498 cxxbridge1$str$ptr + 2836500
14  chromedriver                        0x000000010325d61c cxxbridge1$str$ptr + 2836888
15  chromedriver                        0x000000010326e7d8 cxxbridge1$str$ptr + 2906964
16  libsystem_pthread.dylib             0x000000019f126f94 _pthread_start + 136
17  libsystem_pthread.dylib             0x000000019f121d34 thread_start + 8

2025-11-22 14:21:42,051 - automation_framework.core.logger - ERROR - Failed to type into element: ('id', 'first-name'). Error: Message: element not interactable
  (Session info: chrome=142.0.7444.176); For documentation on this error, please visit: https://www.selenium.dev/documentation/webdriver/troubleshooting/errors#elementnotinteractableexception
Stacktrace:
0   chromedriver                        0x0000000103276ecc cxxbridge1$str$ptr + 2941512
1   chromedriver                        0x000000010326eb88 cxxbridge1$str$ptr + 2907908
2   chromedriver                        0x0000000102d86114 _RNvCsgXDX2mvAJAg_7___rustc35___rust_no_alloc_shim_is_unstable_v2 + 73608
3   chromedriver                        0x0000000102dc8778 _RNvCsgXDX2mvAJAg_7___rustc35___rust_no_alloc_shim_is_unstable_v2 + 345580
4   chromedriver                        0x0000000102dc715c _RNvCsgXDX2mvAJAg_7___rustc35___rust_no_alloc_shim_is_unstable_v2 + 339920
5   chromedriver                        0x0000000102dc3504 _RNvCsgXDX2mvAJAg_7___rustc35___rust_no_alloc_shim_is_unstable_v2 + 324472
6   chromedriver                        0x0000000102e0ed54 _RNvCsgXDX2mvAJAg_7___rustc35___rust_no_alloc_shim_is_unstable_v2 + 633800
7   chromedriver                        0x0000000102dc1ef0 _RNvCsgXDX2mvAJAg_7___rustc35___rust_no_alloc_shim_is_unstable_v2 + 318820
8   chromedriver                        0x000000010323a0c8 cxxbridge1$str$ptr + 2692164
9   chromedriver                        0x000000010323d8dc cxxbridge1$str$ptr + 2706520
10  chromedriver                        0x000000010321a84c cxxbridge1$str$ptr + 2563016
11  chromedriver                        0x000000010323e1b4 cxxbridge1$str$ptr + 2708784
12  chromedriver                        0x000000010320c0f4 cxxbridge1$str$ptr + 2503792
13  chromedriver                        0x000000010325d498 cxxbridge1$str$ptr + 2836500
14  chromedriver                        0x000000010325d61c cxxbridge1$str$ptr + 2836888
15  chromedriver                        0x000000010326e7d8 cxxbridge1$str$ptr + 2906964
16  libsystem_pthread.dylib             0x000000019f126f94 _pthread_start + 136
17  libsystem_pthread.dylib             0x000000019f121d34 thread_start + 8

2025-11-22 14:21:42,187 - automation_framework.core.logger - ERROR - Test failed. Screenshot saved to screenshots/failed_test_e2e_purchase_2025-11-22_14-21-42.png
2025-11-22 14:21:42,187 - automation_framework.core.logger - ERROR - Test failed. Screenshot saved to screenshots/failed_test_e2e_purchase_2025-11-22_14-21-42.png
2025-11-22 14:21:42,187 - automation_framework.core.logger - ERROR - Test failed. Screenshot saved to screenshots/failed_test_e2e_purchase_2025-11-22_14-21-42.png
