2025-11-22 14:27:39,521 - automation_framework.core.logger - INFO - Connected to database: test_db.sqlite
2025-11-22 14:27:39,521 - automation_framework.core.logger - INFO - Connected to database: test_db.sqlite
2025-11-22 14:27:39,521 - automation_framework.core.logger - INFO - Connected to database: test_db.sqlite
2025-11-22 14:27:39,521 - automation_framework.core.logger - INFO - Connected to database: test_db.sqlite
2025-11-22 14:27:39,521 - automation_framework.core.logger - INFO - Connected to database: test_db.sqlite
2025-11-22 14:27:39,521 - automation_framework.core.logger - INFO - Connected to database: test_db.sqlite
2025-11-22 14:27:39,521 - automation_framework.core.logger - INFO - Connected to database: test_db.sqlite
2025-11-22 14:27:39,521 - automation_framework.core.logger - INFO - Connected to database: test_db.sqlite
2025-11-22 14:27:39,521 - automation_framework.core.logger - INFO - Connected to database: test_db.sqlite
2025-11-22 14:27:39,521 - automation_framework.core.logger - INFO - Connected to database: test_db.sqlite
2025-11-22 14:27:39,521 - automation_framework.core.logger - INFO - Connected to database: test_db.sqlite
2025-11-22 14:27:39,521 - automation_framework.core.logger - INFO - Connected to database: test_db.sqlite
2025-11-22 14:27:39,524 - automation_framework.core.logger - INFO - Executed script: /Users/binayakkhanal/PycharmProject/swagLabs/automation_framework/database/schema.sql
2025-11-22 14:27:39,524 - automation_framework.core.logger - INFO - Executed script: /Users/binayakkhanal/PycharmProject/swagLabs/automation_framework/database/schema.sql
2025-11-22 14:27:39,524 - automation_framework.core.logger - INFO - Executed script: /Users/binayakkhanal/PycharmProject/swagLabs/automation_framework/database/schema.sql
2025-11-22 14:27:39,524 - automation_framework.core.logger - INFO - Executed script: /Users/binayakkhanal/PycharmProject/swagLabs/automation_framework/database/schema.sql
2025-11-22 14:27:39,524 - automation_framework.core.logger - INFO - Executed script: /Users/binayakkhanal/PycharmProject/swagLabs/automation_framework/database/schema.sql
2025-11-22 14:27:39,524 - automation_framework.core.logger - INFO - Executed script: /Users/binayakkhanal/PycharmProject/swagLabs/automation_framework/database/schema.sql
2025-11-22 14:27:39,524 - automation_framework.core.logger - INFO - Executed script: /Users/binayakkhanal/PycharmProject/swagLabs/automation_framework/database/schema.sql
2025-11-22 14:27:39,524 - automation_framework.core.logger - INFO - Executed script: /Users/binayakkhanal/PycharmProject/swagLabs/automation_framework/database/schema.sql
2025-11-22 14:27:39,524 - automation_framework.core.logger - INFO - Executed script: /Users/binayakkhanal/PycharmProject/swagLabs/automation_framework/database/schema.sql
2025-11-22 14:27:39,524 - automation_framework.core.logger - INFO - Executed script: /Users/binayakkhanal/PycharmProject/swagLabs/automation_framework/database/schema.sql
2025-11-22 14:27:39,524 - automation_framework.core.logger - INFO - Executed script: /Users/binayakkhanal/PycharmProject/swagLabs/automation_framework/database/schema.sql
2025-11-22 14:27:39,524 - automation_framework.core.logger - INFO - Executed script: /Users/binayakkhanal/PycharmProject/swagLabs/automation_framework/database/schema.sql
2025-11-22 14:27:39,529 - automation_framework.core.logger - INFO - Closed database connection
2025-11-22 14:27:39,529 - automation_framework.core.logger - INFO - Closed database connection
2025-11-22 14:27:39,529 - automation_framework.core.logger - INFO - Closed database connection
2025-11-22 14:27:39,529 - automation_framework.core.logger - INFO - Closed database connection
2025-11-22 14:27:39,529 - automation_framework.core.logger - INFO - Closed database connection
2025-11-22 14:27:39,529 - automation_framework.core.logger - INFO - Closed database connection
2025-11-22 14:27:39,552 - automation_framework.core.logger - INFO - Closed database connection
2025-11-22 14:27:39,552 - automation_framework.core.logger - INFO - Closed database connection
2025-11-22 14:27:39,552 - automation_framework.core.logger - INFO - Closed database connection
2025-11-22 14:27:39,552 - automation_framework.core.logger - INFO - Closed database connection
2025-11-22 14:27:39,552 - automation_framework.core.logger - INFO - Closed database connection
2025-11-22 14:27:39,552 - automation_framework.core.logger - INFO - Closed database connection
2025-11-22 14:27:39,553 - automation_framework.core.logger - INFO - Connected to database: test_db.sqlite
2025-11-22 14:27:39,553 - automation_framework.core.logger - INFO - Connected to database: test_db.sqlite
2025-11-22 14:27:39,553 - automation_framework.core.logger - INFO - Connected to database: test_db.sqlite
2025-11-22 14:27:39,553 - automation_framework.core.logger - INFO - Connected to database: test_db.sqlite
2025-11-22 14:27:39,553 - automation_framework.core.logger - INFO - Connected to database: test_db.sqlite
2025-11-22 14:27:39,553 - automation_framework.core.logger - INFO - Connected to database: test_db.sqlite
2025-11-22 14:27:39,554 - automation_framework.core.logger - INFO - Executed script: /Users/binayakkhanal/PycharmProject/swagLabs/automation_framework/database/schema.sql
2025-11-22 14:27:39,554 - automation_framework.core.logger - INFO - Executed script: /Users/binayakkhanal/PycharmProject/swagLabs/automation_framework/database/schema.sql
2025-11-22 14:27:39,554 - automation_framework.core.logger - INFO - Executed script: /Users/binayakkhanal/PycharmProject/swagLabs/automation_framework/database/schema.sql
2025-11-22 14:27:39,554 - automation_framework.core.logger - INFO - Executed script: /Users/binayakkhanal/PycharmProject/swagLabs/automation_framework/database/schema.sql
2025-11-22 14:27:39,554 - automation_framework.core.logger - INFO - Executed script: /Users/binayakkhanal/PycharmProject/swagLabs/automation_framework/database/schema.sql
2025-11-22 14:27:39,554 - automation_framework.core.logger - INFO - Executed script: /Users/binayakkhanal/PycharmProject/swagLabs/automation_framework/database/schema.sql
2025-11-22 14:27:39,591 - automation_framework.core.logger - INFO - GET https://jsonplaceholder.typicode.com/users - Status: 200
2025-11-22 14:27:39,591 - automation_framework.core.logger - INFO - GET https://jsonplaceholder.typicode.com/users - Status: 200
2025-11-22 14:27:39,591 - automation_framework.core.logger - INFO - GET https://jsonplaceholder.typicode.com/users - Status: 200
2025-11-22 14:27:39,591 - automation_framework.core.logger - INFO - GET https://jsonplaceholder.typicode.com/users - Status: 200
2025-11-22 14:27:39,591 - automation_framework.core.logger - INFO - GET https://jsonplaceholder.typicode.com/users - Status: 200
2025-11-22 14:27:39,591 - automation_framework.core.logger - INFO - GET https://jsonplaceholder.typicode.com/users - Status: 200
2025-11-22 14:27:39,606 - automation_framework.core.logger - INFO - GET https://jsonplaceholder.typicode.com/users - Status: 200
2025-11-22 14:27:39,606 - automation_framework.core.logger - INFO - GET https://jsonplaceholder.typicode.com/users - Status: 200
2025-11-22 14:27:39,606 - automation_framework.core.logger - INFO - GET https://jsonplaceholder.typicode.com/users - Status: 200
2025-11-22 14:27:39,606 - automation_framework.core.logger - INFO - GET https://jsonplaceholder.typicode.com/users - Status: 200
2025-11-22 14:27:39,606 - automation_framework.core.logger - INFO - GET https://jsonplaceholder.typicode.com/users - Status: 200
2025-11-22 14:27:39,606 - automation_framework.core.logger - INFO - GET https://jsonplaceholder.typicode.com/users - Status: 200
2025-11-22 14:27:39,613 - automation_framework.core.logger - INFO - Closed database connection
2025-11-22 14:27:39,613 - automation_framework.core.logger - INFO - Closed database connection
2025-11-22 14:27:39,613 - automation_framework.core.logger - INFO - Closed database connection
2025-11-22 14:27:39,613 - automation_framework.core.logger - INFO - Closed database connection
2025-11-22 14:27:39,613 - automation_framework.core.logger - INFO - Closed database connection
2025-11-22 14:27:39,613 - automation_framework.core.logger - INFO - Closed database connection
2025-11-22 14:27:39,987 - automation_framework.core.logger - INFO - POST https://jsonplaceholder.typicode.com/posts - Status: 201
2025-11-22 14:27:39,987 - automation_framework.core.logger - INFO - POST https://jsonplaceholder.typicode.com/posts - Status: 201
2025-11-22 14:27:39,987 - automation_framework.core.logger - INFO - POST https://jsonplaceholder.typicode.com/posts - Status: 201
2025-11-22 14:27:39,987 - automation_framework.core.logger - INFO - POST https://jsonplaceholder.typicode.com/posts - Status: 201
2025-11-22 14:27:39,987 - automation_framework.core.logger - INFO - POST https://jsonplaceholder.typicode.com/posts - Status: 201
2025-11-22 14:27:39,987 - automation_framework.core.logger - INFO - POST https://jsonplaceholder.typicode.com/posts - Status: 201
2025-11-22 14:27:42,553 - automation_framework.core.logger - INFO - Typed 'problem_user' into element: ('id', 'user-name')
2025-11-22 14:27:42,553 - automation_framework.core.logger - INFO - Typed 'problem_user' into element: ('id', 'user-name')
2025-11-22 14:27:42,553 - automation_framework.core.logger - INFO - Typed 'problem_user' into element: ('id', 'user-name')
2025-11-22 14:27:42,553 - automation_framework.core.logger - INFO - Typed 'problem_user' into element: ('id', 'user-name')
2025-11-22 14:27:42,553 - automation_framework.core.logger - INFO - Typed 'problem_user' into element: ('id', 'user-name')
2025-11-22 14:27:42,553 - automation_framework.core.logger - INFO - Typed 'problem_user' into element: ('id', 'user-name')
2025-11-22 14:27:42,568 - automation_framework.core.logger - INFO - Starting E2E Purchase Test
2025-11-22 14:27:42,568 - automation_framework.core.logger - INFO - Starting E2E Purchase Test
2025-11-22 14:27:42,568 - automation_framework.core.logger - INFO - Starting E2E Purchase Test
2025-11-22 14:27:42,568 - automation_framework.core.logger - INFO - Starting E2E Purchase Test
2025-11-22 14:27:42,568 - automation_framework.core.logger - INFO - Starting E2E Purchase Test
2025-11-22 14:27:42,568 - automation_framework.core.logger - INFO - Starting E2E Purchase Test
2025-11-22 14:27:42,666 - automation_framework.core.logger - INFO - Typed 'secret_sauce' into element: ('id', 'password')
2025-11-22 14:27:42,666 - automation_framework.core.logger - INFO - Typed 'secret_sauce' into element: ('id', 'password')
2025-11-22 14:27:42,666 - automation_framework.core.logger - INFO - Typed 'secret_sauce' into element: ('id', 'password')
2025-11-22 14:27:42,666 - automation_framework.core.logger - INFO - Typed 'secret_sauce' into element: ('id', 'password')
2025-11-22 14:27:42,666 - automation_framework.core.logger - INFO - Typed 'secret_sauce' into element: ('id', 'password')
2025-11-22 14:27:42,666 - automation_framework.core.logger - INFO - Typed 'secret_sauce' into element: ('id', 'password')
2025-11-22 14:27:42,727 - automation_framework.core.logger - INFO - Clicked on element: ('id', 'login-button')
2025-11-22 14:27:42,727 - automation_framework.core.logger - INFO - Clicked on element: ('id', 'login-button')
2025-11-22 14:27:42,727 - automation_framework.core.logger - INFO - Clicked on element: ('id', 'login-button')
2025-11-22 14:27:42,727 - automation_framework.core.logger - INFO - Clicked on element: ('id', 'login-button')
2025-11-22 14:27:42,727 - automation_framework.core.logger - INFO - Clicked on element: ('id', 'login-button')
2025-11-22 14:27:42,727 - automation_framework.core.logger - INFO - Clicked on element: ('id', 'login-button')
2025-11-22 14:27:43,193 - automation_framework.core.logger - INFO - Typed 'standard_user' into element: ('id', 'user-name')
2025-11-22 14:27:43,193 - automation_framework.core.logger - INFO - Typed 'standard_user' into element: ('id', 'user-name')
2025-11-22 14:27:43,193 - automation_framework.core.logger - INFO - Typed 'standard_user' into element: ('id', 'user-name')
2025-11-22 14:27:43,193 - automation_framework.core.logger - INFO - Typed 'standard_user' into element: ('id', 'user-name')
2025-11-22 14:27:43,193 - automation_framework.core.logger - INFO - Typed 'standard_user' into element: ('id', 'user-name')
2025-11-22 14:27:43,193 - automation_framework.core.logger - INFO - Typed 'standard_user' into element: ('id', 'user-name')
2025-11-22 14:27:43,304 - automation_framework.core.logger - INFO - Typed 'secret_sauce' into element: ('id', 'password')
2025-11-22 14:27:43,304 - automation_framework.core.logger - INFO - Typed 'secret_sauce' into element: ('id', 'password')
2025-11-22 14:27:43,304 - automation_framework.core.logger - INFO - Typed 'secret_sauce' into element: ('id', 'password')
2025-11-22 14:27:43,304 - automation_framework.core.logger - INFO - Typed 'secret_sauce' into element: ('id', 'password')
2025-11-22 14:27:43,304 - automation_framework.core.logger - INFO - Typed 'secret_sauce' into element: ('id', 'password')
2025-11-22 14:27:43,304 - automation_framework.core.logger - INFO - Typed 'secret_sauce' into element: ('id', 'password')
2025-11-22 14:27:43,355 - automation_framework.core.logger - INFO - Clicked on element: ('id', 'login-button')
2025-11-22 14:27:43,355 - automation_framework.core.logger - INFO - Clicked on element: ('id', 'login-button')
2025-11-22 14:27:43,355 - automation_framework.core.logger - INFO - Clicked on element: ('id', 'login-button')
2025-11-22 14:27:43,355 - automation_framework.core.logger - INFO - Clicked on element: ('id', 'login-button')
2025-11-22 14:27:43,355 - automation_framework.core.logger - INFO - Clicked on element: ('id', 'login-button')
2025-11-22 14:27:43,355 - automation_framework.core.logger - INFO - Clicked on element: ('id', 'login-button')
2025-11-22 14:27:43,479 - automation_framework.core.logger - INFO - Got text '3' from element: ('class name', 'shopping_cart_badge')
2025-11-22 14:27:43,479 - automation_framework.core.logger - INFO - Got text '3' from element: ('class name', 'shopping_cart_badge')
2025-11-22 14:27:43,479 - automation_framework.core.logger - INFO - Got text '3' from element: ('class name', 'shopping_cart_badge')
2025-11-22 14:27:43,479 - automation_framework.core.logger - INFO - Got text '3' from element: ('class name', 'shopping_cart_badge')
2025-11-22 14:27:43,479 - automation_framework.core.logger - INFO - Got text '3' from element: ('class name', 'shopping_cart_badge')
2025-11-22 14:27:43,479 - automation_framework.core.logger - INFO - Got text '3' from element: ('class name', 'shopping_cart_badge')
2025-11-22 14:27:43,540 - automation_framework.core.logger - INFO - Clicked on element: ('class name', 'shopping_cart_link')
2025-11-22 14:27:43,540 - automation_framework.core.logger - INFO - Clicked on element: ('class name', 'shopping_cart_link')
2025-11-22 14:27:43,540 - automation_framework.core.logger - INFO - Clicked on element: ('class name', 'shopping_cart_link')
2025-11-22 14:27:43,540 - automation_framework.core.logger - INFO - Clicked on element: ('class name', 'shopping_cart_link')
2025-11-22 14:27:43,540 - automation_framework.core.logger - INFO - Clicked on element: ('class name', 'shopping_cart_link')
2025-11-22 14:27:43,540 - automation_framework.core.logger - INFO - Clicked on element: ('class name', 'shopping_cart_link')
2025-11-22 14:27:43,578 - automation_framework.core.logger - INFO - Total price calculated: 81.97
2025-11-22 14:27:43,578 - automation_framework.core.logger - INFO - Total price calculated: 81.97
2025-11-22 14:27:43,578 - automation_framework.core.logger - INFO - Total price calculated: 81.97
2025-11-22 14:27:43,578 - automation_framework.core.logger - INFO - Total price calculated: 81.97
2025-11-22 14:27:43,578 - automation_framework.core.logger - INFO - Total price calculated: 81.97
2025-11-22 14:27:43,578 - automation_framework.core.logger - INFO - Total price calculated: 81.97
2025-11-22 14:27:43,646 - automation_framework.core.logger - INFO - Clicked on element: ('id', 'checkout')
2025-11-22 14:27:43,646 - automation_framework.core.logger - INFO - Clicked on element: ('id', 'checkout')
2025-11-22 14:27:43,646 - automation_framework.core.logger - INFO - Clicked on element: ('id', 'checkout')
2025-11-22 14:27:43,646 - automation_framework.core.logger - INFO - Clicked on element: ('id', 'checkout')
2025-11-22 14:27:43,646 - automation_framework.core.logger - INFO - Clicked on element: ('id', 'checkout')
2025-11-22 14:27:43,646 - automation_framework.core.logger - INFO - Clicked on element: ('id', 'checkout')
2025-11-22 14:27:43,666 - automation_framework.core.logger - INFO - Scrolled to element: ('id', 'first-name')
2025-11-22 14:27:43,666 - automation_framework.core.logger - INFO - Scrolled to element: ('id', 'first-name')
2025-11-22 14:27:43,666 - automation_framework.core.logger - INFO - Scrolled to element: ('id', 'first-name')
2025-11-22 14:27:43,666 - automation_framework.core.logger - INFO - Scrolled to element: ('id', 'first-name')
2025-11-22 14:27:43,666 - automation_framework.core.logger - INFO - Scrolled to element: ('id', 'first-name')
2025-11-22 14:27:43,666 - automation_framework.core.logger - INFO - Scrolled to element: ('id', 'first-name')
2025-11-22 14:27:43,720 - automation_framework.core.logger - INFO - Typed 'standard_user' into element: ('id', 'user-name')
2025-11-22 14:27:43,720 - automation_framework.core.logger - INFO - Typed 'standard_user' into element: ('id', 'user-name')
2025-11-22 14:27:43,720 - automation_framework.core.logger - INFO - Typed 'standard_user' into element: ('id', 'user-name')
2025-11-22 14:27:43,720 - automation_framework.core.logger - INFO - Typed 'standard_user' into element: ('id', 'user-name')
2025-11-22 14:27:43,720 - automation_framework.core.logger - INFO - Typed 'standard_user' into element: ('id', 'user-name')
2025-11-22 14:27:43,720 - automation_framework.core.logger - INFO - Typed 'standard_user' into element: ('id', 'user-name')
2025-11-22 14:27:43,798 - automation_framework.core.logger - INFO - Typed 'John' into element: ('id', 'first-name')
2025-11-22 14:27:43,798 - automation_framework.core.logger - INFO - Typed 'John' into element: ('id', 'first-name')
2025-11-22 14:27:43,798 - automation_framework.core.logger - INFO - Typed 'John' into element: ('id', 'first-name')
2025-11-22 14:27:43,798 - automation_framework.core.logger - INFO - Typed 'John' into element: ('id', 'first-name')
2025-11-22 14:27:43,798 - automation_framework.core.logger - INFO - Typed 'John' into element: ('id', 'first-name')
2025-11-22 14:27:43,798 - automation_framework.core.logger - INFO - Typed 'John' into element: ('id', 'first-name')
2025-11-22 14:27:43,860 - automation_framework.core.logger - INFO - Typed 'secret_sauce' into element: ('id', 'password')
2025-11-22 14:27:43,860 - automation_framework.core.logger - INFO - Typed 'secret_sauce' into element: ('id', 'password')
2025-11-22 14:27:43,860 - automation_framework.core.logger - INFO - Typed 'secret_sauce' into element: ('id', 'password')
2025-11-22 14:27:43,860 - automation_framework.core.logger - INFO - Typed 'secret_sauce' into element: ('id', 'password')
2025-11-22 14:27:43,860 - automation_framework.core.logger - INFO - Typed 'secret_sauce' into element: ('id', 'password')
2025-11-22 14:27:43,860 - automation_framework.core.logger - INFO - Typed 'secret_sauce' into element: ('id', 'password')
2025-11-22 14:27:43,876 - automation_framework.core.logger - INFO - Typed 'Doe' into element: ('id', 'last-name')
2025-11-22 14:27:43,876 - automation_framework.core.logger - INFO - Typed 'Doe' into element: ('id', 'last-name')
2025-11-22 14:27:43,876 - automation_framework.core.logger - INFO - Typed 'Doe' into element: ('id', 'last-name')
2025-11-22 14:27:43,876 - automation_framework.core.logger - INFO - Typed 'Doe' into element: ('id', 'last-name')
2025-11-22 14:27:43,876 - automation_framework.core.logger - INFO - Typed 'Doe' into element: ('id', 'last-name')
2025-11-22 14:27:43,876 - automation_framework.core.logger - INFO - Typed 'Doe' into element: ('id', 'last-name')
2025-11-22 14:27:43,927 - automation_framework.core.logger - INFO - Clicked on element: ('id', 'login-button')
2025-11-22 14:27:43,927 - automation_framework.core.logger - INFO - Clicked on element: ('id', 'login-button')
2025-11-22 14:27:43,927 - automation_framework.core.logger - INFO - Clicked on element: ('id', 'login-button')
2025-11-22 14:27:43,927 - automation_framework.core.logger - INFO - Clicked on element: ('id', 'login-button')
2025-11-22 14:27:43,927 - automation_framework.core.logger - INFO - Clicked on element: ('id', 'login-button')
2025-11-22 14:27:43,927 - automation_framework.core.logger - INFO - Clicked on element: ('id', 'login-button')
2025-11-22 14:27:43,954 - automation_framework.core.logger - INFO - Typed '12345' into element: ('id', 'postal-code')
2025-11-22 14:27:43,954 - automation_framework.core.logger - INFO - Typed '12345' into element: ('id', 'postal-code')
2025-11-22 14:27:43,954 - automation_framework.core.logger - INFO - Typed '12345' into element: ('id', 'postal-code')
2025-11-22 14:27:43,954 - automation_framework.core.logger - INFO - Typed '12345' into element: ('id', 'postal-code')
2025-11-22 14:27:43,954 - automation_framework.core.logger - INFO - Typed '12345' into element: ('id', 'postal-code')
2025-11-22 14:27:43,954 - automation_framework.core.logger - INFO - Typed '12345' into element: ('id', 'postal-code')
2025-11-22 14:27:43,971 - automation_framework.core.logger - INFO - JS Clicked on element: ('id', 'continue')
2025-11-22 14:27:43,971 - automation_framework.core.logger - INFO - JS Clicked on element: ('id', 'continue')
2025-11-22 14:27:43,971 - automation_framework.core.logger - INFO - JS Clicked on element: ('id', 'continue')
2025-11-22 14:27:43,971 - automation_framework.core.logger - INFO - JS Clicked on element: ('id', 'continue')
2025-11-22 14:27:43,971 - automation_framework.core.logger - INFO - JS Clicked on element: ('id', 'continue')
2025-11-22 14:27:43,971 - automation_framework.core.logger - INFO - JS Clicked on element: ('id', 'continue')
2025-11-22 14:27:44,871 - automation_framework.core.logger - INFO - Typed 'performance_glitch_user' into element: ('id', 'user-name')
2025-11-22 14:27:44,871 - automation_framework.core.logger - INFO - Typed 'performance_glitch_user' into element: ('id', 'user-name')
2025-11-22 14:27:44,871 - automation_framework.core.logger - INFO - Typed 'performance_glitch_user' into element: ('id', 'user-name')
2025-11-22 14:27:44,871 - automation_framework.core.logger - INFO - Typed 'performance_glitch_user' into element: ('id', 'user-name')
2025-11-22 14:27:44,871 - automation_framework.core.logger - INFO - Typed 'performance_glitch_user' into element: ('id', 'user-name')
2025-11-22 14:27:44,871 - automation_framework.core.logger - INFO - Typed 'performance_glitch_user' into element: ('id', 'user-name')
2025-11-22 14:27:44,994 - automation_framework.core.logger - INFO - Typed 'secret_sauce' into element: ('id', 'password')
2025-11-22 14:27:44,994 - automation_framework.core.logger - INFO - Typed 'secret_sauce' into element: ('id', 'password')
2025-11-22 14:27:44,994 - automation_framework.core.logger - INFO - Typed 'secret_sauce' into element: ('id', 'password')
2025-11-22 14:27:44,994 - automation_framework.core.logger - INFO - Typed 'secret_sauce' into element: ('id', 'password')
2025-11-22 14:27:44,994 - automation_framework.core.logger - INFO - Typed 'secret_sauce' into element: ('id', 'password')
2025-11-22 14:27:44,994 - automation_framework.core.logger - INFO - Typed 'secret_sauce' into element: ('id', 'password')
2025-11-22 14:27:46,043 - automation_framework.core.logger - INFO - Typed 'locked_out_user' into element: ('id', 'user-name')
2025-11-22 14:27:46,043 - automation_framework.core.logger - INFO - Typed 'locked_out_user' into element: ('id', 'user-name')
2025-11-22 14:27:46,043 - automation_framework.core.logger - INFO - Typed 'locked_out_user' into element: ('id', 'user-name')
2025-11-22 14:27:46,043 - automation_framework.core.logger - INFO - Typed 'locked_out_user' into element: ('id', 'user-name')
2025-11-22 14:27:46,043 - automation_framework.core.logger - INFO - Typed 'locked_out_user' into element: ('id', 'user-name')
2025-11-22 14:27:46,043 - automation_framework.core.logger - INFO - Typed 'locked_out_user' into element: ('id', 'user-name')
2025-11-22 14:27:46,168 - automation_framework.core.logger - INFO - Typed 'secret_sauce' into element: ('id', 'password')
2025-11-22 14:27:46,168 - automation_framework.core.logger - INFO - Typed 'secret_sauce' into element: ('id', 'password')
2025-11-22 14:27:46,168 - automation_framework.core.logger - INFO - Typed 'secret_sauce' into element: ('id', 'password')
2025-11-22 14:27:46,168 - automation_framework.core.logger - INFO - Typed 'secret_sauce' into element: ('id', 'password')
2025-11-22 14:27:46,168 - automation_framework.core.logger - INFO - Typed 'secret_sauce' into element: ('id', 'password')
2025-11-22 14:27:46,168 - automation_framework.core.logger - INFO - Typed 'secret_sauce' into element: ('id', 'password')
2025-11-22 14:27:46,227 - automation_framework.core.logger - INFO - Clicked on element: ('id', 'login-button')
2025-11-22 14:27:46,227 - automation_framework.core.logger - INFO - Clicked on element: ('id', 'login-button')
2025-11-22 14:27:46,227 - automation_framework.core.logger - INFO - Clicked on element: ('id', 'login-button')
2025-11-22 14:27:46,227 - automation_framework.core.logger - INFO - Clicked on element: ('id', 'login-button')
2025-11-22 14:27:46,227 - automation_framework.core.logger - INFO - Clicked on element: ('id', 'login-button')
2025-11-22 14:27:46,227 - automation_framework.core.logger - INFO - Clicked on element: ('id', 'login-button')
2025-11-22 14:27:46,249 - automation_framework.core.logger - INFO - Got text 'Epic sadface: Sorry, this user has been locked out.' from element: ('css selector', "[data-test='error']")
2025-11-22 14:27:46,249 - automation_framework.core.logger - INFO - Got text 'Epic sadface: Sorry, this user has been locked out.' from element: ('css selector', "[data-test='error']")
2025-11-22 14:27:46,249 - automation_framework.core.logger - INFO - Got text 'Epic sadface: Sorry, this user has been locked out.' from element: ('css selector', "[data-test='error']")
2025-11-22 14:27:46,249 - automation_framework.core.logger - INFO - Got text 'Epic sadface: Sorry, this user has been locked out.' from element: ('css selector', "[data-test='error']")
2025-11-22 14:27:46,249 - automation_framework.core.logger - INFO - Got text 'Epic sadface: Sorry, this user has been locked out.' from element: ('css selector', "[data-test='error']")
2025-11-22 14:27:46,249 - automation_framework.core.logger - INFO - Got text 'Epic sadface: Sorry, this user has been locked out.' from element: ('css selector', "[data-test='error']")
2025-11-22 14:27:50,084 - automation_framework.core.logger - INFO - Clicked on element: ('id', 'login-button')
2025-11-22 14:27:50,084 - automation_framework.core.logger - INFO - Clicked on element: ('id', 'login-button')
2025-11-22 14:27:50,084 - automation_framework.core.logger - INFO - Clicked on element: ('id', 'login-button')
2025-11-22 14:27:50,084 - automation_framework.core.logger - INFO - Clicked on element: ('id', 'login-button')
2025-11-22 14:27:50,084 - automation_framework.core.logger - INFO - Clicked on element: ('id', 'login-button')
2025-11-22 14:27:50,084 - automation_framework.core.logger - INFO - Clicked on element: ('id', 'login-button')
2025-11-22 14:27:54,187 - automation_framework.core.logger - ERROR - Test failed. Screenshot saved to screenshots/failed_test_e2e_purchase_2025-11-22_14-27-54.png
2025-11-22 14:27:54,187 - automation_framework.core.logger - ERROR - Test failed. Screenshot saved to screenshots/failed_test_e2e_purchase_2025-11-22_14-27-54.png
2025-11-22 14:27:54,187 - automation_framework.core.logger - ERROR - Test failed. Screenshot saved to screenshots/failed_test_e2e_purchase_2025-11-22_14-27-54.png
2025-11-22 14:27:54,187 - automation_framework.core.logger - ERROR - Test failed. Screenshot saved to screenshots/failed_test_e2e_purchase_2025-11-22_14-27-54.png
2025-11-22 14:27:54,187 - automation_framework.core.logger - ERROR - Test failed. Screenshot saved to screenshots/failed_test_e2e_purchase_2025-11-22_14-27-54.png
2025-11-22 14:27:54,187 - automation_framework.core.logger - ERROR - Test failed. Screenshot saved to screenshots/failed_test_e2e_purchase_2025-11-22_14-27-54.png
