2025-11-22 14:28:14,296 - automation_framework.core.logger - INFO - Connected to database: test_db_gw1.sqlite
2025-11-22 14:28:14,296 - automation_framework.core.logger - INFO - Connected to database: test_db_gw2.sqlite
2025-11-22 14:28:14,296 - automation_framework.core.logger - INFO - Connected to database: test_db_gw1.sqlite
2025-11-22 14:28:14,296 - automation_framework.core.logger - INFO - Connected to database: test_db_gw2.sqlite
2025-11-22 14:28:14,296 - automation_framework.core.logger - INFO - Connected to database: test_db_gw1.sqlite
2025-11-22 14:28:14,296 - automation_framework.core.logger - INFO - Connected to database: test_db_gw1.sqlite
2025-11-22 14:28:14,296 - automation_framework.core.logger - INFO - Connected to database: test_db_gw2.sqlite
2025-11-22 14:28:14,296 - automation_framework.core.logger - INFO - Connected to database: test_db_gw1.sqlite
2025-11-22 14:28:14,296 - automation_framework.core.logger - INFO - Connected to database: test_db_gw2.sqlite
2025-11-22 14:28:14,296 - automation_framework.core.logger - INFO - Connected to database: test_db_gw1.sqlite
2025-11-22 14:28:14,296 - automation_framework.core.logger - INFO - Connected to database: test_db_gw2.sqlite
2025-11-22 14:28:14,296 - automation_framework.core.logger - INFO - Connected to database: test_db_gw2.sqlite
2025-11-22 14:28:14,298 - automation_framework.core.logger - INFO - Executed script: /Users/binayakkhanal/PycharmProject/swagLabs/automation_framework/database/schema.sql
2025-11-22 14:28:14,298 - automation_framework.core.logger - INFO - Executed script: /Users/binayakkhanal/PycharmProject/swagLabs/automation_framework/database/schema.sql
2025-11-22 14:28:14,298 - automation_framework.core.logger - INFO - Executed script: /Users/binayakkhanal/PycharmProject/swagLabs/automation_framework/database/schema.sql
2025-11-22 14:28:14,298 - automation_framework.core.logger - INFO - Executed script: /Users/binayakkhanal/PycharmProject/swagLabs/automation_framework/database/schema.sql
2025-11-22 14:28:14,298 - automation_framework.core.logger - INFO - Executed script: /Users/binayakkhanal/PycharmProject/swagLabs/automation_framework/database/schema.sql
2025-11-22 14:28:14,298 - automation_framework.core.logger - INFO - Executed script: /Users/binayakkhanal/PycharmProject/swagLabs/automation_framework/database/schema.sql
2025-11-22 14:28:14,298 - automation_framework.core.logger - INFO - Executed script: /Users/binayakkhanal/PycharmProject/swagLabs/automation_framework/database/schema.sql
2025-11-22 14:28:14,298 - automation_framework.core.logger - INFO - Executed script: /Users/binayakkhanal/PycharmProject/swagLabs/automation_framework/database/schema.sql
2025-11-22 14:28:14,298 - automation_framework.core.logger - INFO - Executed script: /Users/binayakkhanal/PycharmProject/swagLabs/automation_framework/database/schema.sql
2025-11-22 14:28:14,298 - automation_framework.core.logger - INFO - Executed script: /Users/binayakkhanal/PycharmProject/swagLabs/automation_framework/database/schema.sql
2025-11-22 14:28:14,298 - automation_framework.core.logger - INFO - Executed script: /Users/binayakkhanal/PycharmProject/swagLabs/automation_framework/database/schema.sql
2025-11-22 14:28:14,298 - automation_framework.core.logger - INFO - Executed script: /Users/binayakkhanal/PycharmProject/swagLabs/automation_framework/database/schema.sql
2025-11-22 14:28:14,302 - automation_framework.core.logger - INFO - Closed database connection
2025-11-22 14:28:14,302 - automation_framework.core.logger - INFO - Closed database connection
2025-11-22 14:28:14,302 - automation_framework.core.logger - INFO - Closed database connection
2025-11-22 14:28:14,302 - automation_framework.core.logger - INFO - Closed database connection
2025-11-22 14:28:14,302 - automation_framework.core.logger - INFO - Closed database connection
2025-11-22 14:28:14,302 - automation_framework.core.logger - INFO - Closed database connection
2025-11-22 14:28:14,302 - automation_framework.core.logger - INFO - Closed database connection
2025-11-22 14:28:14,302 - automation_framework.core.logger - INFO - Closed database connection
2025-11-22 14:28:14,302 - automation_framework.core.logger - INFO - Closed database connection
2025-11-22 14:28:14,302 - automation_framework.core.logger - INFO - Closed database connection
2025-11-22 14:28:14,302 - automation_framework.core.logger - INFO - Closed database connection
2025-11-22 14:28:14,302 - automation_framework.core.logger - INFO - Closed database connection
2025-11-22 14:28:14,303 - automation_framework.core.logger - INFO - Connected to database: test_db_gw2.sqlite
2025-11-22 14:28:14,303 - automation_framework.core.logger - INFO - Connected to database: test_db_gw2.sqlite
2025-11-22 14:28:14,303 - automation_framework.core.logger - INFO - Connected to database: test_db_gw2.sqlite
2025-11-22 14:28:14,303 - automation_framework.core.logger - INFO - Connected to database: test_db_gw2.sqlite
2025-11-22 14:28:14,303 - automation_framework.core.logger - INFO - Connected to database: test_db_gw2.sqlite
2025-11-22 14:28:14,303 - automation_framework.core.logger - INFO - Connected to database: test_db_gw2.sqlite
2025-11-22 14:28:14,304 - automation_framework.core.logger - INFO - Executed script: /Users/binayakkhanal/PycharmProject/swagLabs/automation_framework/database/schema.sql
2025-11-22 14:28:14,304 - automation_framework.core.logger - INFO - Executed script: /Users/binayakkhanal/PycharmProject/swagLabs/automation_framework/database/schema.sql
2025-11-22 14:28:14,304 - automation_framework.core.logger - INFO - Executed script: /Users/binayakkhanal/PycharmProject/swagLabs/automation_framework/database/schema.sql
2025-11-22 14:28:14,304 - automation_framework.core.logger - INFO - Executed script: /Users/binayakkhanal/PycharmProject/swagLabs/automation_framework/database/schema.sql
2025-11-22 14:28:14,304 - automation_framework.core.logger - INFO - Executed script: /Users/binayakkhanal/PycharmProject/swagLabs/automation_framework/database/schema.sql
2025-11-22 14:28:14,304 - automation_framework.core.logger - INFO - Executed script: /Users/binayakkhanal/PycharmProject/swagLabs/automation_framework/database/schema.sql
2025-11-22 14:28:15,364 - automation_framework.core.logger - INFO - GET https://jsonplaceholder.typicode.com/users - Status: 200
2025-11-22 14:28:15,364 - automation_framework.core.logger - INFO - GET https://jsonplaceholder.typicode.com/users - Status: 200
2025-11-22 14:28:15,364 - automation_framework.core.logger - INFO - GET https://jsonplaceholder.typicode.com/users - Status: 200
2025-11-22 14:28:15,364 - automation_framework.core.logger - INFO - GET https://jsonplaceholder.typicode.com/users - Status: 200
2025-11-22 14:28:15,364 - automation_framework.core.logger - INFO - GET https://jsonplaceholder.typicode.com/users - Status: 200
2025-11-22 14:28:15,364 - automation_framework.core.logger - INFO - GET https://jsonplaceholder.typicode.com/users - Status: 200
2025-11-22 14:28:15,364 - automation_framework.core.logger - INFO - GET https://jsonplaceholder.typicode.com/users - Status: 200
2025-11-22 14:28:15,364 - automation_framework.core.logger - INFO - GET https://jsonplaceholder.typicode.com/users - Status: 200
2025-11-22 14:28:15,364 - automation_framework.core.logger - INFO - GET https://jsonplaceholder.typicode.com/users - Status: 200
2025-11-22 14:28:15,364 - automation_framework.core.logger - INFO - GET https://jsonplaceholder.typicode.com/users - Status: 200
2025-11-22 14:28:15,364 - automation_framework.core.logger - INFO - GET https://jsonplaceholder.typicode.com/users - Status: 200
2025-11-22 14:28:15,364 - automation_framework.core.logger - INFO - GET https://jsonplaceholder.typicode.com/users - Status: 200
2025-11-22 14:28:15,373 - automation_framework.core.logger - INFO - Closed database connection
2025-11-22 14:28:15,373 - automation_framework.core.logger - INFO - Closed database connection
2025-11-22 14:28:15,373 - automation_framework.core.logger - INFO - Closed database connection
2025-11-22 14:28:15,373 - automation_framework.core.logger - INFO - Closed database connection
2025-11-22 14:28:15,373 - automation_framework.core.logger - INFO - Closed database connection
2025-11-22 14:28:15,373 - automation_framework.core.logger - INFO - Closed database connection
2025-11-22 14:28:15,910 - automation_framework.core.logger - INFO - POST https://jsonplaceholder.typicode.com/posts - Status: 201
2025-11-22 14:28:15,910 - automation_framework.core.logger - INFO - POST https://jsonplaceholder.typicode.com/posts - Status: 201
2025-11-22 14:28:15,910 - automation_framework.core.logger - INFO - POST https://jsonplaceholder.typicode.com/posts - Status: 201
2025-11-22 14:28:15,910 - automation_framework.core.logger - INFO - POST https://jsonplaceholder.typicode.com/posts - Status: 201
2025-11-22 14:28:15,910 - automation_framework.core.logger - INFO - POST https://jsonplaceholder.typicode.com/posts - Status: 201
2025-11-22 14:28:15,910 - automation_framework.core.logger - INFO - POST https://jsonplaceholder.typicode.com/posts - Status: 201
2025-11-22 14:28:17,003 - automation_framework.core.logger - INFO - Typed 'problem_user' into element: ('id', 'user-name')
2025-11-22 14:28:17,003 - automation_framework.core.logger - INFO - Typed 'standard_user' into element: ('id', 'user-name')
2025-11-22 14:28:17,003 - automation_framework.core.logger - INFO - Typed 'problem_user' into element: ('id', 'user-name')
2025-11-22 14:28:17,003 - automation_framework.core.logger - INFO - Typed 'standard_user' into element: ('id', 'user-name')
2025-11-22 14:28:17,003 - automation_framework.core.logger - INFO - Typed 'standard_user' into element: ('id', 'user-name')
2025-11-22 14:28:17,003 - automation_framework.core.logger - INFO - Typed 'standard_user' into element: ('id', 'user-name')
2025-11-22 14:28:17,003 - automation_framework.core.logger - INFO - Typed 'standard_user' into element: ('id', 'user-name')
2025-11-22 14:28:17,003 - automation_framework.core.logger - INFO - Typed 'standard_user' into element: ('id', 'user-name')
2025-11-22 14:28:17,003 - automation_framework.core.logger - INFO - Typed 'problem_user' into element: ('id', 'user-name')
2025-11-22 14:28:17,003 - automation_framework.core.logger - INFO - Typed 'problem_user' into element: ('id', 'user-name')
2025-11-22 14:28:17,003 - automation_framework.core.logger - INFO - Typed 'problem_user' into element: ('id', 'user-name')
2025-11-22 14:28:17,003 - automation_framework.core.logger - INFO - Typed 'problem_user' into element: ('id', 'user-name')
2025-11-22 14:28:17,151 - automation_framework.core.logger - INFO - Typed 'secret_sauce' into element: ('id', 'password')
2025-11-22 14:28:17,151 - automation_framework.core.logger - INFO - Typed 'secret_sauce' into element: ('id', 'password')
2025-11-22 14:28:17,151 - automation_framework.core.logger - INFO - Typed 'secret_sauce' into element: ('id', 'password')
2025-11-22 14:28:17,151 - automation_framework.core.logger - INFO - Typed 'secret_sauce' into element: ('id', 'password')
2025-11-22 14:28:17,151 - automation_framework.core.logger - INFO - Typed 'secret_sauce' into element: ('id', 'password')
2025-11-22 14:28:17,151 - automation_framework.core.logger - INFO - Typed 'secret_sauce' into element: ('id', 'password')
2025-11-22 14:28:17,152 - automation_framework.core.logger - INFO - Typed 'secret_sauce' into element: ('id', 'password')
2025-11-22 14:28:17,152 - automation_framework.core.logger - INFO - Typed 'secret_sauce' into element: ('id', 'password')
2025-11-22 14:28:17,152 - automation_framework.core.logger - INFO - Typed 'secret_sauce' into element: ('id', 'password')
2025-11-22 14:28:17,152 - automation_framework.core.logger - INFO - Typed 'secret_sauce' into element: ('id', 'password')
2025-11-22 14:28:17,152 - automation_framework.core.logger - INFO - Typed 'secret_sauce' into element: ('id', 'password')
2025-11-22 14:28:17,152 - automation_framework.core.logger - INFO - Typed 'secret_sauce' into element: ('id', 'password')
2025-11-22 14:28:17,269 - automation_framework.core.logger - INFO - Clicked on element: ('id', 'login-button')
2025-11-22 14:28:17,269 - automation_framework.core.logger - INFO - Clicked on element: ('id', 'login-button')
2025-11-22 14:28:17,269 - automation_framework.core.logger - INFO - Clicked on element: ('id', 'login-button')
2025-11-22 14:28:17,270 - automation_framework.core.logger - INFO - Clicked on element: ('id', 'login-button')
2025-11-22 14:28:17,269 - automation_framework.core.logger - INFO - Clicked on element: ('id', 'login-button')
2025-11-22 14:28:17,269 - automation_framework.core.logger - INFO - Clicked on element: ('id', 'login-button')
2025-11-22 14:28:17,270 - automation_framework.core.logger - INFO - Clicked on element: ('id', 'login-button')
2025-11-22 14:28:17,269 - automation_framework.core.logger - INFO - Clicked on element: ('id', 'login-button')
2025-11-22 14:28:17,270 - automation_framework.core.logger - INFO - Clicked on element: ('id', 'login-button')
2025-11-22 14:28:17,270 - automation_framework.core.logger - INFO - Clicked on element: ('id', 'login-button')
2025-11-22 14:28:17,270 - automation_framework.core.logger - INFO - Clicked on element: ('id', 'login-button')
2025-11-22 14:28:17,270 - automation_framework.core.logger - INFO - Clicked on element: ('id', 'login-button')
2025-11-22 14:28:17,407 - automation_framework.core.logger - INFO - Starting E2E Purchase Test
2025-11-22 14:28:17,407 - automation_framework.core.logger - INFO - Starting E2E Purchase Test
2025-11-22 14:28:17,407 - automation_framework.core.logger - INFO - Starting E2E Purchase Test
2025-11-22 14:28:17,407 - automation_framework.core.logger - INFO - Starting E2E Purchase Test
2025-11-22 14:28:17,407 - automation_framework.core.logger - INFO - Starting E2E Purchase Test
2025-11-22 14:28:17,407 - automation_framework.core.logger - INFO - Starting E2E Purchase Test
2025-11-22 14:28:17,746 - automation_framework.core.logger - INFO - Typed 'standard_user' into element: ('id', 'user-name')
2025-11-22 14:28:17,746 - automation_framework.core.logger - INFO - Typed 'standard_user' into element: ('id', 'user-name')
2025-11-22 14:28:17,746 - automation_framework.core.logger - INFO - Typed 'standard_user' into element: ('id', 'user-name')
2025-11-22 14:28:17,746 - automation_framework.core.logger - INFO - Typed 'standard_user' into element: ('id', 'user-name')
2025-11-22 14:28:17,746 - automation_framework.core.logger - INFO - Typed 'standard_user' into element: ('id', 'user-name')
2025-11-22 14:28:17,746 - automation_framework.core.logger - INFO - Typed 'standard_user' into element: ('id', 'user-name')
2025-11-22 14:28:17,868 - automation_framework.core.logger - INFO - Typed 'secret_sauce' into element: ('id', 'password')
2025-11-22 14:28:17,868 - automation_framework.core.logger - INFO - Typed 'secret_sauce' into element: ('id', 'password')
2025-11-22 14:28:17,868 - automation_framework.core.logger - INFO - Typed 'secret_sauce' into element: ('id', 'password')
2025-11-22 14:28:17,868 - automation_framework.core.logger - INFO - Typed 'secret_sauce' into element: ('id', 'password')
2025-11-22 14:28:17,868 - automation_framework.core.logger - INFO - Typed 'secret_sauce' into element: ('id', 'password')
2025-11-22 14:28:17,868 - automation_framework.core.logger - INFO - Typed 'secret_sauce' into element: ('id', 'password')
2025-11-22 14:28:17,928 - automation_framework.core.logger - INFO - Clicked on element: ('id', 'login-button')
2025-11-22 14:28:17,928 - automation_framework.core.logger - INFO - Clicked on element: ('id', 'login-button')
2025-11-22 14:28:17,928 - automation_framework.core.logger - INFO - Clicked on element: ('id', 'login-button')
2025-11-22 14:28:17,928 - automation_framework.core.logger - INFO - Clicked on element: ('id', 'login-button')
2025-11-22 14:28:17,928 - automation_framework.core.logger - INFO - Clicked on element: ('id', 'login-button')
2025-11-22 14:28:17,928 - automation_framework.core.logger - INFO - Clicked on element: ('id', 'login-button')
2025-11-22 14:28:18,170 - automation_framework.core.logger - INFO - Got text '3' from element: ('class name', 'shopping_cart_badge')
2025-11-22 14:28:18,170 - automation_framework.core.logger - INFO - Got text '3' from element: ('class name', 'shopping_cart_badge')
2025-11-22 14:28:18,170 - automation_framework.core.logger - INFO - Got text '3' from element: ('class name', 'shopping_cart_badge')
2025-11-22 14:28:18,170 - automation_framework.core.logger - INFO - Got text '3' from element: ('class name', 'shopping_cart_badge')
2025-11-22 14:28:18,170 - automation_framework.core.logger - INFO - Got text '3' from element: ('class name', 'shopping_cart_badge')
2025-11-22 14:28:18,170 - automation_framework.core.logger - INFO - Got text '3' from element: ('class name', 'shopping_cart_badge')
2025-11-22 14:28:18,218 - automation_framework.core.logger - INFO - Clicked on element: ('class name', 'shopping_cart_link')
2025-11-22 14:28:18,218 - automation_framework.core.logger - INFO - Clicked on element: ('class name', 'shopping_cart_link')
2025-11-22 14:28:18,218 - automation_framework.core.logger - INFO - Clicked on element: ('class name', 'shopping_cart_link')
2025-11-22 14:28:18,218 - automation_framework.core.logger - INFO - Clicked on element: ('class name', 'shopping_cart_link')
2025-11-22 14:28:18,218 - automation_framework.core.logger - INFO - Clicked on element: ('class name', 'shopping_cart_link')
2025-11-22 14:28:18,218 - automation_framework.core.logger - INFO - Clicked on element: ('class name', 'shopping_cart_link')
2025-11-22 14:28:18,259 - automation_framework.core.logger - INFO - Total price calculated: 67.97
2025-11-22 14:28:18,259 - automation_framework.core.logger - INFO - Total price calculated: 67.97
2025-11-22 14:28:18,259 - automation_framework.core.logger - INFO - Total price calculated: 67.97
2025-11-22 14:28:18,259 - automation_framework.core.logger - INFO - Total price calculated: 67.97
2025-11-22 14:28:18,259 - automation_framework.core.logger - INFO - Total price calculated: 67.97
2025-11-22 14:28:18,259 - automation_framework.core.logger - INFO - Total price calculated: 67.97
2025-11-22 14:28:18,388 - automation_framework.core.logger - INFO - Clicked on element: ('id', 'checkout')
2025-11-22 14:28:18,388 - automation_framework.core.logger - INFO - Clicked on element: ('id', 'checkout')
2025-11-22 14:28:18,388 - automation_framework.core.logger - INFO - Clicked on element: ('id', 'checkout')
2025-11-22 14:28:18,388 - automation_framework.core.logger - INFO - Clicked on element: ('id', 'checkout')
2025-11-22 14:28:18,388 - automation_framework.core.logger - INFO - Clicked on element: ('id', 'checkout')
2025-11-22 14:28:18,388 - automation_framework.core.logger - INFO - Clicked on element: ('id', 'checkout')
2025-11-22 14:28:20,566 - automation_framework.core.logger - INFO - Typed 'locked_out_user' into element: ('id', 'user-name')
2025-11-22 14:28:20,566 - automation_framework.core.logger - INFO - Typed 'locked_out_user' into element: ('id', 'user-name')
2025-11-22 14:28:20,566 - automation_framework.core.logger - INFO - Typed 'locked_out_user' into element: ('id', 'user-name')
2025-11-22 14:28:20,566 - automation_framework.core.logger - INFO - Typed 'locked_out_user' into element: ('id', 'user-name')
2025-11-22 14:28:20,566 - automation_framework.core.logger - INFO - Typed 'locked_out_user' into element: ('id', 'user-name')
2025-11-22 14:28:20,566 - automation_framework.core.logger - INFO - Typed 'locked_out_user' into element: ('id', 'user-name')
2025-11-22 14:28:20,631 - automation_framework.core.logger - INFO - Typed 'performance_glitch_user' into element: ('id', 'user-name')
2025-11-22 14:28:20,631 - automation_framework.core.logger - INFO - Typed 'performance_glitch_user' into element: ('id', 'user-name')
2025-11-22 14:28:20,631 - automation_framework.core.logger - INFO - Typed 'performance_glitch_user' into element: ('id', 'user-name')
2025-11-22 14:28:20,631 - automation_framework.core.logger - INFO - Typed 'performance_glitch_user' into element: ('id', 'user-name')
2025-11-22 14:28:20,631 - automation_framework.core.logger - INFO - Typed 'performance_glitch_user' into element: ('id', 'user-name')
2025-11-22 14:28:20,631 - automation_framework.core.logger - INFO - Typed 'performance_glitch_user' into element: ('id', 'user-name')
2025-11-22 14:28:20,696 - automation_framework.core.logger - INFO - Typed 'secret_sauce' into element: ('id', 'password')
2025-11-22 14:28:20,696 - automation_framework.core.logger - INFO - Typed 'secret_sauce' into element: ('id', 'password')
2025-11-22 14:28:20,696 - automation_framework.core.logger - INFO - Typed 'secret_sauce' into element: ('id', 'password')
2025-11-22 14:28:20,696 - automation_framework.core.logger - INFO - Typed 'secret_sauce' into element: ('id', 'password')
2025-11-22 14:28:20,696 - automation_framework.core.logger - INFO - Typed 'secret_sauce' into element: ('id', 'password')
2025-11-22 14:28:20,696 - automation_framework.core.logger - INFO - Typed 'secret_sauce' into element: ('id', 'password')
2025-11-22 14:28:20,748 - automation_framework.core.logger - INFO - Typed 'secret_sauce' into element: ('id', 'password')
2025-11-22 14:28:20,748 - automation_framework.core.logger - INFO - Typed 'secret_sauce' into element: ('id', 'password')
2025-11-22 14:28:20,748 - automation_framework.core.logger - INFO - Typed 'secret_sauce' into element: ('id', 'password')
2025-11-22 14:28:20,748 - automation_framework.core.logger - INFO - Typed 'secret_sauce' into element: ('id', 'password')
2025-11-22 14:28:20,748 - automation_framework.core.logger - INFO - Typed 'secret_sauce' into element: ('id', 'password')
2025-11-22 14:28:20,748 - automation_framework.core.logger - INFO - Typed 'secret_sauce' into element: ('id', 'password')
2025-11-22 14:28:20,754 - automation_framework.core.logger - INFO - Clicked on element: ('id', 'login-button')
2025-11-22 14:28:20,754 - automation_framework.core.logger - INFO - Clicked on element: ('id', 'login-button')
2025-11-22 14:28:20,754 - automation_framework.core.logger - INFO - Clicked on element: ('id', 'login-button')
2025-11-22 14:28:20,754 - automation_framework.core.logger - INFO - Clicked on element: ('id', 'login-button')
2025-11-22 14:28:20,754 - automation_framework.core.logger - INFO - Clicked on element: ('id', 'login-button')
2025-11-22 14:28:20,754 - automation_framework.core.logger - INFO - Clicked on element: ('id', 'login-button')
2025-11-22 14:28:20,770 - automation_framework.core.logger - INFO - Got text 'Epic sadface: Sorry, this user has been locked out.' from element: ('css selector', "[data-test='error']")
2025-11-22 14:28:20,770 - automation_framework.core.logger - INFO - Got text 'Epic sadface: Sorry, this user has been locked out.' from element: ('css selector', "[data-test='error']")
2025-11-22 14:28:20,770 - automation_framework.core.logger - INFO - Got text 'Epic sadface: Sorry, this user has been locked out.' from element: ('css selector', "[data-test='error']")
2025-11-22 14:28:20,770 - automation_framework.core.logger - INFO - Got text 'Epic sadface: Sorry, this user has been locked out.' from element: ('css selector', "[data-test='error']")
2025-11-22 14:28:20,770 - automation_framework.core.logger - INFO - Got text 'Epic sadface: Sorry, this user has been locked out.' from element: ('css selector', "[data-test='error']")
2025-11-22 14:28:20,770 - automation_framework.core.logger - INFO - Got text 'Epic sadface: Sorry, this user has been locked out.' from element: ('css selector', "[data-test='error']")
2025-11-22 14:28:25,877 - automation_framework.core.logger - INFO - Clicked on element: ('id', 'login-button')
2025-11-22 14:28:25,877 - automation_framework.core.logger - INFO - Clicked on element: ('id', 'login-button')
2025-11-22 14:28:25,877 - automation_framework.core.logger - INFO - Clicked on element: ('id', 'login-button')
2025-11-22 14:28:25,877 - automation_framework.core.logger - INFO - Clicked on element: ('id', 'login-button')
2025-11-22 14:28:25,877 - automation_framework.core.logger - INFO - Clicked on element: ('id', 'login-button')
2025-11-22 14:28:25,877 - automation_framework.core.logger - INFO - Clicked on element: ('id', 'login-button')
2025-11-22 14:28:38,847 - automation_framework.core.logger - ERROR - Test failed. Screenshot saved to screenshots/failed_test_e2e_purchase_2025-11-22_14-28-38.png
2025-11-22 14:28:38,847 - automation_framework.core.logger - ERROR - Test failed. Screenshot saved to screenshots/failed_test_e2e_purchase_2025-11-22_14-28-38.png
2025-11-22 14:28:38,847 - automation_framework.core.logger - ERROR - Test failed. Screenshot saved to screenshots/failed_test_e2e_purchase_2025-11-22_14-28-38.png
2025-11-22 14:28:38,847 - automation_framework.core.logger - ERROR - Test failed. Screenshot saved to screenshots/failed_test_e2e_purchase_2025-11-22_14-28-38.png
2025-11-22 14:28:38,847 - automation_framework.core.logger - ERROR - Test failed. Screenshot saved to screenshots/failed_test_e2e_purchase_2025-11-22_14-28-38.png
2025-11-22 14:28:38,847 - automation_framework.core.logger - ERROR - Test failed. Screenshot saved to screenshots/failed_test_e2e_purchase_2025-11-22_14-28-38.png
