2025-11-22 14:25:07,128 - automation_framework.core.logger - INFO - Starting E2E Purchase Test
2025-11-22 14:25:07,128 - automation_framework.core.logger - INFO - Starting E2E Purchase Test
2025-11-22 14:25:07,128 - automation_framework.core.logger - INFO - Starting E2E Purchase Test
2025-11-22 14:25:07,235 - automation_framework.core.logger - INFO - Typed 'standard_user' into element: ('id', 'user-name')
2025-11-22 14:25:07,235 - automation_framework.core.logger - INFO - Typed 'standard_user' into element: ('id', 'user-name')
2025-11-22 14:25:07,235 - automation_framework.core.logger - INFO - Typed 'standard_user' into element: ('id', 'user-name')
2025-11-22 14:25:07,342 - automation_framework.core.logger - INFO - Typed 'secret_sauce' into element: ('id', 'password')
2025-11-22 14:25:07,342 - automation_framework.core.logger - INFO - Typed 'secret_sauce' into element: ('id', 'password')
2025-11-22 14:25:07,342 - automation_framework.core.logger - INFO - Typed 'secret_sauce' into element: ('id', 'password')
2025-11-22 14:25:07,412 - automation_framework.core.logger - INFO - Clicked on element: ('id', 'login-button')
2025-11-22 14:25:07,412 - automation_framework.core.logger - INFO - Clicked on element: ('id', 'login-button')
2025-11-22 14:25:07,412 - automation_framework.core.logger - INFO - Clicked on element: ('id', 'login-button')
2025-11-22 14:25:07,533 - automation_framework.core.logger - INFO - Got text '3' from element: ('class name', 'shopping_cart_badge')
2025-11-22 14:25:07,533 - automation_framework.core.logger - INFO - Got text '3' from element: ('class name', 'shopping_cart_badge')
2025-11-22 14:25:07,533 - automation_framework.core.logger - INFO - Got text '3' from element: ('class name', 'shopping_cart_badge')
2025-11-22 14:25:07,577 - automation_framework.core.logger - INFO - Clicked on element: ('class name', 'shopping_cart_link')
2025-11-22 14:25:07,577 - automation_framework.core.logger - INFO - Clicked on element: ('class name', 'shopping_cart_link')
2025-11-22 14:25:07,577 - automation_framework.core.logger - INFO - Clicked on element: ('class name', 'shopping_cart_link')
2025-11-22 14:25:07,609 - automation_framework.core.logger - INFO - Total price calculated: 33.97
2025-11-22 14:25:07,609 - automation_framework.core.logger - INFO - Total price calculated: 33.97
2025-11-22 14:25:07,609 - automation_framework.core.logger - INFO - Total price calculated: 33.97
2025-11-22 14:25:07,651 - automation_framework.core.logger - INFO - Clicked on element: ('id', 'checkout')
2025-11-22 14:25:07,651 - automation_framework.core.logger - INFO - Clicked on element: ('id', 'checkout')
2025-11-22 14:25:07,651 - automation_framework.core.logger - INFO - Clicked on element: ('id', 'checkout')
2025-11-22 14:25:07,666 - automation_framework.core.logger - INFO - Scrolled to element: ('id', 'first-name')
2025-11-22 14:25:07,666 - automation_framework.core.logger - INFO - Scrolled to element: ('id', 'first-name')
2025-11-22 14:25:07,666 - automation_framework.core.logger - INFO - Scrolled to element: ('id', 'first-name')
2025-11-22 14:25:07,710 - automation_framework.core.logger - INFO - Typed 'John' into element: ('id', 'first-name')
2025-11-22 14:25:07,710 - automation_framework.core.logger - INFO - Typed 'John' into element: ('id', 'first-name')
2025-11-22 14:25:07,710 - automation_framework.core.logger - INFO - Typed 'John' into element: ('id', 'first-name')
2025-11-22 14:25:07,759 - automation_framework.core.logger - INFO - Typed 'Doe' into element: ('id', 'last-name')
2025-11-22 14:25:07,759 - automation_framework.core.logger - INFO - Typed 'Doe' into element: ('id', 'last-name')
2025-11-22 14:25:07,759 - automation_framework.core.logger - INFO - Typed 'Doe' into element: ('id', 'last-name')
2025-11-22 14:25:07,812 - automation_framework.core.logger - INFO - Typed '12345' into element: ('id', 'postal-code')
2025-11-22 14:25:07,812 - automation_framework.core.logger - INFO - Typed '12345' into element: ('id', 'postal-code')
2025-11-22 14:25:07,812 - automation_framework.core.logger - INFO - Typed '12345' into element: ('id', 'postal-code')
2025-11-22 14:25:07,850 - automation_framework.core.logger - INFO - Clicked on element: ('id', 'continue')
2025-11-22 14:25:07,850 - automation_framework.core.logger - INFO - Clicked on element: ('id', 'continue')
2025-11-22 14:25:07,850 - automation_framework.core.logger - INFO - Clicked on element: ('id', 'continue')
2025-11-22 14:25:18,199 - automation_framework.core.logger - ERROR - Test failed. Screenshot saved to screenshots/failed_test_e2e_purchase_2025-11-22_14-25-18.png
2025-11-22 14:25:18,199 - automation_framework.core.logger - ERROR - Test failed. Screenshot saved to screenshots/failed_test_e2e_purchase_2025-11-22_14-25-18.png
2025-11-22 14:25:18,199 - automation_framework.core.logger - ERROR - Test failed. Screenshot saved to screenshots/failed_test_e2e_purchase_2025-11-22_14-25-18.png
